2026-06-17 00:41:30.760 [info] Extension host with pid 347 started
2026-06-17 00:41:30.773 [info] Lock '/home/vsysuser/workspace/.openvscode-server/data/User/workspaceStorage/6bfb4301/vscode.lock': Lock acquired.
2026-06-17 00:41:31.085 [info] ExtensionService#_doActivateExtension vscode.git-base, startup: true, activationEvent: '*'
2026-06-17 00:41:31.217 [info] ExtensionService#_doActivateExtension vscode.github, startup: true, activationEvent: '*'
2026-06-17 00:41:31.396 [info] Eager extensions activated
2026-06-17 00:41:31.404 [info] ExtensionService#_doActivateExtension vscode.debug-auto-launch, startup: false, activationEvent: 'onStartupFinished'
2026-06-17 00:41:31.405 [info] ExtensionService#_doActivateExtension vscode.merge-conflict, startup: false, activationEvent: 'onStartupFinished'
2026-06-17 00:41:32.983 [info] ExtensionService#_doActivateExtension vscode.git, startup: false, activationEvent: 'api', root cause: vscode.github
2026-06-17 00:41:53.926 [info] ExtensionService#_doActivateExtension Continue.continue, startup: false, activationEvent: 'onStartupFinished'
2026-06-17 00:41:53.926 [info] ExtensionService#_doActivateExtension vyomasystems.functional-coverage-viewer, startup: false, activationEvent: 'onStartupFinished'
2026-06-17 00:42:08.002 [info] ExtensionService#_doActivateExtension vscode.terminal-suggest, startup: false, activationEvent: 'onTerminalShellIntegration:*'
2026-06-17 00:42:14.777 [info] ExtensionService#_doActivateExtension vscode.emmet, startup: false, activationEvent: 'onLanguage'
2026-06-17 00:46:27.063 [info] ExtensionService#_doActivateExtension vscode.npm, startup: false, activationEvent: 'onTerminalQuickFixRequest:ms-vscode.npm-command'
2026-06-17 00:57:21.991 [error] Error: No autocomplete model configured and provided model not found in config
	at getAutocompleteContext (/home/vsysuser/workspace/.openvscode-server/extensions/continue.continue-1.3.38/out/extension.js:821508:21)
	at async processNextEditData (/home/vsysuser/workspace/.openvscode-server/extensions/continue.continue-1.3.38/out/extension.js:821625:35)
2026-06-17 00:57:43.993 [error] Error: No autocomplete model configured and provided model not found in config
	at getAutocompleteContext (/home/vsysuser/workspace/.openvscode-server/extensions/continue.continue-1.3.38/out/extension.js:821508:21)
	at async processNextEditData (/home/vsysuser/workspace/.openvscode-server/extensions/continue.continue-1.3.38/out/extension.js:821625:35)
2026-06-17 00:57:52.176 [error] Error: No autocomplete model configured and provided model not found in config
	at getAutocompleteContext (/home/vsysuser/workspace/.openvscode-server/extensions/continue.continue-1.3.38/out/extension.js:821508:21)
	at async processNextEditData (/home/vsysuser/workspace/.openvscode-server/extensions/continue.continue-1.3.38/out/extension.js:821625:35)
2026-06-17 01:13:19.180 [error] Error: No autocomplete model configured and provided model not found in config
	at getAutocompleteContext (/home/vsysuser/workspace/.openvscode-server/extensions/continue.continue-1.3.38/out/extension.js:821508:21)
	at async processNextEditData (/home/vsysuser/workspace/.openvscode-server/extensions/continue.continue-1.3.38/out/extension.js:821625:35)
2026-06-17 01:16:20.764 [error] Error: No autocomplete model configured and provided model not found in config
	at getAutocompleteContext (/home/vsysuser/workspace/.openvscode-server/extensions/continue.continue-1.3.38/out/extension.js:821508:21)
	at async processNextEditData (/home/vsysuser/workspace/.openvscode-server/extensions/continue.continue-1.3.38/out/extension.js:821625:35)
2026-06-17 01:17:00.666 [error] Error: No autocomplete model configured and provided model not found in config
	at getAutocompleteContext (/home/vsysuser/workspace/.openvscode-server/extensions/continue.continue-1.3.38/out/extension.js:821508:21)
	at async processNextEditData (/home/vsysuser/workspace/.openvscode-server/extensions/continue.continue-1.3.38/out/extension.js:821625:35)
2026-06-17 01:20:14.328 [error] Error: No autocomplete model configured and provided model not found in config
	at getAutocompleteContext (/home/vsysuser/workspace/.openvscode-server/extensions/continue.continue-1.3.38/out/extension.js:821508:21)
	at async processNextEditData (/home/vsysuser/workspace/.openvscode-server/extensions/continue.continue-1.3.38/out/extension.js:821625:35)
2026-06-17 01:20:23.390 [error] Error: No autocomplete model configured and provided model not found in config
	at getAutocompleteContext (/home/vsysuser/workspace/.openvscode-server/extensions/continue.continue-1.3.38/out/extension.js:821508:21)
	at async processNextEditData (/home/vsysuser/workspace/.openvscode-server/extensions/continue.continue-1.3.38/out/extension.js:821625:35)
2026-06-17 01:20:33.477 [error] Error: No autocomplete model configured and provided model not found in config
	at getAutocompleteContext (/home/vsysuser/workspace/.openvscode-server/extensions/continue.continue-1.3.38/out/extension.js:821508:21)
	at async processNextEditData (/home/vsysuser/workspace/.openvscode-server/extensions/continue.continue-1.3.38/out/extension.js:821625:35)
2026-06-17 01:42:17.745 [error] Error: No autocomplete model configured and provided model not found in config
	at getAutocompleteContext (/home/vsysuser/workspace/.openvscode-server/extensions/continue.continue-1.3.38/out/extension.js:821508:21)
	at async processNextEditData (/home/vsysuser/workspace/.openvscode-server/extensions/continue.continue-1.3.38/out/extension.js:821625:35)
2026-06-17 01:55:49.400 [error] Error: No autocomplete model configured and provided model not found in config
	at getAutocompleteContext (/home/vsysuser/workspace/.openvscode-server/extensions/continue.continue-1.3.38/out/extension.js:821508:21)
	at async processNextEditData (/home/vsysuser/workspace/.openvscode-server/extensions/continue.continue-1.3.38/out/extension.js:821625:35)
2026-06-17 01:55:58.399 [error] Error: No autocomplete model configured and provided model not found in config
	at getAutocompleteContext (/home/vsysuser/workspace/.openvscode-server/extensions/continue.continue-1.3.38/out/extension.js:821508:21)
	at async processNextEditData (/home/vsysuser/workspace/.openvscode-server/extensions/continue.continue-1.3.38/out/extension.js:821625:35)
2026-06-17 01:56:04.648 [error] Error: No autocomplete model configured and provided model not found in config
	at getAutocompleteContext (/home/vsysuser/workspace/.openvscode-server/extensions/continue.continue-1.3.38/out/extension.js:821508:21)
	at async processNextEditData (/home/vsysuser/workspace/.openvscode-server/extensions/continue.continue-1.3.38/out/extension.js:821625:35)
2026-06-17 01:56:26.453 [error] Error: No autocomplete model configured and provided model not found in config
	at getAutocompleteContext (/home/vsysuser/workspace/.openvscode-server/extensions/continue.continue-1.3.38/out/extension.js:821508:21)
	at async processNextEditData (/home/vsysuser/workspace/.openvscode-server/extensions/continue.continue-1.3.38/out/extension.js:821625:35)
2026-06-17 02:15:54.061 [info] Extension host terminating: received terminate message from renderer
2026-06-17 02:15:54.061 [info] Lock '/home/vsysuser/workspace/.openvscode-server/data/User/workspaceStorage/6bfb4301/vscode.lock': Marking the lockfile as scheduled to be released in 6000 ms.
2026-06-17 02:15:54.074 [info] Extension host with pid 347 exiting with code 0
