2026-06-17 02:16:10.373 [info] [main] Log level: Info
2026-06-17 02:16:10.374 [info] [main] Validating found git in: "git"
2026-06-17 02:16:10.374 [info] [main] Using git "2.43.0" from "git"
2026-06-17 02:16:10.374 [info] [Model][doInitialScan] Initial repository scan started
2026-06-17 02:16:10.374 [info] > git rev-parse --show-toplevel [4ms]
2026-06-17 02:16:10.374 [info] fatal: not a git repository (or any of the parent directories): .git
2026-06-17 02:16:10.374 [info] > git rev-parse --show-toplevel [4ms]
2026-06-17 02:16:10.374 [info] fatal: not a git repository (or any of the parent directories): .git
2026-06-17 02:16:10.374 [info] > git rev-parse --show-toplevel [2ms]
2026-06-17 02:16:10.374 [info] fatal: not a git repository (or any of the parent directories): .git
2026-06-17 02:16:10.374 [info] > git rev-parse --show-toplevel [2ms]
2026-06-17 02:16:10.374 [info] fatal: not a git repository (or any of the parent directories): .git
2026-06-17 02:16:10.374 [info] > git rev-parse --show-toplevel [3ms]
2026-06-17 02:16:10.374 [info] fatal: not a git repository (or any of the parent directories): .git
2026-06-17 02:16:10.374 [info] > git rev-parse --show-toplevel [27ms]
2026-06-17 02:16:10.374 [info] fatal: not a git repository (or any of the parent directories): .git
2026-06-17 02:16:10.374 [info] > git rev-parse --show-toplevel [3ms]
2026-06-17 02:16:10.374 [info] fatal: not a git repository (or any of the parent directories): .git
2026-06-17 02:16:10.374 [info] > git rev-parse --show-toplevel [2ms]
2026-06-17 02:16:10.374 [info] fatal: not a git repository (or any of the parent directories): .git
2026-06-17 02:16:10.374 [info] > git rev-parse --show-toplevel [3ms]
2026-06-17 02:16:10.374 [info] fatal: not a git repository (or any of the parent directories): .git
2026-06-17 02:16:10.374 [info] > git rev-parse --show-toplevel [2ms]
2026-06-17 02:16:10.374 [info] fatal: not a git repository (or any of the parent directories): .git
2026-06-17 02:16:10.374 [info] [Model][doInitialScan] Initial repository scan completed - repositories (0), closed repositories (0), parent repositories (0), unsafe repositories (0)
2026-06-17 02:16:10.374 [info] > git rev-parse --show-toplevel [4ms]
2026-06-17 02:16:10.374 [info] fatal: not a git repository (or any of the parent directories): .git
2026-06-17 02:16:12.327 [info] > git rev-parse --show-toplevel [3ms]
2026-06-17 02:16:12.327 [info] fatal: not a git repository (or any of the parent directories): .git
2026-06-17 02:16:12.899 [info] > git rev-parse --show-toplevel [10ms]
2026-06-17 02:16:12.899 [info] fatal: not a git repository (or any of the parent directories): .git
2026-06-17 02:16:23.565 [info] > git rev-parse --show-toplevel [9ms]
2026-06-17 02:16:23.565 [info] fatal: not a git repository (or any of the parent directories): .git
2026-06-17 02:16:33.264 [info] > git rev-parse --show-toplevel [2ms]
2026-06-17 02:16:33.264 [info] fatal: not a git repository (or any of the parent directories): .git
2026-06-17 02:16:33.970 [info] > git rev-parse --show-toplevel [2ms]
2026-06-17 02:16:33.970 [info] fatal: not a git repository (or any of the parent directories): .git
2026-06-17 02:16:37.330 [info] > git rev-parse --show-toplevel [2ms]
2026-06-17 02:16:37.330 [info] fatal: not a git repository (or any of the parent directories): .git
2026-06-17 02:18:44.210 [info] > git rev-parse --show-toplevel [3ms]
2026-06-17 02:18:44.225 [info] > git rev-parse --git-dir --git-common-dir --show-superproject-working-tree [7ms]
2026-06-17 02:18:44.239 [info] [Model][openRepository] Opened repository (path): /home/vsysuser/workspace/assignment1-adzmir32
2026-06-17 02:18:44.239 [info] [Model][openRepository] Opened repository (real path): /home/vsysuser/workspace/assignment1-adzmir32
2026-06-17 02:18:44.239 [info] [Model][openRepository] Opened repository (kind): repository
2026-06-17 02:18:44.262 [info] > git config --get commit.template [11ms]
2026-06-17 02:18:44.265 [info] > git for-each-ref --format=%(refname)%00%(upstream:short)%00%(objectname)%00%(upstream:track)%00%(upstream:remotename)%00%(upstream:remoteref) refs/heads/master refs/remotes/master [5ms]
2026-06-17 02:18:44.266 [warning] [Git][getBranch] No such branch: master
2026-06-17 02:18:44.283 [info] > git status -z -uall [10ms]
2026-06-17 02:18:44.285 [info] > git for-each-ref --sort -committerdate --format %(refname)%00%(objectname)%00%(*objectname) [2ms]
2026-06-17 02:18:44.308 [info] > git for-each-ref --format=%(refname)%00%(upstream:short)%00%(objectname)%00%(upstream:track)%00%(upstream:remotename)%00%(upstream:remoteref) refs/heads/master refs/remotes/master [12ms]
2026-06-17 02:18:44.308 [warning] [Git][getBranch] No such branch: master
2026-06-17 02:18:44.309 [error] [GitHistoryProvider][resolveHEADMergeBase] Failed to resolve merge base for master: Error: No such branch: master.
2026-06-17 02:18:44.314 [info] > git config --get commit.template [7ms]
2026-06-17 02:18:44.325 [info] > git for-each-ref --format=%(refname)%00%(upstream:short)%00%(objectname)%00%(upstream:track)%00%(upstream:remotename)%00%(upstream:remoteref) refs/heads/master refs/remotes/master [3ms]
2026-06-17 02:18:44.325 [warning] [Git][getBranch] No such branch: master
2026-06-17 02:18:44.342 [info] > git status -z -uall [10ms]
2026-06-17 02:18:44.343 [info] > git for-each-ref --sort -committerdate --format %(refname)%00%(objectname)%00%(*objectname) [3ms]
2026-06-17 02:18:45.298 [info] > git check-ignore -v -z --stdin [2ms]
