2026-06-17 02:26:34.188 [info] [main] Log level: Info
2026-06-17 02:26:34.188 [info] [main] Validating found git in: "git"
2026-06-17 02:26:34.188 [info] [main] Using git "2.43.0" from "git"
2026-06-17 02:26:34.188 [info] [Model][doInitialScan] Initial repository scan started
2026-06-17 02:26:34.188 [info] > git rev-parse --show-toplevel [5ms]
2026-06-17 02:26:34.188 [info] fatal: not a git repository (or any of the parent directories): .git
2026-06-17 02:26:34.188 [info] > git rev-parse --show-toplevel [4ms]
2026-06-17 02:26:34.188 [info] fatal: not a git repository (or any of the parent directories): .git
2026-06-17 02:26:34.188 [info] > git rev-parse --show-toplevel [6ms]
2026-06-17 02:26:34.188 [info] fatal: not a git repository (or any of the parent directories): .git
2026-06-17 02:26:34.188 [info] > git rev-parse --show-toplevel [11ms]
2026-06-17 02:26:34.188 [info] fatal: not a git repository (or any of the parent directories): .git
2026-06-17 02:26:34.188 [info] > git rev-parse --show-toplevel [188ms]
2026-06-17 02:26:34.188 [info] fatal: not a git repository (or any of the parent directories): .git
2026-06-17 02:26:34.188 [info] > git rev-parse --show-toplevel [4ms]
2026-06-17 02:26:34.188 [info] fatal: not a git repository (or any of the parent directories): .git
2026-06-17 02:26:34.188 [info] > git rev-parse --show-toplevel [13ms]
2026-06-17 02:26:34.188 [info] fatal: not a git repository (or any of the parent directories): .git
2026-06-17 02:26:34.188 [info] > git rev-parse --show-toplevel [5ms]
2026-06-17 02:26:34.188 [info] fatal: not a git repository (or any of the parent directories): .git
2026-06-17 02:26:34.188 [info] > git rev-parse --show-toplevel [3ms]
2026-06-17 02:26:34.188 [info] fatal: not a git repository (or any of the parent directories): .git
2026-06-17 02:26:34.188 [info] [Model][doInitialScan] Initial repository scan completed - repositories (0), closed repositories (0), parent repositories (0), unsafe repositories (0)
2026-06-17 02:26:37.645 [info] > git rev-parse --show-toplevel [1ms]
2026-06-17 02:26:37.645 [info] fatal: not a git repository (or any of the parent directories): .git
2026-06-17 02:28:00.418 [info] > git rev-parse --show-toplevel [7ms]
2026-06-17 02:28:00.418 [info] fatal: not a git repository (or any of the parent directories): .git
2026-06-17 02:28:03.353 [info] > git rev-parse --show-toplevel [3ms]
2026-06-17 02:28:03.353 [info] fatal: not a git repository (or any of the parent directories): .git
2026-06-17 02:28:03.948 [info] > git rev-parse --show-toplevel [2ms]
2026-06-17 02:28:03.948 [info] fatal: not a git repository (or any of the parent directories): .git
2026-06-17 02:29:33.593 [info] > git rev-parse --show-toplevel [2ms]
2026-06-17 02:29:33.594 [info] fatal: not a git repository (or any of the parent directories): .git
2026-06-17 02:38:12.930 [info] > git rev-parse --show-toplevel [2ms]
2026-06-17 02:38:12.930 [info] fatal: not a git repository (or any of the parent directories): .git
2026-06-17 02:38:31.906 [info] > git rev-parse --show-toplevel [2ms]
2026-06-17 02:38:31.906 [info] fatal: not a git repository (or any of the parent directories): .git
2026-06-17 02:38:34.858 [info] > git rev-parse --show-toplevel [3ms]
2026-06-17 02:38:34.858 [info] fatal: not a git repository (or any of the parent directories): .git
2026-06-17 02:47:03.029 [info] > git rev-parse --show-toplevel [2ms]
2026-06-17 02:47:03.029 [info] fatal: not a git repository (or any of the parent directories): .git
2026-06-17 03:05:45.125 [info] > git rev-parse --show-toplevel [2ms]
2026-06-17 03:05:45.125 [info] fatal: not a git repository (or any of the parent directories): .git
2026-06-17 04:32:41.000 [info] > git rev-parse --show-toplevel [2ms]
2026-06-17 04:32:41.016 [info] > git rev-parse --git-dir --git-common-dir --show-superproject-working-tree [5ms]
2026-06-17 04:32:41.050 [info] [Model][openRepository] Opened repository (path): /home/vsysuser/workspace/assignment1-adzmir32
2026-06-17 04:32:41.050 [info] [Model][openRepository] Opened repository (real path): /home/vsysuser/workspace/assignment1-adzmir32
2026-06-17 04:32:41.050 [info] [Model][openRepository] Opened repository (kind): repository
2026-06-17 04:32:41.092 [info] > git config --get commit.template [22ms]
2026-06-17 04:32:41.092 [info] > git for-each-ref --format=%(refname)%00%(upstream:short)%00%(objectname)%00%(upstream:track)%00%(upstream:remotename)%00%(upstream:remoteref) refs/heads/master refs/remotes/master [7ms]
2026-06-17 04:32:41.093 [warning] [Git][getBranch] No such branch: master
2026-06-17 04:32:41.122 [info] > git status -z -uall [13ms]
2026-06-17 04:32:41.123 [info] > git for-each-ref --sort -committerdate --format %(refname)%00%(objectname)%00%(*objectname) [2ms]
2026-06-17 04:32:41.161 [info] > git for-each-ref --format=%(refname)%00%(upstream:short)%00%(objectname)%00%(upstream:track)%00%(upstream:remotename)%00%(upstream:remoteref) refs/heads/master refs/remotes/master [16ms]
2026-06-17 04:32:41.161 [warning] [Git][getBranch] No such branch: master
2026-06-17 04:32:41.162 [error] [GitHistoryProvider][resolveHEADMergeBase] Failed to resolve merge base for master: Error: No such branch: master.
2026-06-17 04:32:41.165 [info] > git config --get commit.template [4ms]
2026-06-17 04:32:41.187 [info] > git for-each-ref --format=%(refname)%00%(upstream:short)%00%(objectname)%00%(upstream:track)%00%(upstream:remotename)%00%(upstream:remoteref) refs/heads/master refs/remotes/master [7ms]
2026-06-17 04:32:41.187 [warning] [Git][getBranch] No such branch: master
2026-06-17 04:32:41.212 [info] > git status -z -uall [14ms]
2026-06-17 04:32:41.213 [info] > git for-each-ref --sort -committerdate --format %(refname)%00%(objectname)%00%(*objectname) [4ms]
2026-06-17 04:32:42.131 [info] > git check-ignore -v -z --stdin [5ms]
2026-06-17 04:33:34.912 [info] > git config --get commit.template [4ms]
2026-06-17 04:33:34.927 [info] > git for-each-ref --format=%(refname)%00%(upstream:short)%00%(objectname)%00%(upstream:track)%00%(upstream:remotename)%00%(upstream:remoteref) refs/heads/main refs/remotes/main [4ms]
2026-06-17 04:33:34.941 [warning] [Git][revParse] Unable to read file: ENOENT: no such file or directory, open '/home/vsysuser/workspace/assignment1-adzmir32/.git/refs/remotes/origin/main'
2026-06-17 04:33:34.942 [info] > git rev-parse refs/remotes/origin/main [2ms]
2026-06-17 04:33:34.967 [info] > git status -z -uall [14ms]
2026-06-17 04:33:34.969 [info] > git for-each-ref --sort -committerdate --format %(refname)%00%(objectname)%00%(*objectname) [3ms]
2026-06-17 04:33:35.003 [info] > git for-each-ref --format=%(refname)%00%(upstream:short)%00%(objectname)%00%(upstream:track)%00%(upstream:remotename)%00%(upstream:remoteref) refs/heads/main refs/remotes/main [4ms]
2026-06-17 04:33:35.017 [info] > git config --get --local branch.main.vscode-merge-base [3ms]
2026-06-17 04:33:35.017 [warning] [Git][config] git config failed: Failed to execute git
2026-06-17 04:33:35.035 [info] > git reflog main --grep-reflog=branch: Created from *. [6ms]
2026-06-17 04:33:35.048 [info] > git symbolic-ref --short refs/remotes/origin/HEAD [1ms]
2026-06-17 04:33:35.057 [info] > git for-each-ref --format=%(refname)%00%(upstream:short)%00%(objectname)%00%(upstream:track)%00%(upstream:remotename)%00%(upstream:remoteref) refs/heads/origin/main refs/remotes/origin/main [2ms]
2026-06-17 04:33:35.069 [info] > git config --add --local branch.main.vscode-merge-base origin/main [2ms]
2026-06-17 04:33:35.089 [info] > git config --get commit.template [11ms]
2026-06-17 04:33:35.090 [info] > git for-each-ref --format=%(refname)%00%(upstream:short)%00%(objectname)%00%(upstream:track)%00%(upstream:remotename)%00%(upstream:remoteref) refs/heads/main refs/remotes/main [2ms]
2026-06-17 04:33:35.100 [warning] [Git][revParse] Unable to read file: ENOENT: no such file or directory, open '/home/vsysuser/workspace/assignment1-adzmir32/.git/refs/remotes/origin/main'
2026-06-17 04:33:35.103 [info] > git rev-parse refs/remotes/origin/main [3ms]
2026-06-17 04:33:35.125 [info] > git status -z -uall [13ms]
2026-06-17 04:33:35.126 [info] > git for-each-ref --sort -committerdate --format %(refname)%00%(objectname)%00%(*objectname) [4ms]
2026-06-17 04:33:35.152 [info] > git merge-base refs/heads/main refs/remotes/origin/main [12ms]
2026-06-17 04:33:35.163 [info] > git merge-base refs/heads/main refs/remotes/origin/main [12ms]
2026-06-17 04:33:35.173 [info] > git diff --name-status -z --diff-filter=ADMR 16b03fdb6e5cebe9e496e25b0afbdeb433488c38...refs/remotes/origin/main [11ms]
2026-06-17 04:33:35.174 [info] > git diff --name-status -z --diff-filter=ADMR 16b03fdb6e5cebe9e496e25b0afbdeb433488c38...refs/remotes/origin/main [2ms]
2026-06-17 04:33:42.120 [info] > git config --get commit.template [13ms]
2026-06-17 04:33:42.125 [info] > git for-each-ref --format=%(refname)%00%(upstream:short)%00%(objectname)%00%(upstream:track)%00%(upstream:remotename)%00%(upstream:remoteref) refs/heads/main refs/remotes/main [6ms]
2026-06-17 04:33:42.145 [warning] [Git][revParse] Unable to read file: ENOENT: no such file or directory, open '/home/vsysuser/workspace/assignment1-adzmir32/.git/refs/remotes/origin/main'
2026-06-17 04:33:42.147 [info] > git rev-parse refs/remotes/origin/main [2ms]
2026-06-17 04:33:42.177 [info] > git status -z -uall [17ms]
2026-06-17 04:33:42.180 [info] > git for-each-ref --sort -committerdate --format %(refname)%00%(objectname)%00%(*objectname) [4ms]
2026-06-17 04:34:02.404 [info] > git check-ignore -v -z --stdin [2ms]
2026-06-17 04:34:18.443 [info] > git check-ignore -v -z --stdin [3ms]
2026-06-17 04:34:19.921 [info] > git check-ignore -v -z --stdin [3ms]
2026-06-17 04:34:20.983 [info] > git check-ignore -v -z --stdin [2ms]
2026-06-17 04:34:22.937 [info] > git show --textconv :modules/01-linux-essentials/exercises.md [25ms]
2026-06-17 04:34:22.949 [info] > git ls-files --stage -- modules/01-linux-essentials/exercises.md [13ms]
2026-06-17 04:34:22.984 [info] > git cat-file -s 3ef3535a1a31485a67392f79150b744dd6ce35fd [12ms]
2026-06-17 04:34:23.517 [info] > git show --textconv :modules/01-linux-essentials/screenshots/.gitkeep [14ms]
2026-06-17 04:34:23.518 [info] > git ls-files --stage -- modules/01-linux-essentials/screenshots/.gitkeep [1ms]
2026-06-17 04:34:23.528 [info] > git cat-file -s e69de29bb2d1d6434b8b29ae775ad8c2e48c5391 [2ms]
2026-06-17 04:34:26.007 [info] > git check-ignore -v -z --stdin [3ms]
2026-06-17 04:34:28.031 [info] > git check-ignore -v -z --stdin [2ms]
2026-06-17 04:34:31.829 [info] > git show --textconv :modules/01-linux-essentials/exercises.md [11ms]
2026-06-17 04:34:31.832 [info] > git ls-files --stage -- modules/01-linux-essentials/exercises.md [4ms]
2026-06-17 04:34:31.845 [info] > git cat-file -s 3ef3535a1a31485a67392f79150b744dd6ce35fd [2ms]
2026-06-17 04:45:08.408 [info] > git blame --root --incremental 16b03fdb6e5cebe9e496e25b0afbdeb433488c38 -- modules/01-linux-essentials/exercises.md [6ms]
2026-06-17 04:45:12.164 [info] > git show --textconv :modules/02-git-version-control/exercises.md [17ms]
2026-06-17 04:45:12.172 [info] > git ls-files --stage -- modules/02-git-version-control/exercises.md [7ms]
2026-06-17 04:45:12.197 [info] > git cat-file -s 244dc5874d70f22bebc5489eadf54b2e0e4194d4 [9ms]
2026-06-17 04:45:17.758 [info] > git show --textconv :modules/01-linux-essentials/SUBMISSION.md [16ms]
2026-06-17 04:45:17.760 [info] > git ls-files --stage -- modules/01-linux-essentials/SUBMISSION.md [5ms]
2026-06-17 04:45:17.775 [info] > git cat-file -s 8fccccfd10186db1cb6141f3f0242c27cf7e6bf7 [4ms]
2026-06-17 04:49:02.106 [info] > git rev-parse --show-toplevel [2ms]
2026-06-17 04:49:02.106 [info] fatal: not a git repository (or any of the parent directories): .git
2026-06-17 04:53:26.838 [info] > git show --textconv :modules/02-git-version-control/SUBMISSION.md [10ms]
2026-06-17 04:53:26.840 [info] > git ls-files --stage -- modules/02-git-version-control/SUBMISSION.md [3ms]
2026-06-17 04:53:26.851 [info] > git cat-file -s e541be4f670b13ba39d045393b2bd41dc9c7a835 [2ms]
2026-06-17 05:00:04.304 [info] > git rev-parse --show-toplevel [1ms]
2026-06-17 05:00:04.304 [info] fatal: not a git repository (or any of the parent directories): .git
2026-06-17 05:11:55.821 [info] > git config --get commit.template [2ms]
2026-06-17 05:11:55.842 [info] > git for-each-ref --format=%(refname)%00%(upstream:short)%00%(objectname)%00%(upstream:track)%00%(upstream:remotename)%00%(upstream:remoteref) refs/heads/main refs/remotes/main [3ms]
2026-06-17 05:11:55.862 [warning] [Git][revParse] Unable to read file: ENOENT: no such file or directory, open '/home/vsysuser/workspace/assignment1-adzmir32/.git/refs/remotes/origin/main'
2026-06-17 05:11:55.867 [info] > git rev-parse refs/remotes/origin/main [6ms]
2026-06-17 05:11:55.897 [info] > git status -z -uall [17ms]
2026-06-17 05:11:55.900 [info] > git for-each-ref --sort -committerdate --format %(refname)%00%(objectname)%00%(*objectname) [4ms]
2026-06-17 05:13:47.998 [info] > git check-ignore -v -z --stdin [2ms]
2026-06-17 05:13:52.920 [info] > git show --textconv :modules/02-git-version-control/SUBMISSION.md [11ms]
2026-06-17 05:13:52.921 [info] > git ls-files --stage -- modules/02-git-version-control/SUBMISSION.md [2ms]
2026-06-17 05:13:52.932 [info] > git cat-file -s e541be4f670b13ba39d045393b2bd41dc9c7a835 [3ms]
2026-06-17 05:17:33.982 [info] > git rev-parse --show-toplevel [3ms]
2026-06-17 05:17:33.982 [info] fatal: not a git repository (or any of the parent directories): .git
2026-06-17 05:18:09.697 [info] > git rev-parse --show-toplevel [2ms]
2026-06-17 05:18:09.697 [info] fatal: not a git repository (or any of the parent directories): .git
2026-06-17 05:18:11.125 [info] > git show --textconv :modules/01-linux-essentials/.SUBMISSION.md.swp [18ms]
2026-06-17 05:18:11.139 [info] > git ls-files --stage -- modules/01-linux-essentials/.SUBMISSION.md.swp [16ms]
2026-06-17 05:18:11.153 [info] > git hash-object -t tree /dev/null [14ms]
2026-06-17 05:18:11.154 [warning] [GitFileSystemProvider][readFile] File not found - git:/home/vsysuser/workspace/assignment1-adzmir32/modules/01-linux-essentials/.SUBMISSION.md.swp.git?%7B%22path%22%3A%22%2Fhome%2Fvsysuser%2Fworkspace%2Fassignment1-adzmir32%2Fmodules%2F01-linux-essentials%2F.SUBMISSION.md.swp%22%2C%22ref%22%3A%22%22%7D
2026-06-17 05:18:11.162 [info] > git hash-object -t tree /dev/null [10ms]
2026-06-17 05:18:11.163 [warning] [GitFileSystemProvider][stat] File not found - git:/home/vsysuser/workspace/assignment1-adzmir32/modules/01-linux-essentials/.SUBMISSION.md.swp.git?%7B%22path%22%3A%22%2Fhome%2Fvsysuser%2Fworkspace%2Fassignment1-adzmir32%2Fmodules%2F01-linux-essentials%2F.SUBMISSION.md.swp%22%2C%22ref%22%3A%22%22%7D
2026-06-17 05:18:13.047 [info] > git rev-parse --show-toplevel [3ms]
2026-06-17 05:18:13.048 [info] fatal: not a git repository (or any of the parent directories): .git
2026-06-17 05:19:49.880 [info] > git show --textconv :modules/01-linux-essentials/SUBMISSION.md [14ms]
2026-06-17 05:19:49.881 [info] > git ls-files --stage -- modules/01-linux-essentials/SUBMISSION.md [2ms]
2026-06-17 05:19:49.892 [info] > git cat-file -s 8fccccfd10186db1cb6141f3f0242c27cf7e6bf7 [2ms]
2026-06-17 05:20:20.504 [info] > git blame --root --incremental 16b03fdb6e5cebe9e496e25b0afbdeb433488c38 -- modules/01-linux-essentials/SUBMISSION.md [3ms]
2026-06-17 05:22:49.964 [info] > git config --get commit.template [14ms]
2026-06-17 05:22:49.966 [info] > git for-each-ref --format=%(refname)%00%(upstream:short)%00%(objectname)%00%(upstream:track)%00%(upstream:remotename)%00%(upstream:remoteref) refs/heads/main refs/remotes/main [3ms]
2026-06-17 05:22:49.983 [warning] [Git][revParse] Unable to read file: ENOENT: no such file or directory, open '/home/vsysuser/workspace/assignment1-adzmir32/.git/refs/remotes/origin/main'
2026-06-17 05:22:49.987 [info] > git rev-parse refs/remotes/origin/main [3ms]
2026-06-17 05:22:50.014 [info] > git status -z -uall [15ms]
2026-06-17 05:22:50.016 [info] > git for-each-ref --sort -committerdate --format %(refname)%00%(objectname)%00%(*objectname) [6ms]
2026-06-17 05:22:50.699 [info] > git show --textconv HEAD:modules/01-linux-essentials/SUBMISSION.md [10ms]
2026-06-17 05:22:50.700 [info] > git ls-tree -l HEAD -- modules/01-linux-essentials/SUBMISSION.md [2ms]
2026-06-17 05:22:50.794 [info] > git config --get commit.template [3ms]
2026-06-17 05:22:50.812 [info] > git for-each-ref --format=%(refname)%00%(upstream:short)%00%(objectname)%00%(upstream:track)%00%(upstream:remotename)%00%(upstream:remoteref) refs/heads/main refs/remotes/main [4ms]
2026-06-17 05:22:50.822 [warning] [Git][revParse] Unable to read file: ENOENT: no such file or directory, open '/home/vsysuser/workspace/assignment1-adzmir32/.git/refs/remotes/origin/main'
2026-06-17 05:22:50.825 [info] > git rev-parse refs/remotes/origin/main [3ms]
2026-06-17 05:22:50.853 [info] > git status -z -uall [18ms]
2026-06-17 05:22:50.855 [info] > git for-each-ref --sort -committerdate --format %(refname)%00%(objectname)%00%(*objectname) [3ms]
2026-06-17 05:22:51.023 [info] > git ls-tree -l HEAD -- modules/01-linux-essentials/SUBMISSION.md [5ms]
2026-06-17 05:22:51.024 [info] > git ls-files --stage -- modules/01-linux-essentials/SUBMISSION.md [17ms]
2026-06-17 05:22:51.036 [info] > git cat-file -s f7bcde4a2fef41979d9795dd751e19aa6b26a084 [2ms]
2026-06-17 05:22:51.203 [info] > git show --textconv HEAD:modules/01-linux-essentials/SUBMISSION.md [13ms]
2026-06-17 05:22:51.207 [info] > git show --textconv :modules/01-linux-essentials/SUBMISSION.md [5ms]
2026-06-17 05:22:56.666 [info] > git log --format=%H%n%aN%n%aE%n%at%n%ct%n%P%n%D%n%B -z --shortstat --diff-merges=first-parent -n50 --skip=0 --topo-order --decorate=full --stdin [49ms]
2026-06-17 05:22:56.677 [info] > git rev-parse --show-toplevel [12ms]
2026-06-17 05:22:56.677 [info] fatal: not a git repository (or any of the parent directories): .git
2026-06-17 05:23:13.655 [info] > git config --get commit.template [17ms]
2026-06-17 05:23:13.661 [info] > git for-each-ref --format=%(refname)%00%(upstream:short)%00%(objectname)%00%(upstream:track)%00%(upstream:remotename)%00%(upstream:remoteref) refs/heads/main refs/remotes/main [7ms]
2026-06-17 05:23:13.676 [warning] [Git][revParse] Unable to read file: ENOENT: no such file or directory, open '/home/vsysuser/workspace/assignment1-adzmir32/.git/refs/remotes/origin/main'
2026-06-17 05:23:13.680 [info] > git rev-parse refs/remotes/origin/main [4ms]
2026-06-17 05:23:13.706 [info] > git status -z -uall [14ms]
2026-06-17 05:23:13.709 [info] > git for-each-ref --sort -committerdate --format %(refname)%00%(objectname)%00%(*objectname) [5ms]
2026-06-17 05:23:13.914 [info] > git ls-files --stage -- modules/01-linux-essentials/SUBMISSION.md [20ms]
2026-06-17 05:23:13.928 [info] > git ls-tree -l HEAD -- modules/01-linux-essentials/SUBMISSION.md [15ms]
2026-06-17 05:23:13.933 [info] > git cat-file -s f7bcde4a2fef41979d9795dd751e19aa6b26a084 [6ms]
2026-06-17 05:23:14.098 [info] > git show --textconv HEAD:modules/01-linux-essentials/SUBMISSION.md [35ms]
2026-06-17 05:23:14.099 [info] > git show --textconv :modules/01-linux-essentials/SUBMISSION.md [13ms]
2026-06-17 05:23:41.253 [info] > git log --format=%H%n%aN%n%aE%n%at%n%ct%n%P%n%D%n%B -z --shortstat --diff-merges=first-parent -n50 --skip=0 --topo-order --decorate=full --stdin [32ms]
2026-06-17 05:23:43.629 [info] > git diff-tree -r --name-status -z --diff-filter=ADMR --find-renames=50% 51098d3173c9e9c6c1ee3472027fddee2af52c4a 16b03fdb6e5cebe9e496e25b0afbdeb433488c38 [3ms]
2026-06-17 05:23:44.264 [info] > git check-ignore -v -z --stdin [2ms]
2026-06-17 05:23:52.219 [info] > git log --format=%H%n%aN%n%aE%n%at%n%ct%n%P%n%D%n%B -z --shortstat --diff-merges=first-parent -n50 --skip=0 --topo-order --decorate=full --stdin [4ms]
2026-06-17 05:23:53.033 [info] > git for-each-ref --sort -committerdate --format %(refname)%00%(objectname)%00%(*objectname) refs/heads [2ms]
2026-06-17 05:23:53.049 [info] > git for-each-ref --sort -committerdate --format %(refname)%00%(objectname)%00%(*objectname) refs/heads/excess-salmon [2ms]
2026-06-17 05:23:54.305 [info] > git for-each-ref --sort -committerdate --format %(refname)%00%(objectname)%00%(*objectname) refs/heads [2ms]
2026-06-17 05:23:54.319 [info] > git for-each-ref --sort -committerdate --format %(refname)%00%(objectname)%00%(*objectname) refs/heads/outdoor-quokka [2ms]
2026-06-17 05:24:29.353 [info] > git for-each-ref --format=%(refname)%00%(upstream:short)%00%(objectname)%00%(upstream:track)%00%(upstream:remotename)%00%(upstream:remoteref) refs/heads/main refs/remotes/main [4ms]
2026-06-17 05:24:29.354 [info] > git config --get commit.template [29ms]
2026-06-17 05:24:29.366 [warning] [Git][revParse] Unable to read file: ENOENT: no such file or directory, open '/home/vsysuser/workspace/assignment1-adzmir32/.git/refs/remotes/origin/main'
2026-06-17 05:24:29.370 [info] > git rev-parse refs/remotes/origin/main [4ms]
2026-06-17 05:24:29.404 [info] > git status -z -uall [13ms]
2026-06-17 05:24:29.406 [info] > git for-each-ref --sort -committerdate --format %(refname)%00%(objectname)%00%(*objectname) [3ms]
2026-06-17 05:24:29.558 [info] > git ls-files --stage -- modules/01-linux-essentials/SUBMISSION.md [15ms]
2026-06-17 05:24:29.584 [info] > git ls-tree -l HEAD -- modules/01-linux-essentials/SUBMISSION.md [27ms]
2026-06-17 05:24:29.587 [info] > git cat-file -s f7bcde4a2fef41979d9795dd751e19aa6b26a084 [4ms]
2026-06-17 05:24:29.786 [info] > git show --textconv HEAD:modules/01-linux-essentials/SUBMISSION.md [18ms]
2026-06-17 05:24:29.792 [info] > git show --textconv :modules/01-linux-essentials/SUBMISSION.md [7ms]
2026-06-17 05:24:31.615 [info] > git ls-tree -l HEAD -- modules/01-linux-essentials/SUBMISSION.md [5ms]
2026-06-17 05:24:31.616 [info] > git ls-files --stage -- modules/01-linux-essentials/SUBMISSION.md [39ms]
2026-06-17 05:24:31.639 [info] > git cat-file -s f7bcde4a2fef41979d9795dd751e19aa6b26a084 [3ms]
2026-06-17 05:24:31.829 [info] > git show --textconv HEAD:modules/01-linux-essentials/SUBMISSION.md [15ms]
2026-06-17 05:24:31.832 [info] > git show --textconv :modules/01-linux-essentials/SUBMISSION.md [4ms]
2026-06-17 05:24:34.438 [info] > git config --get commit.template [15ms]
2026-06-17 05:24:34.443 [info] > git for-each-ref --format=%(refname)%00%(upstream:short)%00%(objectname)%00%(upstream:track)%00%(upstream:remotename)%00%(upstream:remoteref) refs/heads/main refs/remotes/main [5ms]
2026-06-17 05:24:34.491 [info] > git status -z -uall [22ms]
2026-06-17 05:24:34.493 [info] > git for-each-ref --sort -committerdate --format %(refname)%00%(objectname)%00%(*objectname) [3ms]
2026-06-17 05:24:34.518 [info] > git merge-base refs/heads/main refs/remotes/origin/main [9ms]
2026-06-17 05:24:34.538 [info] > git diff --name-status -z --diff-filter=ADMR 16b03fdb6e5cebe9e496e25b0afbdeb433488c38...refs/remotes/origin/main [5ms]
2026-06-17 05:24:34.680 [info] > git log --format=%H%n%aN%n%aE%n%at%n%ct%n%P%n%D%n%B -z --shortstat --diff-merges=first-parent -n50 --skip=0 --topo-order --decorate=full --stdin [14ms]
2026-06-17 05:24:36.272 [info] > git ls-files --stage -- modules/01-linux-essentials/SUBMISSION.md [26ms]
2026-06-17 05:24:36.297 [info] > git ls-tree -l HEAD -- modules/01-linux-essentials/SUBMISSION.md [25ms]
2026-06-17 05:24:36.299 [info] > git cat-file -s f7bcde4a2fef41979d9795dd751e19aa6b26a084 [3ms]
2026-06-17 05:24:36.459 [info] > git show --textconv HEAD:modules/01-linux-essentials/SUBMISSION.md [28ms]
2026-06-17 05:24:36.462 [info] > git show --textconv :modules/01-linux-essentials/SUBMISSION.md [4ms]
2026-06-17 05:24:39.541 [info] > git config --get commit.template [13ms]
2026-06-17 05:24:39.547 [info] > git for-each-ref --format=%(refname)%00%(upstream:short)%00%(objectname)%00%(upstream:track)%00%(upstream:remotename)%00%(upstream:remoteref) refs/heads/main refs/remotes/main [8ms]
2026-06-17 05:24:39.576 [info] > git status -z -uall [16ms]
2026-06-17 05:24:39.580 [info] > git for-each-ref --sort -committerdate --format %(refname)%00%(objectname)%00%(*objectname) [5ms]
2026-06-17 05:25:16.368 [info] > git config --get commit.template [43ms]
2026-06-17 05:25:16.371 [info] > git for-each-ref --format=%(refname)%00%(upstream:short)%00%(objectname)%00%(upstream:track)%00%(upstream:remotename)%00%(upstream:remoteref) refs/heads/main refs/remotes/main [4ms]
2026-06-17 05:25:16.459 [info] > git status -z -uall [46ms]
2026-06-17 05:25:16.467 [info] > git for-each-ref --sort -committerdate --format %(refname)%00%(objectname)%00%(*objectname) [12ms]
2026-06-17 05:25:17.081 [info] > git config --get commit.template [9ms]
2026-06-17 05:25:17.095 [info] > git for-each-ref --format=%(refname)%00%(upstream:short)%00%(objectname)%00%(upstream:track)%00%(upstream:remotename)%00%(upstream:remoteref) refs/heads/main refs/remotes/main [3ms]
2026-06-17 05:25:17.126 [info] > git status -z -uall [13ms]
2026-06-17 05:25:17.127 [info] > git for-each-ref --sort -committerdate --format %(refname)%00%(objectname)%00%(*objectname) [2ms]
2026-06-17 05:25:17.268 [info] > git ls-files --stage -- modules/01-linux-essentials/SUBMISSION.md [1ms]
2026-06-17 05:25:17.284 [info] > git cat-file -s 8fccccfd10186db1cb6141f3f0242c27cf7e6bf7 [2ms]
2026-06-17 05:25:17.421 [info] > git show --textconv :modules/01-linux-essentials/SUBMISSION.md [3ms]
2026-06-17 05:25:29.778 [info] > git config --get commit.template [14ms]
2026-06-17 05:25:29.784 [info] > git for-each-ref --format=%(refname)%00%(upstream:short)%00%(objectname)%00%(upstream:track)%00%(upstream:remotename)%00%(upstream:remoteref) refs/heads/main refs/remotes/main [7ms]
2026-06-17 05:25:29.821 [info] > git status -z -uall [24ms]
2026-06-17 05:25:29.824 [info] > git for-each-ref --sort -committerdate --format %(refname)%00%(objectname)%00%(*objectname) [4ms]
2026-06-17 05:25:29.989 [info] > git ls-files --stage -- modules/01-linux-essentials/SUBMISSION.md [4ms]
2026-06-17 05:25:30.009 [info] > git cat-file -s 8fccccfd10186db1cb6141f3f0242c27cf7e6bf7 [5ms]
2026-06-17 05:25:30.139 [info] > git show --textconv :modules/01-linux-essentials/SUBMISSION.md [5ms]
2026-06-17 05:25:30.504 [info] > git config --get commit.template [9ms]
2026-06-17 05:25:30.520 [info] > git for-each-ref --format=%(refname)%00%(upstream:short)%00%(objectname)%00%(upstream:track)%00%(upstream:remotename)%00%(upstream:remoteref) refs/heads/main refs/remotes/main [4ms]
2026-06-17 05:25:30.551 [info] > git status -z -uall [15ms]
2026-06-17 05:25:30.554 [info] > git for-each-ref --sort -committerdate --format %(refname)%00%(objectname)%00%(*objectname) [5ms]
2026-06-17 05:25:30.602 [info] > git blame --root --incremental d835c815db105974aaab7398e9259f00eb34a750 -- modules/01-linux-essentials/SUBMISSION.md [26ms]
2026-06-17 05:25:30.606 [info] > git merge-base refs/heads/main refs/remotes/origin/main [10ms]
2026-06-17 05:25:30.626 [info] > git diff --name-status -z --diff-filter=ADMR d835c815db105974aaab7398e9259f00eb34a750...refs/remotes/origin/main [5ms]
2026-06-17 05:25:30.789 [info] > git log --format=%H%n%aN%n%aE%n%at%n%ct%n%P%n%D%n%B -z --shortstat --diff-merges=first-parent -n50 --skip=0 --topo-order --decorate=full --stdin [7ms]
2026-06-17 05:25:31.636 [info] > git ls-files --stage -- modules/01-linux-essentials/SUBMISSION.md [3ms]
2026-06-17 05:25:31.659 [info] > git cat-file -s 8918a4821e8e2fb8325375baf0c5a1ba9ab3e02b [6ms]
2026-06-17 05:25:31.819 [info] > git show --textconv :modules/01-linux-essentials/SUBMISSION.md [3ms]
2026-06-17 05:25:36.288 [info] > git config --get commit.template [13ms]
2026-06-17 05:25:36.290 [info] > git for-each-ref --format=%(refname)%00%(upstream:short)%00%(objectname)%00%(upstream:track)%00%(upstream:remotename)%00%(upstream:remoteref) refs/heads/main refs/remotes/main [3ms]
2026-06-17 05:25:36.323 [info] > git status -z -uall [15ms]
2026-06-17 05:25:36.326 [info] > git for-each-ref --sort -committerdate --format %(refname)%00%(objectname)%00%(*objectname) [3ms]
2026-06-17 05:25:40.474 [info] > git ls-files --stage -- modules/01-linux-essentials/SUBMISSION.md [14ms]
2026-06-17 05:25:40.492 [info] > git cat-file -s 8fccccfd10186db1cb6141f3f0242c27cf7e6bf7 [3ms]
2026-06-17 05:25:40.615 [info] > git show --textconv :modules/01-linux-essentials/SUBMISSION.md [2ms]
2026-06-17 05:25:40.618 [warning] [GitFileSystemProvider][readFile] File not found - git:/home/vsysuser/workspace/assignment1-adzmir32/modules/01-linux-essentials/SUBMISSION.md.git?%7B%22path%22%3A%22%2Fhome%2Fvsysuser%2Fworkspace%2Fassignment1-adzmir32%2Fmodules%2F01-linux-essentials%2FSUBMISSION.md%22%2C%22ref%22%3A%22%22%7D
2026-06-17 05:25:41.358 [info] > git config --get commit.template [5ms]
2026-06-17 05:25:41.372 [info] > git for-each-ref --format=%(refname)%00%(upstream:short)%00%(objectname)%00%(upstream:track)%00%(upstream:remotename)%00%(upstream:remoteref) refs/heads/main refs/remotes/main [5ms]
2026-06-17 05:25:41.404 [info] > git status -z -uall [11ms]
2026-06-17 05:25:41.406 [info] > git for-each-ref --sort -committerdate --format %(refname)%00%(objectname)%00%(*objectname) [3ms]
2026-06-17 05:28:29.778 [info] > git for-each-ref --sort -committerdate --format %(refname)%00%(objectname)%00%(*objectname) refs/heads/guilty-leopard [9ms]
2026-06-17 05:29:26.872 [info] > git show --textconv :modules/01-linux-essentials/README.md [15ms]
2026-06-17 05:29:26.873 [info] > git ls-files --stage -- modules/01-linux-essentials/README.md [4ms]
2026-06-17 05:29:26.891 [info] > git cat-file -s 8247155b8eaaf9e89fe42902f657474b8f6f96f7 [6ms]
2026-06-17 05:31:53.597 [info] > git config --get commit.template [2ms]
2026-06-17 05:31:53.618 [info] > git for-each-ref --format=%(refname)%00%(upstream:short)%00%(objectname)%00%(upstream:track)%00%(upstream:remotename)%00%(upstream:remoteref) refs/heads/main refs/remotes/main [4ms]
2026-06-17 05:31:53.648 [info] > git status -z -uall [19ms]
2026-06-17 05:31:53.650 [info] > git for-each-ref --sort -committerdate --format %(refname)%00%(objectname)%00%(*objectname) [3ms]
2026-06-17 05:31:54.546 [info] > git config --get commit.template [17ms]
2026-06-17 05:31:54.548 [info] > git for-each-ref --format=%(refname)%00%(upstream:short)%00%(objectname)%00%(upstream:track)%00%(upstream:remotename)%00%(upstream:remoteref) refs/heads/main refs/remotes/main [3ms]
2026-06-17 05:31:54.579 [info] > git status -z -uall [16ms]
2026-06-17 05:31:54.582 [info] > git for-each-ref --sort -committerdate --format %(refname)%00%(objectname)%00%(*objectname) [4ms]
2026-06-17 05:31:54.747 [info] > git ls-files --stage -- modules/01-linux-essentials/README.md [2ms]
2026-06-17 05:31:54.764 [info] > git cat-file -s 8247155b8eaaf9e89fe42902f657474b8f6f96f7 [2ms]
2026-06-17 05:31:54.916 [info] > git show --textconv :modules/01-linux-essentials/README.md [8ms]
2026-06-17 05:32:00.955 [info] > git config --get commit.template [19ms]
2026-06-17 05:32:00.956 [info] > git for-each-ref --format=%(refname)%00%(upstream:short)%00%(objectname)%00%(upstream:track)%00%(upstream:remotename)%00%(upstream:remoteref) refs/heads/main refs/remotes/main [4ms]
2026-06-17 05:32:00.990 [info] > git status -z -uall [18ms]
2026-06-17 05:32:00.992 [info] > git for-each-ref --sort -committerdate --format %(refname)%00%(objectname)%00%(*objectname) [2ms]
2026-06-17 05:32:01.136 [info] > git ls-files --stage -- modules/01-linux-essentials/README.md [2ms]
2026-06-17 05:32:01.158 [info] > git cat-file -s 8247155b8eaaf9e89fe42902f657474b8f6f96f7 [4ms]
2026-06-17 05:32:01.284 [info] > git show --textconv :modules/01-linux-essentials/README.md [4ms]
2026-06-17 05:32:17.447 [info] > git show --textconv :modules/01-linux-essentials/SUBMISSION.md [18ms]
2026-06-17 05:32:17.449 [info] > git ls-files --stage -- modules/01-linux-essentials/SUBMISSION.md [3ms]
2026-06-17 05:32:17.464 [info] > git cat-file -s 8918a4821e8e2fb8325375baf0c5a1ba9ab3e02b [3ms]
