2026-06-18 10:45:09.530 [warning] Dir "/home/vsysuser/workspace/.pixi/envs" is not watchable (directory does not exist)
2026-06-18 10:45:10.530 [info] Starting Environment refresh
2026-06-18 10:45:10.530 [info] Searching for interpreters in posix paths locator
2026-06-18 10:45:10.537 [info] Searching for pyenv environments
2026-06-18 10:45:10.537 [info] Searching for conda environments
2026-06-18 10:45:10.537 [info] Searching for global virtual environments
2026-06-18 10:45:10.538 [info] Searching for custom virtual environments
2026-06-18 10:45:10.591 [info] Skipping ActivatedEnv Detection:  process.env.VSCODE_CLI !== '1'
2026-06-18 10:45:10.591 [info] Skipping ActivatedEnv Detection:  process.env.VSCODE_CLI !== '1'
2026-06-18 10:45:10.609 [info] Finished searching for custom virtual envs: 77 milliseconds
2026-06-18 10:45:10.640 [info] > conda info --json
2026-06-18 10:45:10.667 [info] > hatch env show --json
2026-06-18 10:45:10.667 [info] cwd: .
2026-06-18 10:45:10.706 [info] > /home/vsysuser/.pyenv/bin/pyenv which python
2026-06-18 10:45:10.706 [info] cwd: .
2026-06-18 10:45:10.707 [info] Finished searching for global virtual envs: 175 milliseconds
2026-06-18 10:45:10.721 [info] Found: /bin/python3 --> /home/vsysuser/.pyenv/shims/python3
2026-06-18 10:45:10.789 [info] Found: /usr/bin/python3 --> /home/vsysuser/.pyenv/shims/python3
2026-06-18 10:45:10.817 [info] > /home/vsysuser/.pyenv/versions/3.10.10/bin/python -I ./.openvscode-server/extensions/ms-python.python-2026.4.0-universal/python_files/get_output_via_markers.py ./.openvscode-server/extensions/ms-python.python-2026.4.0-universal/python_files/interpreterInfo.py
2026-06-18 10:45:10.818 [info] Finished searching for pyenv environments: 287 milliseconds
2026-06-18 10:45:10.942 [info] > /home/vsysuser/.pyenv/versions/3.10.10/envs/uptickpro_rv/bin/python -I ./.openvscode-server/extensions/ms-python.python-2026.4.0-universal/python_files/get_output_via_markers.py ./.openvscode-server/extensions/ms-python.python-2026.4.0-universal/python_files/interpreterInfo.py
2026-06-18 10:45:10.975 [info] Finished searching for interpreters in posix paths locator: 447 milliseconds
2026-06-18 10:45:11.108 [info] > /bin/python3 -I ./.openvscode-server/extensions/ms-python.python-2026.4.0-universal/python_files/get_output_via_markers.py ./.openvscode-server/extensions/ms-python.python-2026.4.0-universal/python_files/interpreterInfo.py
2026-06-18 10:45:11.108 [info] Environments refresh paths discovered (event): 580 milliseconds
2026-06-18 10:45:11.108 [info] Environments refresh paths discovered: 580 milliseconds
2026-06-18 10:45:11.223 [info] Environments refresh finished (event): 695 milliseconds
2026-06-18 10:45:11.239 [info] Environment refresh took 711 milliseconds
2026-06-18 10:45:11.247 [info] Python interpreter path: /home/vsysuser/.pyenv/versions/3.10.10/bin/python
2026-06-18 10:45:13.133 [info] Starting Jedi language server for workspace.
2026-06-18 10:54:08.882 [info] > /home/vsysuser/.pyenv/versions/3.10.10/bin/python ./.openvscode-server/extensions/ms-python.python-2026.4.0-universal/python_files/normalizeSelection.py
2026-06-18 10:54:09.821 [info] Send text to terminal: /home/vsysuser/.pyenv/versions/3.10.10/bin/python
2026-06-18 10:54:41.599 [info] > /home/vsysuser/.pyenv/versions/3.10.10/bin/python ./.openvscode-server/extensions/ms-python.python-2026.4.0-universal/python_files/normalizeSelection.py
2026-06-18 10:54:41.780 [info] > /home/vsysuser/.pyenv/versions/3.10.10/bin/python ./.openvscode-server/extensions/ms-python.python-2026.4.0-universal/python_files/normalizeSelection.py
2026-06-18 10:54:43.416 [info] > /home/vsysuser/.pyenv/versions/3.10.10/bin/python ./.openvscode-server/extensions/ms-python.python-2026.4.0-universal/python_files/normalizeSelection.py
2026-06-18 10:55:44.629 [info] > /home/vsysuser/.pyenv/versions/3.10.10/bin/python ./.openvscode-server/extensions/ms-python.python-2026.4.0-universal/python_files/normalizeSelection.py
2026-06-18 10:55:44.808 [info] > /home/vsysuser/.pyenv/versions/3.10.10/bin/python ./.openvscode-server/extensions/ms-python.python-2026.4.0-universal/python_files/normalizeSelection.py
2026-06-18 10:56:12.904 [info] > /home/vsysuser/.pyenv/versions/3.10.10/bin/python ./.openvscode-server/extensions/ms-python.python-2026.4.0-universal/python_files/normalizeSelection.py
2026-06-18 10:56:37.050 [info] > /home/vsysuser/.pyenv/versions/3.10.10/bin/python ./.openvscode-server/extensions/ms-python.python-2026.4.0-universal/python_files/normalizeSelection.py
2026-06-18 10:57:23.023 [info] Send text to terminal: print(f"Number of lines: {line_count}")

2026-06-18 10:57:23.023 [info] Send text to terminal: print(f"Total number of words: {word_count}")

2026-06-18 10:57:23.023 [info] Send text to terminal: print(f"Total number of words: {word_count}")

2026-06-18 10:57:23.023 [info] Send text to terminal: print(f"Total number of words: {word_count}")

2026-06-18 10:57:23.023 [info] Send text to terminal: f.write(f"The poem has {line_count} lines and (word_count) words.")

2026-06-18 10:57:23.023 [info] Send text to terminal: f.write(f"The poem has {line_count} lines and (word_count) words.")

2026-06-18 10:57:23.023 [info] Send text to terminal: print("\nContents of summary.txt:")

