2026-06-18 10:45:09.530 [info] Python-envs extension version: 1.20.1
2026-06-18 10:45:09.530 [info] 
=== Python Envs Configuration Levels ===
2026-06-18 10:45:09.530 [info] {
  "section": "Python Envs Configuration Levels",
  "defaultEnvManager": {
    "workspaceFolderValue": "undefined",
    "workspaceValue": "undefined",
    "globalValue": "undefined",
    "defaultValue": "ms-python.python:venv"
  },
  "defaultPackageManager": {
    "workspaceFolderValue": "undefined",
    "workspaceValue": "undefined",
    "globalValue": "undefined",
    "defaultValue": "ms-python.python:pip"
  }
}
2026-06-18 10:45:09.530 [info] [pet] Starting Python Locator /home/vsysuser/workspace/.openvscode-server/extensions/ms-python.python-2026.4.0-universal/python-env-tools/bin/pet server
2026-06-18 10:45:09.530 [error] [pet] Process error: A system error occurred (spawn /home/vsysuser/workspace/.openvscode-server/extensions/ms-python.python-2026.4.0-universal/python-env-tools/bin/pet ENOENT)
2026-06-18 10:45:09.530 [warning] [pet] Restarting Python Environment Tools (attempt 1/3, waiting 1000ms)
2026-06-18 10:45:10.320 [info] [pet] Starting Python Locator /home/vsysuser/workspace/.openvscode-server/extensions/ms-python.python-2026.4.0-universal/python-env-tools/bin/pet server
2026-06-18 10:45:10.320 [info] [pet] Python Environment Tools restarted successfully
2026-06-18 10:45:10.324 [info] [pet] configure: Sending configuration update: {"workspaceDirectories":["/home/vsysuser/workspace"],"environmentDirectories":["/home/vsysuser/workspace/**/.venv"],"pipenvExecutable":"pipenv","poetryExecutable":"poetry","cacheDirectory":"/home/vsysuser/workspace/.openvscode-server/data/User/globalStorage/ms-python.vscode-python-envs/pythonLocator"}
2026-06-18 10:45:10.324 [error] [pet] Process error: A system error occurred (spawn /home/vsysuser/workspace/.openvscode-server/extensions/ms-python.python-2026.4.0-universal/python-env-tools/bin/pet ENOENT)
2026-06-18 10:45:12.176 [warning] [pet] Restarting Python Environment Tools (attempt 2/3, waiting 2000ms)
2026-06-18 10:45:12.176 [error] [pet] configure: Configuration error Pending response rejected since connection got disposed
2026-06-18 10:45:12.176 [error] [pet] Error refreshing Pending response rejected since connection got disposed
2026-06-18 10:45:12.177 [info] Conda not found, turning off conda features. [l [Error]: Pending response rejected since connection got disposed
	at Object.dispose (/home/vsysuser/workspace/.openvscode-server/extensions/ms-python.vscode-python-envs-1.20.1-universal/dist/extension.js:2:665960)
	at /home/vsysuser/workspace/.openvscode-server/extensions/ms-python.vscode-python-envs-1.20.1-universal/dist/extension.js:2:536432
	at Array.forEach (<anonymous>)
	at S.restart (/home/vsysuser/workspace/.openvscode-server/extensions/ms-python.vscode-python-envs-1.20.1-universal/dist/extension.js:2:536419)
	at S.ensureProcessRunning (/home/vsysuser/workspace/.openvscode-server/extensions/ms-python.vscode-python-envs-1.20.1-universal/dist/extension.js:2:536135)
	at S.resolve (/home/vsysuser/workspace/.openvscode-server/extensions/ms-python.vscode-python-envs-1.20.1-universal/dist/extension.js:2:535233)
	at t.resolveVenvPythonEnvironmentPath (/home/vsysuser/workspace/.openvscode-server/extensions/ms-python.vscode-python-envs-1.20.1-universal/dist/extension.js:2:532142)
	at t.VenvManager.resolve (/home/vsysuser/workspace/.openvscode-server/extensions/ms-python.vscode-python-envs-1.20.1-universal/dist/extension.js:2:514866)
	at t.InternalEnvironmentManager.resolve (/home/vsysuser/workspace/.openvscode-server/extensions/ms-python.vscode-python-envs-1.20.1-universal/dist/extension.js:2:473834)
	at t.handlePythonPath (/home/vsysuser/workspace/.openvscode-server/extensions/ms-python.vscode-python-envs-1.20.1-universal/dist/extension.js:2:285154)
	at p.resolveEnvironment (/home/vsysuser/workspace/.openvscode-server/extensions/ms-python.vscode-python-envs-1.20.1-universal/dist/extension.js:2:361870)
	at async /home/vsysuser/workspace/.openvscode-server/extensions/ms-python.vscode-python-envs-1.20.1-universal/dist/extension.js:2:716782] {
  code: -32097,
  data: undefined
}
2026-06-18 10:45:12.177 [info] Pipenv not found, turning off pipenv features. If you have pipenv installed in a non-standard location, set the "python.pipenvPath" setting. [Error: Python Environment Tools (PET) is currently restarting. Please try again.
	at S.ensureProcessRunning (/home/vsysuser/workspace/.openvscode-server/extensions/ms-python.vscode-python-envs-1.20.1-universal/dist/extension.js:2:535752)
	at S.doRefresh (/home/vsysuser/workspace/.openvscode-server/extensions/ms-python.vscode-python-envs-1.20.1-universal/dist/extension.js:2:540575)
	at c.workerFunc (/home/vsysuser/workspace/.openvscode-server/extensions/ms-python.vscode-python-envs-1.20.1-universal/dist/extension.js:2:535168)
	at o.workFunc (/home/vsysuser/workspace/.openvscode-server/extensions/ms-python.vscode-python-envs-1.20.1-universal/dist/extension.js:2:287619)
	at o.start (/home/vsysuser/workspace/.openvscode-server/extensions/ms-python.vscode-python-envs-1.20.1-universal/dist/extension.js:2:286434)]
2026-06-18 10:45:12.177 [info] Poetry not found, turning off poetry features. [Error: Python Environment Tools (PET) is currently restarting. Please try again.
	at S.ensureProcessRunning (/home/vsysuser/workspace/.openvscode-server/extensions/ms-python.vscode-python-envs-1.20.1-universal/dist/extension.js:2:535752)
	at S.doRefresh (/home/vsysuser/workspace/.openvscode-server/extensions/ms-python.vscode-python-envs-1.20.1-universal/dist/extension.js:2:540575)
	at c.workerFunc (/home/vsysuser/workspace/.openvscode-server/extensions/ms-python.vscode-python-envs-1.20.1-universal/dist/extension.js:2:535168)
	at o.workFunc (/home/vsysuser/workspace/.openvscode-server/extensions/ms-python.vscode-python-envs-1.20.1-universal/dist/extension.js:2:287619)
	at o.start (/home/vsysuser/workspace/.openvscode-server/extensions/ms-python.vscode-python-envs-1.20.1-universal/dist/extension.js:2:286434)]
2026-06-18 10:45:12.179 [info] [interpreterSelection] Applying initial environment selection for 1 workspace folder(s)
2026-06-18 10:45:12.180 [error] [autoDiscover] Failed to check venv manager: Error: Python Environment Tools (PET) is currently restarting. Please try again.
2026-06-18 10:45:12.181 [error] [interpreterSelection] Failed to set environment for /home/vsysuser/workspace: Error: Python Environment Tools (PET) is currently restarting. Please try again.
2026-06-18 10:45:12.289 [info] [interpreterSelection] global: none (source: autoDiscovery)
2026-06-18 10:45:14.188 [info] [pet] Starting Python Locator /home/vsysuser/workspace/.openvscode-server/extensions/ms-python.python-2026.4.0-universal/python-env-tools/bin/pet server
2026-06-18 10:45:14.188 [info] [pet] Python Environment Tools restarted successfully
2026-06-18 10:45:14.189 [info] [pet] configure: Sending configuration update: {"workspaceDirectories":["/home/vsysuser/workspace"],"environmentDirectories":["/home/vsysuser/workspace/**/.venv"],"pipenvExecutable":"pipenv","poetryExecutable":"poetry","cacheDirectory":"/home/vsysuser/workspace/.openvscode-server/data/User/globalStorage/ms-python.vscode-python-envs/pythonLocator"}
2026-06-18 10:45:14.190 [error] [pet] Process error: A system error occurred (spawn /home/vsysuser/workspace/.openvscode-server/extensions/ms-python.python-2026.4.0-universal/python-env-tools/bin/pet ENOENT)
2026-06-18 10:45:41.241 [info] Refreshing pyenv environments
2026-06-18 10:45:41.242 [warning] [pet] Restarting Python Environment Tools (attempt 3/3, waiting 4000ms)
2026-06-18 10:45:41.242 [error] [pet] configure: Configuration error Pending response rejected since connection got disposed
2026-06-18 10:45:45.257 [info] [pet] Starting Python Locator /home/vsysuser/workspace/.openvscode-server/extensions/ms-python.python-2026.4.0-universal/python-env-tools/bin/pet server
2026-06-18 10:45:45.257 [info] [pet] Python Environment Tools restarted successfully
2026-06-18 10:45:45.261 [info] [pet] configure: Sending configuration update: {"workspaceDirectories":["/home/vsysuser/workspace"],"environmentDirectories":["/home/vsysuser/workspace/**/.venv"],"pipenvExecutable":"pipenv","poetryExecutable":"poetry","cacheDirectory":"/home/vsysuser/workspace/.openvscode-server/data/User/globalStorage/ms-python.vscode-python-envs/pythonLocator"}
2026-06-18 10:45:45.262 [error] [pet] Process error: A system error occurred (spawn /home/vsysuser/workspace/.openvscode-server/extensions/ms-python.python-2026.4.0-universal/python-env-tools/bin/pet ENOENT)
2026-06-18 10:46:15.261 [warning] [pet] Configure request timed out, killing hung process for restart
2026-06-18 10:46:15.262 [error] [pet] configure: Configuration error Request 'configure' timed out after 30000ms
2026-06-18 10:46:15.262 [warning] [pet] Request timed out, killing hung process for restart
2026-06-18 10:46:15.262 [error] [pet] Error refreshing Request 'configure' timed out after 30000ms
2026-06-18 10:46:15.264 [error] Unable to handle /home/vsysuser/.pyenv/versions/3.10.10/envs/uptickpro_rv
2026-06-18 10:54:11.164 [error] Unable to handle /home/vsysuser/.pyenv/versions/3.10.10/envs/uptickpro_rv
2026-06-18 10:58:54.294 [error] Unable to handle /home/vsysuser/.pyenv/versions/3.10.10/envs/uptickpro_rv
2026-06-18 10:58:54.305 [error] Unable to handle /home/vsysuser/.pyenv/versions/3.10.10/envs/uptickpro_rv
2026-06-18 11:12:04.558 [error] Unable to handle /home/vsysuser/.pyenv/versions/3.10.10/envs/uptickpro_rv
2026-06-18 11:12:04.573 [error] Unable to handle /home/vsysuser/.pyenv/versions/3.10.10/envs/uptickpro_rv
