2026-06-17 04:32:41.219 [info] Reading sessions from keychain...
2026-06-17 04:32:41.219 [info] Getting sessions for all scopes...
2026-06-17 04:32:41.219 [info] Got 0 sessions for ...
2026-06-17 04:32:41.219 [info] Getting sessions for all scopes...
2026-06-17 04:32:41.219 [info] Got 0 sessions for ...
2026-06-17 04:32:41.219 [info] Getting sessions for all scopes...
2026-06-17 04:32:41.219 [info] Got 0 sessions for ...
2026-06-17 04:32:41.219 [info] Getting sessions for all scopes...
2026-06-17 04:32:41.219 [info] Got 0 sessions for ...
2026-06-17 04:32:41.219 [info] Getting sessions for all scopes...
2026-06-17 04:32:41.219 [info] Got 0 sessions for ...
2026-06-17 04:32:41.304 [info] Getting sessions for read:user,repo,user:email,workflow...
2026-06-17 04:32:41.304 [info] Got 0 sessions for read:user,repo,user:email,workflow...
2026-06-17 04:32:41.411 [info] Getting sessions for read:user,repo,user:email,workflow...
2026-06-17 04:32:41.412 [info] Got 0 sessions for read:user,repo,user:email,workflow...
2026-06-17 04:32:43.986 [info] Logging in with 'any' account...
2026-06-17 04:32:43.986 [info] Logging in for the following scopes: read:user repo user:email workflow
2026-06-17 04:32:44.246 [info] Trying device code flow... (read:user repo user:email workflow)
2026-06-17 04:33:29.330 [info] Getting user info...
2026-06-17 04:33:30.296 [info] Got account info!
2026-06-17 04:33:30.296 [info] Storing 1 sessions...
2026-06-17 04:33:30.447 [info] Reading sessions from keychain...
2026-06-17 04:33:30.447 [info] Stored 1 sessions!
2026-06-17 04:33:30.447 [info] Login success!
2026-06-17 04:33:30.572 [info] Got stored sessions!
2026-06-17 04:33:30.572 [info] Got 1 verified sessions.
2026-06-17 04:33:30.839 [info] Getting sessions for read:user,repo,user:email,workflow...
2026-06-17 04:33:30.840 [info] Got 1 sessions for read:user,repo,user:email,workflow...
2026-06-17 05:23:27.251 [info] Getting sessions for read:user,repo,user:email,workflow...
2026-06-17 05:23:27.252 [info] Got 1 sessions for read:user,repo,user:email,workflow...
2026-06-17 05:24:03.175 [info] Getting sessions for read:user,repo,user:email,workflow...
2026-06-17 05:24:03.176 [info] Got 1 sessions for read:user,repo,user:email,workflow...
2026-06-17 05:24:28.793 [info] Getting sessions for read:user,repo,user:email,workflow...
2026-06-17 05:24:28.793 [info] Got 1 sessions for read:user,repo,user:email,workflow...
2026-06-17 05:25:29.290 [info] Getting sessions for read:user,repo,user:email,workflow...
2026-06-17 05:25:29.290 [info] Got 1 sessions for read:user,repo,user:email,workflow...
