2026-06-17 02:26:28.739 [info] Extension host with pid 22379 started
2026-06-17 02:26:28.749 [info] Lock '/home/vsysuser/workspace/.openvscode-server/data/User/workspaceStorage/6bfb4301/vscode.lock': Lock acquired.
2026-06-17 02:26:29.952 [info] ExtensionService#_doActivateExtension vscode.emmet, startup: false, activationEvent: 'onLanguage'
2026-06-17 02:26:30.758 [info] ExtensionService#_doActivateExtension vscode.git-base, startup: true, activationEvent: '*', root cause: vscode.git
2026-06-17 02:26:31.040 [info] ExtensionService#_doActivateExtension vscode.git, startup: true, activationEvent: '*'
2026-06-17 02:26:31.041 [info] ExtensionService#_doActivateExtension vscode.github, startup: true, activationEvent: '*'
2026-06-17 02:26:31.474 [info] Eager extensions activated
2026-06-17 02:26:31.474 [info] ExtensionService#_doActivateExtension vscode.debug-auto-launch, startup: false, activationEvent: 'onStartupFinished'
2026-06-17 02:26:31.475 [info] ExtensionService#_doActivateExtension vscode.merge-conflict, startup: false, activationEvent: 'onStartupFinished'
2026-06-17 02:26:31.476 [info] ExtensionService#_doActivateExtension Continue.continue, startup: false, activationEvent: 'onStartupFinished'
2026-06-17 02:26:31.476 [info] ExtensionService#_doActivateExtension vyomasystems.functional-coverage-viewer, startup: false, activationEvent: 'onStartupFinished'
2026-06-17 02:26:33.901 [info] ExtensionService#_doActivateExtension vscode.terminal-suggest, startup: false, activationEvent: 'onTerminalShellIntegration:*'
2026-06-17 02:40:52.813 [info] ExtensionService#_doActivateExtension vscode.npm, startup: false, activationEvent: 'onTerminalQuickFixRequest:ms-vscode.npm-command'
2026-06-17 04:32:40.802 [info] ExtensionService#_doActivateExtension vscode.github-authentication, startup: false, activationEvent: 'onAuthenticationRequest:github'
2026-06-17 04:34:22.331 [info] ExtensionService#_doActivateExtension vscode.extension-editing, startup: false, activationEvent: 'onLanguage:markdown'
2026-06-17 04:34:22.331 [info] ExtensionService#_doActivateExtension vscode.markdown-language-features, startup: false, activationEvent: 'onLanguage:markdown'
2026-06-17 04:34:31.335 [info] ExtensionService#_doActivateExtension vscode.markdown-math, startup: false, activationEvent: 'api', root cause: vscode.markdown-language-features
2026-06-17 05:03:00.834 [error] Error: No autocomplete model configured and provided model not found in config
	at getAutocompleteContext (/home/vsysuser/workspace/.openvscode-server/extensions/continue.continue-1.3.38/out/extension.js:821508:21)
	at async processNextEditData (/home/vsysuser/workspace/.openvscode-server/extensions/continue.continue-1.3.38/out/extension.js:821625:35)
2026-06-17 05:21:31.774 [error] Error: No autocomplete model configured and provided model not found in config
	at getAutocompleteContext (/home/vsysuser/workspace/.openvscode-server/extensions/continue.continue-1.3.38/out/extension.js:821508:21)
	at async processNextEditData (/home/vsysuser/workspace/.openvscode-server/extensions/continue.continue-1.3.38/out/extension.js:821625:35)
2026-06-17 05:27:51.768 [error] Error: No autocomplete model configured and provided model not found in config
	at getAutocompleteContext (/home/vsysuser/workspace/.openvscode-server/extensions/continue.continue-1.3.38/out/extension.js:821508:21)
	at async processNextEditData (/home/vsysuser/workspace/.openvscode-server/extensions/continue.continue-1.3.38/out/extension.js:821625:35)
2026-06-17 05:27:53.901 [error] Error: No autocomplete model configured and provided model not found in config
	at getAutocompleteContext (/home/vsysuser/workspace/.openvscode-server/extensions/continue.continue-1.3.38/out/extension.js:821508:21)
	at async processNextEditData (/home/vsysuser/workspace/.openvscode-server/extensions/continue.continue-1.3.38/out/extension.js:821625:35)
2026-06-17 05:29:14.025 [error] Error: No autocomplete model configured and provided model not found in config
	at getAutocompleteContext (/home/vsysuser/workspace/.openvscode-server/extensions/continue.continue-1.3.38/out/extension.js:821508:21)
	at async processNextEditData (/home/vsysuser/workspace/.openvscode-server/extensions/continue.continue-1.3.38/out/extension.js:821625:35)
2026-06-17 05:29:16.842 [error] Error: No autocomplete model configured and provided model not found in config
	at getAutocompleteContext (/home/vsysuser/workspace/.openvscode-server/extensions/continue.continue-1.3.38/out/extension.js:821508:21)
	at async processNextEditData (/home/vsysuser/workspace/.openvscode-server/extensions/continue.continue-1.3.38/out/extension.js:821625:35)
2026-06-17 05:32:18.243 [error] Error: No autocomplete model configured and provided model not found in config
	at getAutocompleteContext (/home/vsysuser/workspace/.openvscode-server/extensions/continue.continue-1.3.38/out/extension.js:821508:21)
	at async processNextEditData (/home/vsysuser/workspace/.openvscode-server/extensions/continue.continue-1.3.38/out/extension.js:821625:35)
2026-06-17 08:44:57.183 [info] Extension host terminating: renderer disconnected for too long (1)
2026-06-17 08:44:57.184 [info] Lock '/home/vsysuser/workspace/.openvscode-server/data/User/workspaceStorage/6bfb4301/vscode.lock': Marking the lockfile as scheduled to be released in 6000 ms.
2026-06-17 08:44:57.204 [info] Extension host with pid 22379 exiting with code 0
