2026-06-20 16:56:07.554 [info] [main] Log level: Info
2026-06-20 16:56:07.554 [info] [main] Validating found git in: "git"
2026-06-20 16:56:07.554 [info] [main] Using git "2.43.0" from "git"
2026-06-20 16:56:07.554 [info] [Model][doInitialScan] Initial repository scan started
2026-06-20 16:56:07.554 [info] > git rev-parse --show-toplevel [7ms]
2026-06-20 16:56:07.554 [info] fatal: not a git repository (or any of the parent directories): .git
2026-06-20 16:56:07.554 [info] > git rev-parse --show-toplevel [5ms]
2026-06-20 16:56:07.554 [info] > git rev-parse --git-dir --git-common-dir --show-superproject-working-tree [43ms]
2026-06-20 16:56:07.554 [info] [Model][openRepository] Opened repository (path): /home/vsysuser/workspace/assignment1-adzmir32
2026-06-20 16:56:07.554 [info] [Model][openRepository] Opened repository (real path): /home/vsysuser/workspace/assignment1-adzmir32
2026-06-20 16:56:07.554 [info] [Model][openRepository] Opened repository (kind): repository
2026-06-20 16:56:07.554 [info] > git config --get commit.template [32ms]
2026-06-20 16:56:07.554 [info] > git rev-parse --show-toplevel [25ms]
2026-06-20 16:56:07.554 [info] fatal: not a git repository (or any of the parent directories): .git
2026-06-20 16:56:07.554 [info] > git for-each-ref --format=%(refname)%00%(upstream:short)%00%(objectname)%00%(upstream:track)%00%(upstream:remotename)%00%(upstream:remoteref) refs/heads/main refs/remotes/main [13ms]
2026-06-20 16:56:07.554 [info] > git rev-parse --show-toplevel [4ms]
2026-06-20 16:56:07.554 [info] fatal: not a git repository (or any of the parent directories): .git
2026-06-20 16:56:07.554 [info] > git status -z -uall [17ms]
2026-06-20 16:56:07.554 [info] > git rev-parse --show-toplevel [28ms]
2026-06-20 16:56:07.554 [info] fatal: not a git repository (or any of the parent directories): .git
2026-06-20 16:56:07.554 [info] > git for-each-ref --sort -committerdate --format %(refname)%00%(objectname)%00%(*objectname) [42ms]
2026-06-20 16:56:07.554 [info] > git for-each-ref --format=%(refname)%00%(upstream:short)%00%(objectname)%00%(upstream:track)%00%(upstream:remotename)%00%(upstream:remoteref) refs/heads/main refs/remotes/main [15ms]
2026-06-20 16:56:07.554 [info] > git rev-parse --show-toplevel [83ms]
2026-06-20 16:56:07.554 [info] fatal: not a git repository (or any of the parent directories): .git
2026-06-20 16:56:07.554 [info] > git config --get commit.template [19ms]
2026-06-20 16:56:07.554 [info] > git rev-parse --show-toplevel [51ms]
2026-06-20 16:56:07.554 [info] fatal: not a git repository (or any of the parent directories): .git
2026-06-20 16:56:07.554 [info] > git config --get --local branch.main.vscode-merge-base [60ms]
2026-06-20 16:56:07.554 [info] > git for-each-ref --format=%(refname)%00%(upstream:short)%00%(objectname)%00%(upstream:track)%00%(upstream:remotename)%00%(upstream:remoteref) refs/heads/main refs/remotes/main [12ms]
2026-06-20 16:56:07.554 [info] > git for-each-ref --format=%(refname)%00%(upstream:short)%00%(objectname)%00%(upstream:track)%00%(upstream:remotename)%00%(upstream:remoteref) refs/heads/origin/main refs/remotes/origin/main [22ms]
2026-06-20 16:56:07.554 [info] > git rev-parse --show-toplevel [24ms]
2026-06-20 16:56:07.554 [info] fatal: not a git repository (or any of the parent directories): .git
2026-06-20 16:56:07.554 [info] > git merge-base refs/heads/main refs/remotes/origin/main [15ms]
2026-06-20 16:56:07.554 [info] > git rev-parse --show-toplevel [10ms]
2026-06-20 16:56:07.554 [info] fatal: not a git repository (or any of the parent directories): .git
2026-06-20 16:56:07.554 [info] > git status -z -uall [33ms]
2026-06-20 16:56:07.554 [info] > git for-each-ref --sort -committerdate --format %(refname)%00%(objectname)%00%(*objectname) [23ms]
2026-06-20 16:56:07.554 [info] > git diff --name-status -z --diff-filter=ADMR c7e5c0cf7aa2ff8dca0818c9efb33d4dab0d3fcc...refs/remotes/origin/main [61ms]
2026-06-20 16:56:07.554 [info] > git merge-base refs/heads/main refs/remotes/origin/main [32ms]
2026-06-20 16:56:07.554 [info] > git rev-parse --show-toplevel [65ms]
2026-06-20 16:56:07.554 [info] fatal: not a git repository (or any of the parent directories): .git
2026-06-20 16:56:07.554 [info] > git diff --name-status -z --diff-filter=ADMR c7e5c0cf7aa2ff8dca0818c9efb33d4dab0d3fcc...refs/remotes/origin/main [16ms]
2026-06-20 16:56:07.554 [info] > git rev-parse --show-toplevel [6ms]
2026-06-20 16:56:07.554 [info] > git rev-parse --git-dir --git-common-dir --show-superproject-working-tree [24ms]
2026-06-20 16:56:07.554 [info] [Model][openRepository] Opened repository (path): /home/vsysuser/workspace/forked_repo
2026-06-20 16:56:07.554 [info] [Model][openRepository] Opened repository (real path): /home/vsysuser/workspace/forked_repo
2026-06-20 16:56:07.554 [info] [Model][openRepository] Opened repository (kind): repository
2026-06-20 16:56:07.554 [info] > git config --get commit.template [37ms]
2026-06-20 16:56:07.554 [info] > git rev-parse --show-toplevel [28ms]
2026-06-20 16:56:07.554 [info] > git for-each-ref --format=%(refname)%00%(upstream:short)%00%(objectname)%00%(upstream:track)%00%(upstream:remotename)%00%(upstream:remoteref) refs/heads/my-feature refs/remotes/my-feature [29ms]
2026-06-20 16:56:07.576 [info] > git status -z -uall [14ms]
2026-06-20 16:56:07.576 [info] > git rev-parse --git-dir --git-common-dir --show-superproject-working-tree [32ms]
2026-06-20 16:56:07.583 [info] [Model][openRepository] Opened repository (path): /home/vsysuser/workspace/learn_git
2026-06-20 16:56:07.583 [info] [Model][openRepository] Opened repository (real path): /home/vsysuser/workspace/learn_git
2026-06-20 16:56:07.583 [info] [Model][openRepository] Opened repository (kind): repository
2026-06-20 16:56:07.603 [info] > git for-each-ref --sort -committerdate --format %(refname)%00%(objectname)%00%(*objectname) [31ms]
2026-06-20 16:56:07.627 [info] > git for-each-ref --format=%(refname)%00%(upstream:short)%00%(objectname)%00%(upstream:track)%00%(upstream:remotename)%00%(upstream:remoteref) refs/heads/my-feature refs/remotes/my-feature [10ms]
2026-06-20 16:56:07.636 [info] > git rev-parse --show-toplevel [36ms]
2026-06-20 16:56:07.636 [info] fatal: not a git repository (or any of the parent directories): .git
2026-06-20 16:56:07.637 [info] [Model][doInitialScan] Initial repository scan completed - repositories (3), closed repositories (0), parent repositories (0), unsafe repositories (0)
2026-06-20 16:56:07.637 [info] > git config --get commit.template [44ms]
2026-06-20 16:56:07.647 [info] > git config --get commit.template [20ms]
2026-06-20 16:56:07.664 [info] > git config --get --local branch.my-feature.vscode-merge-base [28ms]
2026-06-20 16:56:07.689 [info] > git for-each-ref --format=%(refname)%00%(upstream:short)%00%(objectname)%00%(upstream:track)%00%(upstream:remotename)%00%(upstream:remoteref) refs/heads/main refs/remotes/main [26ms]
2026-06-20 16:56:07.689 [info] > git rev-parse --show-toplevel [43ms]
2026-06-20 16:56:07.689 [info] fatal: not a git repository (or any of the parent directories): .git
2026-06-20 16:56:07.702 [info] > git for-each-ref --format=%(refname)%00%(upstream:short)%00%(objectname)%00%(upstream:track)%00%(upstream:remotename)%00%(upstream:remoteref) refs/heads/my-feature refs/remotes/my-feature [14ms]
2026-06-20 16:56:07.702 [info] > git for-each-ref --format=%(refname)%00%(upstream:short)%00%(objectname)%00%(upstream:track)%00%(upstream:remotename)%00%(upstream:remoteref) refs/heads/origin/main refs/remotes/origin/main [29ms]
2026-06-20 16:56:07.733 [info] > git rev-parse --show-toplevel [33ms]
2026-06-20 16:56:07.733 [info] fatal: not a git repository (or any of the parent directories): .git
2026-06-20 16:56:07.735 [info] > git merge-base refs/heads/my-feature refs/remotes/origin/my-feature [18ms]
2026-06-20 16:56:07.780 [info] > git status -z -uall [30ms]
2026-06-20 16:56:07.780 [info] > git status -z -uall [11ms]
2026-06-20 16:56:07.781 [info] > git diff --name-status -z --diff-filter=ADMR 9ad57ea842daf498c7e4c4aabb8b9db9460a511a...refs/remotes/origin/my-feature [39ms]
2026-06-20 16:56:07.785 [info] > git for-each-ref --sort -committerdate --format %(refname)%00%(objectname)%00%(*objectname) [24ms]
2026-06-20 16:56:07.819 [info] > git for-each-ref --format=%(refname)%00%(upstream:short)%00%(objectname)%00%(upstream:track)%00%(upstream:remotename)%00%(upstream:remoteref) refs/heads/main refs/remotes/main [21ms]
2026-06-20 16:56:07.826 [info] > git for-each-ref --sort -committerdate --format %(refname)%00%(objectname)%00%(*objectname) [47ms]
2026-06-20 16:56:07.833 [info] > git config --get --local branch.main.vscode-merge-base [7ms]
2026-06-20 16:56:07.833 [warning] [Git][config] git config failed: Failed to execute git
2026-06-20 16:56:07.840 [info] > git config --get commit.template [24ms]
2026-06-20 16:56:07.855 [info] > git reflog main --grep-reflog=branch: Created from *. [15ms]
2026-06-20 16:56:07.855 [info] fatal: ambiguous argument 'main': both revision and filename
Use '--' to separate paths from revisions, like this:
'git <command> [<revision>...] -- [<file>...]'
2026-06-20 16:56:07.872 [info] > git for-each-ref --format=%(refname)%00%(upstream:short)%00%(objectname)%00%(upstream:track)%00%(upstream:remotename)%00%(upstream:remoteref) refs/heads/main refs/remotes/main [22ms]
2026-06-20 16:56:07.875 [info] > git symbolic-ref --short refs/remotes/origin/HEAD [4ms]
2026-06-20 16:56:07.875 [info] fatal: ref refs/remotes/origin/HEAD is not a symbolic ref
2026-06-20 16:56:07.875 [warning] [Repository][getDefaultBranch] Failed to get default branch details: Failed to execute git.
2026-06-20 16:56:07.907 [info] > git status -z -uall [15ms]
2026-06-20 16:56:07.908 [info] > git for-each-ref --sort -committerdate --format %(refname)%00%(objectname)%00%(*objectname) [6ms]
2026-06-20 16:56:07.919 [info] > git merge-base refs/heads/main refs/remotes/origin/main [38ms]
2026-06-20 16:56:07.929 [info] > git merge-base refs/heads/main refs/remotes/origin/main [12ms]
2026-06-20 16:56:07.941 [info] > git diff --name-status -z --diff-filter=ADMR 17c4a7c6d3c2b6017a0bb27188289601dce6e979...refs/remotes/origin/main [14ms]
2026-06-20 16:56:07.943 [info] > git diff --name-status -z --diff-filter=ADMR 17c4a7c6d3c2b6017a0bb27188289601dce6e979...refs/remotes/origin/main [5ms]
2026-06-20 16:56:07.975 [info] > git rev-parse --show-toplevel [5ms]
2026-06-20 16:56:07.975 [info] fatal: not a git repository (or any of the parent directories): .git
2026-06-20 16:56:08.058 [info] > git rev-parse --show-toplevel [6ms]
2026-06-20 16:56:08.058 [info] fatal: not a git repository (or any of the parent directories): .git
2026-06-20 16:56:08.076 [info] > git rev-parse --show-toplevel [3ms]
2026-06-20 16:56:08.076 [info] fatal: not a git repository (or any of the parent directories): .git
2026-06-20 16:56:08.309 [info] > git check-ignore -v -z --stdin [5ms]
2026-06-20 16:56:08.414 [info] > git rev-parse --show-toplevel [7ms]
2026-06-20 16:56:08.414 [info] fatal: not a git repository (or any of the parent directories): .git
2026-06-20 16:56:08.452 [info] > git show --textconv :modules/03-python-programming/SUBMISSION.md [26ms]
2026-06-20 16:56:08.463 [info] > git ls-files --stage -- modules/03-python-programming/SUBMISSION.md [14ms]
2026-06-20 16:56:08.488 [info] > git cat-file -s cb5ae6dae101ef307a98a3b5772c7ec0f30a4294 [11ms]
2026-06-20 16:56:08.605 [info] > git rev-parse --show-toplevel [7ms]
2026-06-20 16:56:08.605 [info] fatal: not a git repository (or any of the parent directories): .git
2026-06-20 16:56:08.698 [info] > git blame --root --incremental c7e5c0cf7aa2ff8dca0818c9efb33d4dab0d3fcc -- modules/03-python-programming/SUBMISSION.md [6ms]
2026-06-20 16:57:22.205 [info] > git check-ignore -v -z --stdin [11ms]
2026-06-20 16:57:22.205 [info] > git check-ignore -v -z --stdin [3ms]
2026-06-20 17:02:36.283 [info] > git rev-parse --show-toplevel [2ms]
2026-06-20 17:02:36.295 [info] > git rev-parse --git-dir --git-common-dir --show-superproject-working-tree [4ms]
2026-06-20 17:02:36.301 [info] [Model][openRepository] Opened repository (path): /home/vsysuser/workspace
2026-06-20 17:02:36.301 [info] [Model][openRepository] Opened repository (real path): /home/vsysuser/workspace
2026-06-20 17:02:36.301 [info] [Model][openRepository] Opened repository (kind): repository
2026-06-20 17:02:36.318 [info] [Git][getRemotes] No remotes found in the git config file
2026-06-20 17:02:36.321 [info] > git config --get commit.template [11ms]
2026-06-20 17:02:36.321 [info] > git for-each-ref --format=%(refname)%00%(upstream:short)%00%(objectname)%00%(upstream:track)%00%(upstream:remotename)%00%(upstream:remoteref) refs/heads/master refs/remotes/master [3ms]
2026-06-20 17:02:36.322 [warning] [Git][getBranch] No such branch: master
2026-06-20 17:02:36.344 [info] > git for-each-ref --sort -committerdate --format %(refname)%00%(objectname)%00%(*objectname) [2ms]
2026-06-20 17:02:36.379 [info] > git status -z -uall [50ms]
2026-06-20 17:02:37.342 [info] > git for-each-ref --format=%(refname)%00%(upstream:short)%00%(objectname)%00%(upstream:track)%00%(upstream:remotename)%00%(upstream:remoteref) refs/heads/master refs/remotes/master [851ms]
2026-06-20 17:02:37.343 [warning] [Git][getBranch] No such branch: master
2026-06-20 17:02:37.347 [error] [GitHistoryProvider][resolveHEADMergeBase] Failed to resolve merge base for master: Error: No such branch: master.
2026-06-20 17:02:37.436 [info] > git config --get commit.template [96ms]
2026-06-20 17:02:37.440 [info] > git check-ignore -v -z --stdin [76ms]
2026-06-20 17:02:37.441 [info] > git check-ignore -v -z --stdin [53ms]
2026-06-20 17:02:37.445 [info] > git check-ignore -v -z --stdin [39ms]
2026-06-20 17:02:37.445 [info] > git check-ignore -v -z --stdin [22ms]
2026-06-20 17:02:37.448 [info] [Git][getRemotes] No remotes found in the git config file
2026-06-20 17:02:37.473 [info] > git for-each-ref --format=%(refname)%00%(upstream:short)%00%(objectname)%00%(upstream:track)%00%(upstream:remotename)%00%(upstream:remoteref) refs/heads/master refs/remotes/master [7ms]
2026-06-20 17:02:37.473 [warning] [Git][getBranch] No such branch: master
2026-06-20 17:02:37.511 [info] > git for-each-ref --sort -committerdate --format %(refname)%00%(objectname)%00%(*objectname) [9ms]
2026-06-20 17:02:37.625 [info] > git status -z -uall [141ms]
2026-06-20 17:02:39.580 [info] [Git][getRemotes] No remotes found in the git config file
2026-06-20 17:02:39.581 [info] > git config --get commit.template [10ms]
2026-06-20 17:02:39.582 [info] > git for-each-ref --format=%(refname)%00%(upstream:short)%00%(objectname)%00%(upstream:track)%00%(upstream:remotename)%00%(upstream:remoteref) refs/heads/master refs/remotes/master [2ms]
2026-06-20 17:02:39.582 [warning] [Git][getBranch] No such branch: master
2026-06-20 17:02:39.606 [info] > git for-each-ref --sort -committerdate --format %(refname)%00%(objectname)%00%(*objectname) [3ms]
2026-06-20 17:02:39.620 [info] > git status -z -uall [30ms]
2026-06-20 17:02:44.701 [info] [Git][getRemotes] No remotes found in the git config file
2026-06-20 17:02:44.702 [info] > git config --get commit.template [9ms]
2026-06-20 17:02:44.703 [info] > git for-each-ref --format=%(refname)%00%(upstream:short)%00%(objectname)%00%(upstream:track)%00%(upstream:remotename)%00%(upstream:remoteref) refs/heads/master refs/remotes/master [2ms]
2026-06-20 17:02:44.703 [warning] [Git][getBranch] No such branch: master
2026-06-20 17:02:44.721 [info] > git for-each-ref --sort -committerdate --format %(refname)%00%(objectname)%00%(*objectname) [2ms]
2026-06-20 17:02:44.742 [info] > git status -z -uall [33ms]
2026-06-20 17:02:49.826 [info] [Git][getRemotes] No remotes found in the git config file
2026-06-20 17:02:49.826 [info] > git config --get commit.template [9ms]
2026-06-20 17:02:49.827 [info] > git for-each-ref --format=%(refname)%00%(upstream:short)%00%(objectname)%00%(upstream:track)%00%(upstream:remotename)%00%(upstream:remoteref) refs/heads/master refs/remotes/master [2ms]
2026-06-20 17:02:49.827 [warning] [Git][getBranch] No such branch: master
2026-06-20 17:02:49.847 [info] > git for-each-ref --sort -committerdate --format %(refname)%00%(objectname)%00%(*objectname) [3ms]
2026-06-20 17:02:49.868 [info] > git status -z -uall [34ms]
2026-06-20 17:02:54.944 [info] > git config --get commit.template [2ms]
2026-06-20 17:02:54.953 [info] [Git][getRemotes] No remotes found in the git config file
2026-06-20 17:02:54.954 [info] > git for-each-ref --format=%(refname)%00%(upstream:short)%00%(objectname)%00%(upstream:track)%00%(upstream:remotename)%00%(upstream:remoteref) refs/heads/master refs/remotes/master [2ms]
2026-06-20 17:02:54.954 [warning] [Git][getBranch] No such branch: master
2026-06-20 17:02:54.979 [info] > git for-each-ref --sort -committerdate --format %(refname)%00%(objectname)%00%(*objectname) [4ms]
2026-06-20 17:02:54.992 [info] > git status -z -uall [30ms]
2026-06-20 17:03:00.086 [info] [Git][getRemotes] No remotes found in the git config file
2026-06-20 17:03:00.087 [info] > git config --get commit.template [15ms]
2026-06-20 17:03:00.089 [info] > git for-each-ref --format=%(refname)%00%(upstream:short)%00%(objectname)%00%(upstream:track)%00%(upstream:remotename)%00%(upstream:remoteref) refs/heads/master refs/remotes/master [3ms]
2026-06-20 17:03:00.090 [warning] [Git][getBranch] No such branch: master
2026-06-20 17:03:00.133 [info] > git for-each-ref --sort -committerdate --format %(refname)%00%(objectname)%00%(*objectname) [9ms]
2026-06-20 17:03:00.148 [info] > git status -z -uall [47ms]
2026-06-20 17:03:05.227 [info] [Git][getRemotes] No remotes found in the git config file
2026-06-20 17:03:05.228 [info] > git config --get commit.template [9ms]
2026-06-20 17:03:05.229 [info] > git for-each-ref --format=%(refname)%00%(upstream:short)%00%(objectname)%00%(upstream:track)%00%(upstream:remotename)%00%(upstream:remoteref) refs/heads/master refs/remotes/master [2ms]
2026-06-20 17:03:05.229 [warning] [Git][getBranch] No such branch: master
2026-06-20 17:03:05.250 [info] > git for-each-ref --sort -committerdate --format %(refname)%00%(objectname)%00%(*objectname) [2ms]
2026-06-20 17:03:05.267 [info] > git status -z -uall [31ms]
2026-06-20 17:03:10.345 [info] [Git][getRemotes] No remotes found in the git config file
2026-06-20 17:03:10.346 [info] > git config --get commit.template [9ms]
2026-06-20 17:03:10.347 [info] > git for-each-ref --format=%(refname)%00%(upstream:short)%00%(objectname)%00%(upstream:track)%00%(upstream:remotename)%00%(upstream:remoteref) refs/heads/master refs/remotes/master [2ms]
2026-06-20 17:03:10.347 [warning] [Git][getBranch] No such branch: master
2026-06-20 17:03:10.375 [info] > git for-each-ref --sort -committerdate --format %(refname)%00%(objectname)%00%(*objectname) [4ms]
2026-06-20 17:03:10.386 [info] > git status -z -uall [31ms]
2026-06-20 17:03:11.142 [info] > git config --get commit.template [11ms]
2026-06-20 17:03:11.144 [info] > git for-each-ref --format=%(refname)%00%(upstream:short)%00%(objectname)%00%(upstream:track)%00%(upstream:remotename)%00%(upstream:remoteref) refs/heads/main refs/remotes/main [3ms]
2026-06-20 17:03:11.165 [info] > git status -z -uall [11ms]
2026-06-20 17:03:11.166 [info] > git for-each-ref --sort -committerdate --format %(refname)%00%(objectname)%00%(*objectname) [2ms]
2026-06-20 17:03:15.481 [info] [Git][getRemotes] No remotes found in the git config file
2026-06-20 17:03:15.482 [info] > git config --get commit.template [10ms]
2026-06-20 17:03:15.483 [info] > git for-each-ref --format=%(refname)%00%(upstream:short)%00%(objectname)%00%(upstream:track)%00%(upstream:remotename)%00%(upstream:remoteref) refs/heads/master refs/remotes/master [2ms]
2026-06-20 17:03:15.483 [warning] [Git][getBranch] No such branch: master
2026-06-20 17:03:15.509 [info] > git for-each-ref --sort -committerdate --format %(refname)%00%(objectname)%00%(*objectname) [3ms]
2026-06-20 17:03:15.521 [info] > git status -z -uall [28ms]
2026-06-20 17:03:20.599 [info] [Git][getRemotes] No remotes found in the git config file
2026-06-20 17:03:20.601 [info] > git config --get commit.template [10ms]
2026-06-20 17:03:20.601 [info] > git for-each-ref --format=%(refname)%00%(upstream:short)%00%(objectname)%00%(upstream:track)%00%(upstream:remotename)%00%(upstream:remoteref) refs/heads/master refs/remotes/master [2ms]
2026-06-20 17:03:20.601 [warning] [Git][getBranch] No such branch: master
2026-06-20 17:03:20.626 [info] > git for-each-ref --sort -committerdate --format %(refname)%00%(objectname)%00%(*objectname) [3ms]
2026-06-20 17:03:20.640 [info] > git status -z -uall [29ms]
2026-06-20 17:03:24.846 [info] > git config --get commit.template [10ms]
2026-06-20 17:03:24.847 [info] > git for-each-ref --format=%(refname)%00%(upstream:short)%00%(objectname)%00%(upstream:track)%00%(upstream:remotename)%00%(upstream:remoteref) refs/heads/main refs/remotes/main [3ms]
2026-06-20 17:03:24.867 [info] > git status -z -uall [11ms]
2026-06-20 17:03:24.868 [info] > git for-each-ref --sort -committerdate --format %(refname)%00%(objectname)%00%(*objectname) [3ms]
2026-06-20 17:03:25.721 [info] [Git][getRemotes] No remotes found in the git config file
2026-06-20 17:03:25.722 [info] > git config --get commit.template [10ms]
2026-06-20 17:03:25.723 [info] > git for-each-ref --format=%(refname)%00%(upstream:short)%00%(objectname)%00%(upstream:track)%00%(upstream:remotename)%00%(upstream:remoteref) refs/heads/master refs/remotes/master [2ms]
2026-06-20 17:03:25.723 [warning] [Git][getBranch] No such branch: master
2026-06-20 17:03:25.746 [info] > git for-each-ref --sort -committerdate --format %(refname)%00%(objectname)%00%(*objectname) [3ms]
2026-06-20 17:03:25.760 [info] > git status -z -uall [29ms]
2026-06-20 17:03:30.843 [info] [Git][getRemotes] No remotes found in the git config file
2026-06-20 17:03:30.844 [info] > git config --get commit.template [11ms]
2026-06-20 17:03:30.845 [info] > git for-each-ref --format=%(refname)%00%(upstream:short)%00%(objectname)%00%(upstream:track)%00%(upstream:remotename)%00%(upstream:remoteref) refs/heads/master refs/remotes/master [2ms]
2026-06-20 17:03:30.845 [warning] [Git][getBranch] No such branch: master
2026-06-20 17:03:30.870 [info] > git for-each-ref --sort -committerdate --format %(refname)%00%(objectname)%00%(*objectname) [3ms]
2026-06-20 17:03:30.887 [info] > git status -z -uall [33ms]
2026-06-20 17:03:34.234 [info] > git config --get commit.template [10ms]
2026-06-20 17:03:34.236 [info] > git for-each-ref --format=%(refname)%00%(upstream:short)%00%(objectname)%00%(upstream:track)%00%(upstream:remotename)%00%(upstream:remoteref) refs/heads/main refs/remotes/main [3ms]
2026-06-20 17:03:34.255 [info] > git status -z -uall [10ms]
2026-06-20 17:03:34.256 [info] > git for-each-ref --sort -committerdate --format %(refname)%00%(objectname)%00%(*objectname) [2ms]
2026-06-20 17:03:35.971 [info] [Git][getRemotes] No remotes found in the git config file
2026-06-20 17:03:35.972 [info] > git config --get commit.template [11ms]
2026-06-20 17:03:35.973 [info] > git for-each-ref --format=%(refname)%00%(upstream:short)%00%(objectname)%00%(upstream:track)%00%(upstream:remotename)%00%(upstream:remoteref) refs/heads/master refs/remotes/master [2ms]
2026-06-20 17:03:35.973 [warning] [Git][getBranch] No such branch: master
2026-06-20 17:03:35.999 [info] > git for-each-ref --sort -committerdate --format %(refname)%00%(objectname)%00%(*objectname) [4ms]
2026-06-20 17:03:36.015 [info] > git status -z -uall [33ms]
2026-06-20 17:03:41.100 [info] [Git][getRemotes] No remotes found in the git config file
2026-06-20 17:03:41.101 [info] > git config --get commit.template [10ms]
2026-06-20 17:03:41.102 [info] > git for-each-ref --format=%(refname)%00%(upstream:short)%00%(objectname)%00%(upstream:track)%00%(upstream:remotename)%00%(upstream:remoteref) refs/heads/master refs/remotes/master [2ms]
2026-06-20 17:03:41.102 [warning] [Git][getBranch] No such branch: master
2026-06-20 17:03:41.127 [info] > git for-each-ref --sort -committerdate --format %(refname)%00%(objectname)%00%(*objectname) [4ms]
2026-06-20 17:03:41.140 [info] > git status -z -uall [30ms]
2026-06-20 17:03:46.220 [info] [Git][getRemotes] No remotes found in the git config file
2026-06-20 17:03:46.221 [info] > git for-each-ref --format=%(refname)%00%(upstream:short)%00%(objectname)%00%(upstream:track)%00%(upstream:remotename)%00%(upstream:remoteref) refs/heads/master refs/remotes/master [1ms]
2026-06-20 17:03:46.221 [warning] [Git][getBranch] No such branch: master
2026-06-20 17:03:46.221 [info] > git config --get commit.template [12ms]
2026-06-20 17:03:46.248 [info] > git for-each-ref --sort -committerdate --format %(refname)%00%(objectname)%00%(*objectname) [4ms]
2026-06-20 17:03:46.261 [info] > git status -z -uall [31ms]
2026-06-20 17:04:08.756 [info] > git config --get commit.template [9ms]
2026-06-20 17:04:08.765 [info] [Git][getRemotes] No remotes found in the git config file
2026-06-20 17:04:08.767 [info] > git for-each-ref --format=%(refname)%00%(upstream:short)%00%(objectname)%00%(upstream:track)%00%(upstream:remotename)%00%(upstream:remoteref) refs/heads/master refs/remotes/master [2ms]
2026-06-20 17:04:08.767 [warning] [Git][getBranch] No such branch: master
2026-06-20 17:04:08.792 [info] > git for-each-ref --sort -committerdate --format %(refname)%00%(objectname)%00%(*objectname) [3ms]
2026-06-20 17:04:08.806 [info] > git status -z -uall [30ms]
2026-06-20 17:04:13.890 [info] [Git][getRemotes] No remotes found in the git config file
2026-06-20 17:04:13.890 [info] > git config --get commit.template [10ms]
2026-06-20 17:04:13.891 [info] > git for-each-ref --format=%(refname)%00%(upstream:short)%00%(objectname)%00%(upstream:track)%00%(upstream:remotename)%00%(upstream:remoteref) refs/heads/master refs/remotes/master [2ms]
2026-06-20 17:04:13.891 [warning] [Git][getBranch] No such branch: master
2026-06-20 17:04:13.915 [info] > git for-each-ref --sort -committerdate --format %(refname)%00%(objectname)%00%(*objectname) [3ms]
2026-06-20 17:04:13.928 [info] > git status -z -uall [29ms]
2026-06-20 17:04:19.009 [info] > git config --get commit.template [2ms]
2026-06-20 17:04:19.017 [info] [Git][getRemotes] No remotes found in the git config file
2026-06-20 17:04:19.019 [info] > git for-each-ref --format=%(refname)%00%(upstream:short)%00%(objectname)%00%(upstream:track)%00%(upstream:remotename)%00%(upstream:remoteref) refs/heads/master refs/remotes/master [2ms]
2026-06-20 17:04:19.019 [warning] [Git][getBranch] No such branch: master
2026-06-20 17:04:19.042 [info] > git for-each-ref --sort -committerdate --format %(refname)%00%(objectname)%00%(*objectname) [3ms]
2026-06-20 17:04:19.057 [info] > git status -z -uall [30ms]
2026-06-20 17:04:24.132 [info] > git config --get commit.template [4ms]
2026-06-20 17:04:24.141 [info] [Git][getRemotes] No remotes found in the git config file
2026-06-20 17:04:24.143 [info] > git for-each-ref --format=%(refname)%00%(upstream:short)%00%(objectname)%00%(upstream:track)%00%(upstream:remotename)%00%(upstream:remoteref) refs/heads/master refs/remotes/master [2ms]
2026-06-20 17:04:24.143 [warning] [Git][getBranch] No such branch: master
2026-06-20 17:04:24.170 [info] > git for-each-ref --sort -committerdate --format %(refname)%00%(objectname)%00%(*objectname) [4ms]
2026-06-20 17:04:24.182 [info] > git status -z -uall [30ms]
2026-06-20 17:04:29.264 [info] [Git][getRemotes] No remotes found in the git config file
2026-06-20 17:04:29.265 [info] > git config --get commit.template [10ms]
2026-06-20 17:04:29.266 [info] > git for-each-ref --format=%(refname)%00%(upstream:short)%00%(objectname)%00%(upstream:track)%00%(upstream:remotename)%00%(upstream:remoteref) refs/heads/master refs/remotes/master [2ms]
2026-06-20 17:04:29.266 [warning] [Git][getBranch] No such branch: master
2026-06-20 17:04:29.291 [info] > git for-each-ref --sort -committerdate --format %(refname)%00%(objectname)%00%(*objectname) [1ms]
2026-06-20 17:04:29.304 [info] > git status -z -uall [29ms]
2026-06-20 17:04:34.629 [info] [Git][getRemotes] No remotes found in the git config file
2026-06-20 17:04:34.640 [info] > git config --get commit.template [12ms]
2026-06-20 17:04:34.641 [info] > git for-each-ref --format=%(refname)%00%(upstream:short)%00%(objectname)%00%(upstream:track)%00%(upstream:remotename)%00%(upstream:remoteref) refs/heads/master refs/remotes/master [2ms]
2026-06-20 17:04:34.641 [warning] [Git][getBranch] No such branch: master
2026-06-20 17:04:34.669 [info] > git for-each-ref --sort -committerdate --format %(refname)%00%(objectname)%00%(*objectname) [4ms]
2026-06-20 17:04:34.683 [info] > git status -z -uall [33ms]
2026-06-20 17:04:43.446 [info] [Git][getRemotes] No remotes found in the git config file
2026-06-20 17:04:43.449 [info] > git config --get commit.template [13ms]
2026-06-20 17:04:43.450 [info] > git for-each-ref --format=%(refname)%00%(upstream:short)%00%(objectname)%00%(upstream:track)%00%(upstream:remotename)%00%(upstream:remoteref) refs/heads/master refs/remotes/master [4ms]
2026-06-20 17:04:43.450 [warning] [Git][getBranch] No such branch: master
2026-06-20 17:04:43.478 [info] > git for-each-ref --sort -committerdate --format %(refname)%00%(objectname)%00%(*objectname) [3ms]
2026-06-20 17:04:43.490 [info] > git status -z -uall [30ms]
2026-06-20 17:04:50.647 [info] [Git][getRemotes] No remotes found in the git config file
2026-06-20 17:04:50.647 [info] > git config --get commit.template [12ms]
2026-06-20 17:04:50.648 [info] > git for-each-ref --format=%(refname)%00%(upstream:short)%00%(objectname)%00%(upstream:track)%00%(upstream:remotename)%00%(upstream:remoteref) refs/heads/master refs/remotes/master [2ms]
2026-06-20 17:04:50.648 [warning] [Git][getBranch] No such branch: master
2026-06-20 17:04:50.677 [info] > git for-each-ref --sort -committerdate --format %(refname)%00%(objectname)%00%(*objectname) [3ms]
2026-06-20 17:04:50.688 [info] > git status -z -uall [30ms]
2026-06-20 17:04:55.797 [info] [Git][getRemotes] No remotes found in the git config file
2026-06-20 17:04:55.798 [info] > git config --get commit.template [12ms]
2026-06-20 17:04:55.799 [info] > git for-each-ref --format=%(refname)%00%(upstream:short)%00%(objectname)%00%(upstream:track)%00%(upstream:remotename)%00%(upstream:remoteref) refs/heads/master refs/remotes/master [2ms]
2026-06-20 17:04:55.799 [warning] [Git][getBranch] No such branch: master
2026-06-20 17:04:55.829 [info] > git for-each-ref --sort -committerdate --format %(refname)%00%(objectname)%00%(*objectname) [2ms]
2026-06-20 17:04:55.841 [info] > git status -z -uall [31ms]
2026-06-20 17:05:00.931 [info] [Git][getRemotes] No remotes found in the git config file
2026-06-20 17:05:00.932 [info] > git config --get commit.template [12ms]
2026-06-20 17:05:00.932 [info] > git for-each-ref --format=%(refname)%00%(upstream:short)%00%(objectname)%00%(upstream:track)%00%(upstream:remotename)%00%(upstream:remoteref) refs/heads/master refs/remotes/master [1ms]
2026-06-20 17:05:00.933 [warning] [Git][getBranch] No such branch: master
2026-06-20 17:05:00.970 [info] > git for-each-ref --sort -committerdate --format %(refname)%00%(objectname)%00%(*objectname) [10ms]
2026-06-20 17:05:00.977 [info] > git status -z -uall [33ms]
2026-06-20 17:05:06.071 [info] [Git][getRemotes] No remotes found in the git config file
2026-06-20 17:05:06.073 [info] > git config --get commit.template [14ms]
2026-06-20 17:05:06.073 [info] > git for-each-ref --format=%(refname)%00%(upstream:short)%00%(objectname)%00%(upstream:track)%00%(upstream:remotename)%00%(upstream:remoteref) refs/heads/master refs/remotes/master [2ms]
2026-06-20 17:05:06.073 [warning] [Git][getBranch] No such branch: master
2026-06-20 17:05:06.103 [info] > git for-each-ref --sort -committerdate --format %(refname)%00%(objectname)%00%(*objectname) [4ms]
2026-06-20 17:05:06.115 [info] > git status -z -uall [31ms]
2026-06-20 17:05:11.203 [info] [Git][getRemotes] No remotes found in the git config file
2026-06-20 17:05:11.204 [info] > git config --get commit.template [14ms]
2026-06-20 17:05:11.206 [info] > git for-each-ref --format=%(refname)%00%(upstream:short)%00%(objectname)%00%(upstream:track)%00%(upstream:remotename)%00%(upstream:remoteref) refs/heads/master refs/remotes/master [3ms]
2026-06-20 17:05:11.206 [warning] [Git][getBranch] No such branch: master
2026-06-20 17:05:11.240 [info] > git for-each-ref --sort -committerdate --format %(refname)%00%(objectname)%00%(*objectname) [1ms]
2026-06-20 17:05:11.251 [info] > git status -z -uall [32ms]
2026-06-20 17:05:16.335 [info] [Git][getRemotes] No remotes found in the git config file
2026-06-20 17:05:16.336 [info] > git config --get commit.template [12ms]
2026-06-20 17:05:16.337 [info] > git for-each-ref --format=%(refname)%00%(upstream:short)%00%(objectname)%00%(upstream:track)%00%(upstream:remotename)%00%(upstream:remoteref) refs/heads/master refs/remotes/master [2ms]
2026-06-20 17:05:16.337 [warning] [Git][getBranch] No such branch: master
2026-06-20 17:05:16.366 [info] > git for-each-ref --sort -committerdate --format %(refname)%00%(objectname)%00%(*objectname) [2ms]
2026-06-20 17:05:16.378 [info] > git status -z -uall [31ms]
2026-06-20 17:05:21.459 [info] [Git][getRemotes] No remotes found in the git config file
2026-06-20 17:05:21.460 [info] > git config --get commit.template [12ms]
2026-06-20 17:05:21.461 [info] > git for-each-ref --format=%(refname)%00%(upstream:short)%00%(objectname)%00%(upstream:track)%00%(upstream:remotename)%00%(upstream:remoteref) refs/heads/master refs/remotes/master [2ms]
2026-06-20 17:05:21.461 [warning] [Git][getBranch] No such branch: master
2026-06-20 17:05:21.490 [info] > git for-each-ref --sort -committerdate --format %(refname)%00%(objectname)%00%(*objectname) [2ms]
2026-06-20 17:05:21.505 [info] > git status -z -uall [33ms]
2026-06-20 17:05:40.397 [info] [Git][getRemotes] No remotes found in the git config file
2026-06-20 17:05:40.398 [info] > git config --get commit.template [13ms]
2026-06-20 17:05:40.399 [info] > git for-each-ref --format=%(refname)%00%(upstream:short)%00%(objectname)%00%(upstream:track)%00%(upstream:remotename)%00%(upstream:remoteref) refs/heads/master refs/remotes/master [2ms]
2026-06-20 17:05:40.399 [warning] [Git][getBranch] No such branch: master
2026-06-20 17:05:40.433 [info] > git for-each-ref --sort -committerdate --format %(refname)%00%(objectname)%00%(*objectname) [5ms]
2026-06-20 17:05:40.443 [info] > git status -z -uall [33ms]
2026-06-20 17:05:42.307 [info] > git check-ignore -v -z --stdin [1ms]
2026-06-20 17:05:44.449 [info] > git check-ignore -v -z --stdin [2ms]
2026-06-20 17:05:45.527 [info] [Git][getRemotes] No remotes found in the git config file
2026-06-20 17:05:45.527 [info] > git config --get commit.template [12ms]
2026-06-20 17:05:45.528 [info] > git for-each-ref --format=%(refname)%00%(upstream:short)%00%(objectname)%00%(upstream:track)%00%(upstream:remotename)%00%(upstream:remoteref) refs/heads/master refs/remotes/master [2ms]
2026-06-20 17:05:45.528 [warning] [Git][getBranch] No such branch: master
2026-06-20 17:05:45.558 [info] > git for-each-ref --sort -committerdate --format %(refname)%00%(objectname)%00%(*objectname) [3ms]
2026-06-20 17:05:45.569 [info] > git status -z -uall [30ms]
2026-06-20 17:05:50.654 [info] [Git][getRemotes] No remotes found in the git config file
2026-06-20 17:05:50.655 [info] > git config --get commit.template [12ms]
2026-06-20 17:05:50.656 [info] > git for-each-ref --format=%(refname)%00%(upstream:short)%00%(objectname)%00%(upstream:track)%00%(upstream:remotename)%00%(upstream:remoteref) refs/heads/master refs/remotes/master [2ms]
2026-06-20 17:05:50.656 [warning] [Git][getBranch] No such branch: master
2026-06-20 17:05:50.689 [info] > git for-each-ref --sort -committerdate --format %(refname)%00%(objectname)%00%(*objectname) [7ms]
2026-06-20 17:05:50.697 [info] > git status -z -uall [31ms]
2026-06-20 17:05:55.781 [info] [Git][getRemotes] No remotes found in the git config file
2026-06-20 17:05:55.781 [info] > git config --get commit.template [11ms]
2026-06-20 17:05:55.782 [info] > git for-each-ref --format=%(refname)%00%(upstream:short)%00%(objectname)%00%(upstream:track)%00%(upstream:remotename)%00%(upstream:remoteref) refs/heads/master refs/remotes/master [2ms]
2026-06-20 17:05:55.782 [warning] [Git][getBranch] No such branch: master
2026-06-20 17:05:55.812 [info] > git for-each-ref --sort -committerdate --format %(refname)%00%(objectname)%00%(*objectname) [4ms]
2026-06-20 17:05:55.822 [info] > git status -z -uall [30ms]
2026-06-20 17:06:00.909 [info] [Git][getRemotes] No remotes found in the git config file
2026-06-20 17:06:00.910 [info] > git config --get commit.template [14ms]
2026-06-20 17:06:00.911 [info] > git for-each-ref --format=%(refname)%00%(upstream:short)%00%(objectname)%00%(upstream:track)%00%(upstream:remotename)%00%(upstream:remoteref) refs/heads/master refs/remotes/master [2ms]
2026-06-20 17:06:00.911 [warning] [Git][getBranch] No such branch: master
2026-06-20 17:06:00.941 [info] > git for-each-ref --sort -committerdate --format %(refname)%00%(objectname)%00%(*objectname) [4ms]
2026-06-20 17:06:00.952 [info] > git status -z -uall [31ms]
2026-06-20 17:10:40.420 [info] [Git][getRemotes] No remotes found in the git config file
2026-06-20 17:10:40.430 [info] > git config --get commit.template [11ms]
2026-06-20 17:10:40.431 [info] > git for-each-ref --format=%(refname)%00%(upstream:short)%00%(objectname)%00%(upstream:track)%00%(upstream:remotename)%00%(upstream:remoteref) refs/heads/master refs/remotes/master [2ms]
2026-06-20 17:10:40.431 [warning] [Git][getBranch] No such branch: master
2026-06-20 17:10:40.458 [info] > git for-each-ref --sort -committerdate --format %(refname)%00%(objectname)%00%(*objectname) [3ms]
2026-06-20 17:10:40.487 [info] > git status -z -uall [48ms]
2026-06-20 17:10:45.616 [info] [Git][getRemotes] No remotes found in the git config file
2026-06-20 17:10:45.617 [info] > git config --get commit.template [10ms]
2026-06-20 17:10:45.618 [info] > git for-each-ref --format=%(refname)%00%(upstream:short)%00%(objectname)%00%(upstream:track)%00%(upstream:remotename)%00%(upstream:remoteref) refs/heads/master refs/remotes/master [2ms]
2026-06-20 17:10:45.618 [warning] [Git][getBranch] No such branch: master
2026-06-20 17:10:45.641 [info] > git for-each-ref --sort -committerdate --format %(refname)%00%(objectname)%00%(*objectname) [3ms]
2026-06-20 17:10:45.655 [info] > git status -z -uall [30ms]
2026-06-20 17:10:50.751 [info] [Git][getRemotes] No remotes found in the git config file
2026-06-20 17:10:50.755 [info] > git config --get commit.template [22ms]
2026-06-20 17:10:50.756 [info] > git for-each-ref --format=%(refname)%00%(upstream:short)%00%(objectname)%00%(upstream:track)%00%(upstream:remotename)%00%(upstream:remoteref) refs/heads/master refs/remotes/master [5ms]
2026-06-20 17:10:50.756 [warning] [Git][getBranch] No such branch: master
2026-06-20 17:10:50.792 [info] > git for-each-ref --sort -committerdate --format %(refname)%00%(objectname)%00%(*objectname) [3ms]
2026-06-20 17:10:50.804 [info] > git status -z -uall [36ms]
2026-06-20 17:10:55.903 [info] [Git][getRemotes] No remotes found in the git config file
2026-06-20 17:10:55.907 [info] > git config --get commit.template [12ms]
2026-06-20 17:10:55.907 [info] > git for-each-ref --format=%(refname)%00%(upstream:short)%00%(objectname)%00%(upstream:track)%00%(upstream:remotename)%00%(upstream:remoteref) refs/heads/master refs/remotes/master [4ms]
2026-06-20 17:10:55.907 [warning] [Git][getBranch] No such branch: master
2026-06-20 17:10:55.931 [info] > git for-each-ref --sort -committerdate --format %(refname)%00%(objectname)%00%(*objectname) [4ms]
2026-06-20 17:10:55.946 [info] > git status -z -uall [30ms]
2026-06-20 17:11:01.023 [info] > git config --get commit.template [1ms]
2026-06-20 17:11:01.024 [info] [Git][getRemotes] No remotes found in the git config file
2026-06-20 17:11:01.034 [info] > git for-each-ref --format=%(refname)%00%(upstream:short)%00%(objectname)%00%(upstream:track)%00%(upstream:remotename)%00%(upstream:remoteref) refs/heads/master refs/remotes/master [1ms]
2026-06-20 17:11:01.034 [warning] [Git][getBranch] No such branch: master
2026-06-20 17:11:01.062 [info] > git for-each-ref --sort -committerdate --format %(refname)%00%(objectname)%00%(*objectname) [4ms]
2026-06-20 17:11:01.074 [info] > git status -z -uall [30ms]
2026-06-20 17:11:06.166 [info] [Git][getRemotes] No remotes found in the git config file
2026-06-20 17:11:06.167 [info] > git config --get commit.template [10ms]
2026-06-20 17:11:06.168 [info] > git for-each-ref --format=%(refname)%00%(upstream:short)%00%(objectname)%00%(upstream:track)%00%(upstream:remotename)%00%(upstream:remoteref) refs/heads/master refs/remotes/master [2ms]
2026-06-20 17:11:06.168 [warning] [Git][getBranch] No such branch: master
2026-06-20 17:11:06.192 [info] > git for-each-ref --sort -committerdate --format %(refname)%00%(objectname)%00%(*objectname) [4ms]
2026-06-20 17:11:06.210 [info] > git status -z -uall [34ms]
2026-06-20 17:11:11.294 [info] [Git][getRemotes] No remotes found in the git config file
2026-06-20 17:11:11.295 [info] > git config --get commit.template [11ms]
2026-06-20 17:11:11.296 [info] > git for-each-ref --format=%(refname)%00%(upstream:short)%00%(objectname)%00%(upstream:track)%00%(upstream:remotename)%00%(upstream:remoteref) refs/heads/master refs/remotes/master [1ms]
2026-06-20 17:11:11.296 [warning] [Git][getBranch] No such branch: master
2026-06-20 17:11:11.320 [info] > git for-each-ref --sort -committerdate --format %(refname)%00%(objectname)%00%(*objectname) [4ms]
2026-06-20 17:11:11.333 [info] > git status -z -uall [29ms]
2026-06-20 17:11:16.419 [info] [Git][getRemotes] No remotes found in the git config file
2026-06-20 17:11:16.420 [info] > git config --get commit.template [12ms]
2026-06-20 17:11:16.421 [info] > git for-each-ref --format=%(refname)%00%(upstream:short)%00%(objectname)%00%(upstream:track)%00%(upstream:remotename)%00%(upstream:remoteref) refs/heads/master refs/remotes/master [2ms]
2026-06-20 17:11:16.421 [warning] [Git][getBranch] No such branch: master
2026-06-20 17:11:16.447 [info] > git for-each-ref --sort -committerdate --format %(refname)%00%(objectname)%00%(*objectname) [4ms]
2026-06-20 17:11:16.461 [info] > git status -z -uall [31ms]
2026-06-20 17:11:21.539 [info] > git config --get commit.template [4ms]
2026-06-20 17:11:21.548 [info] [Git][getRemotes] No remotes found in the git config file
2026-06-20 17:11:21.550 [info] > git for-each-ref --format=%(refname)%00%(upstream:short)%00%(objectname)%00%(upstream:track)%00%(upstream:remotename)%00%(upstream:remoteref) refs/heads/master refs/remotes/master [2ms]
2026-06-20 17:11:21.550 [warning] [Git][getBranch] No such branch: master
2026-06-20 17:11:21.576 [info] > git for-each-ref --sort -committerdate --format %(refname)%00%(objectname)%00%(*objectname) [5ms]
2026-06-20 17:11:21.592 [info] > git status -z -uall [33ms]
2026-06-20 17:11:26.672 [info] [Git][getRemotes] No remotes found in the git config file
2026-06-20 17:11:26.672 [info] > git config --get commit.template [11ms]
2026-06-20 17:11:26.673 [info] > git for-each-ref --format=%(refname)%00%(upstream:short)%00%(objectname)%00%(upstream:track)%00%(upstream:remotename)%00%(upstream:remoteref) refs/heads/master refs/remotes/master [2ms]
2026-06-20 17:11:26.673 [warning] [Git][getBranch] No such branch: master
2026-06-20 17:11:26.700 [info] > git for-each-ref --sort -committerdate --format %(refname)%00%(objectname)%00%(*objectname) [4ms]
2026-06-20 17:11:26.719 [info] > git status -z -uall [36ms]
2026-06-20 17:11:31.801 [info] > git config --get commit.template [12ms]
2026-06-20 17:11:31.802 [info] [Git][getRemotes] No remotes found in the git config file
2026-06-20 17:11:31.802 [info] > git for-each-ref --format=%(refname)%00%(upstream:short)%00%(objectname)%00%(upstream:track)%00%(upstream:remotename)%00%(upstream:remoteref) refs/heads/master refs/remotes/master [2ms]
2026-06-20 17:11:31.802 [warning] [Git][getBranch] No such branch: master
2026-06-20 17:11:31.834 [info] > git for-each-ref --sort -committerdate --format %(refname)%00%(objectname)%00%(*objectname) [4ms]
2026-06-20 17:11:31.845 [info] > git status -z -uall [32ms]
2026-06-20 17:11:36.930 [info] [Git][getRemotes] No remotes found in the git config file
2026-06-20 17:11:36.932 [info] > git config --get commit.template [4ms]
2026-06-20 17:11:36.949 [info] > git for-each-ref --format=%(refname)%00%(upstream:short)%00%(objectname)%00%(upstream:track)%00%(upstream:remotename)%00%(upstream:remoteref) refs/heads/master refs/remotes/master [3ms]
2026-06-20 17:11:36.949 [warning] [Git][getBranch] No such branch: master
2026-06-20 17:11:36.980 [info] > git for-each-ref --sort -committerdate --format %(refname)%00%(objectname)%00%(*objectname) [4ms]
2026-06-20 17:11:36.997 [info] > git status -z -uall [36ms]
2026-06-20 17:11:38.635 [info] > git check-ignore -v -z --stdin [12ms]
2026-06-20 17:11:38.636 [info] > git check-ignore -v -z --stdin [2ms]
2026-06-20 17:11:42.091 [info] [Git][getRemotes] No remotes found in the git config file
2026-06-20 17:11:42.092 [info] > git config --get commit.template [12ms]
2026-06-20 17:11:42.093 [info] > git for-each-ref --format=%(refname)%00%(upstream:short)%00%(objectname)%00%(upstream:track)%00%(upstream:remotename)%00%(upstream:remoteref) refs/heads/master refs/remotes/master [2ms]
2026-06-20 17:11:42.093 [warning] [Git][getBranch] No such branch: master
2026-06-20 17:11:42.123 [info] > git for-each-ref --sort -committerdate --format %(refname)%00%(objectname)%00%(*objectname) [4ms]
2026-06-20 17:11:42.134 [info] > git status -z -uall [30ms]
2026-06-20 17:11:42.857 [info] > git check-ignore -v -z --stdin [4ms]
2026-06-20 17:11:47.205 [info] [Git][getRemotes] No remotes found in the git config file
2026-06-20 17:11:47.215 [info] > git config --get commit.template [11ms]
2026-06-20 17:11:47.216 [info] > git for-each-ref --format=%(refname)%00%(upstream:short)%00%(objectname)%00%(upstream:track)%00%(upstream:remotename)%00%(upstream:remoteref) refs/heads/master refs/remotes/master [1ms]
2026-06-20 17:11:47.216 [warning] [Git][getBranch] No such branch: master
2026-06-20 17:11:47.244 [info] > git for-each-ref --sort -committerdate --format %(refname)%00%(objectname)%00%(*objectname) [1ms]
2026-06-20 17:11:47.259 [info] > git status -z -uall [33ms]
2026-06-20 17:11:52.341 [info] [Git][getRemotes] No remotes found in the git config file
2026-06-20 17:11:52.342 [info] > git config --get commit.template [10ms]
2026-06-20 17:11:52.343 [info] > git for-each-ref --format=%(refname)%00%(upstream:short)%00%(objectname)%00%(upstream:track)%00%(upstream:remotename)%00%(upstream:remoteref) refs/heads/master refs/remotes/master [2ms]
2026-06-20 17:11:52.343 [warning] [Git][getBranch] No such branch: master
2026-06-20 17:11:52.369 [info] > git for-each-ref --sort -committerdate --format %(refname)%00%(objectname)%00%(*objectname) [3ms]
2026-06-20 17:11:52.381 [info] > git status -z -uall [29ms]
2026-06-20 17:11:57.450 [info] [Git][getRemotes] No remotes found in the git config file
2026-06-20 17:11:57.461 [info] > git config --get commit.template [12ms]
2026-06-20 17:11:57.462 [info] > git for-each-ref --format=%(refname)%00%(upstream:short)%00%(objectname)%00%(upstream:track)%00%(upstream:remotename)%00%(upstream:remoteref) refs/heads/master refs/remotes/master [2ms]
2026-06-20 17:11:57.463 [warning] [Git][getBranch] No such branch: master
2026-06-20 17:11:57.490 [info] > git for-each-ref --sort -committerdate --format %(refname)%00%(objectname)%00%(*objectname) [4ms]
2026-06-20 17:11:57.502 [info] > git status -z -uall [30ms]
2026-06-20 17:12:02.586 [info] [Git][getRemotes] No remotes found in the git config file
2026-06-20 17:12:02.587 [info] > git config --get commit.template [14ms]
2026-06-20 17:12:02.588 [info] > git for-each-ref --format=%(refname)%00%(upstream:short)%00%(objectname)%00%(upstream:track)%00%(upstream:remotename)%00%(upstream:remoteref) refs/heads/master refs/remotes/master [2ms]
2026-06-20 17:12:02.588 [warning] [Git][getBranch] No such branch: master
2026-06-20 17:12:02.619 [info] > git for-each-ref --sort -committerdate --format %(refname)%00%(objectname)%00%(*objectname) [4ms]
2026-06-20 17:12:02.634 [info] > git status -z -uall [35ms]
2026-06-20 17:12:07.724 [info] [Git][getRemotes] No remotes found in the git config file
2026-06-20 17:12:07.725 [info] > git config --get commit.template [12ms]
2026-06-20 17:12:07.726 [info] > git for-each-ref --format=%(refname)%00%(upstream:short)%00%(objectname)%00%(upstream:track)%00%(upstream:remotename)%00%(upstream:remoteref) refs/heads/master refs/remotes/master [2ms]
2026-06-20 17:12:07.726 [warning] [Git][getBranch] No such branch: master
2026-06-20 17:12:07.753 [info] > git for-each-ref --sort -committerdate --format %(refname)%00%(objectname)%00%(*objectname) [3ms]
2026-06-20 17:12:07.765 [info] > git status -z -uall [30ms]
2026-06-20 17:12:16.601 [info] [Git][getRemotes] No remotes found in the git config file
2026-06-20 17:12:16.602 [info] > git config --get commit.template [12ms]
2026-06-20 17:12:16.603 [info] > git for-each-ref --format=%(refname)%00%(upstream:short)%00%(objectname)%00%(upstream:track)%00%(upstream:remotename)%00%(upstream:remoteref) refs/heads/master refs/remotes/master [2ms]
2026-06-20 17:12:16.603 [warning] [Git][getBranch] No such branch: master
2026-06-20 17:12:16.633 [info] > git for-each-ref --sort -committerdate --format %(refname)%00%(objectname)%00%(*objectname) [4ms]
2026-06-20 17:12:16.644 [info] > git status -z -uall [31ms]
2026-06-20 17:14:05.765 [info] [Git][getRemotes] No remotes found in the git config file
2026-06-20 17:14:05.766 [info] > git config --get commit.template [11ms]
2026-06-20 17:14:05.767 [info] > git for-each-ref --format=%(refname)%00%(upstream:short)%00%(objectname)%00%(upstream:track)%00%(upstream:remotename)%00%(upstream:remoteref) refs/heads/master refs/remotes/master [2ms]
2026-06-20 17:14:05.767 [warning] [Git][getBranch] No such branch: master
2026-06-20 17:14:05.791 [info] > git for-each-ref --sort -committerdate --format %(refname)%00%(objectname)%00%(*objectname) [4ms]
2026-06-20 17:14:05.808 [info] > git status -z -uall [33ms]
2026-06-20 17:14:10.888 [info] [Git][getRemotes] No remotes found in the git config file
2026-06-20 17:14:10.897 [info] > git config --get commit.template [9ms]
2026-06-20 17:14:10.897 [info] > git for-each-ref --format=%(refname)%00%(upstream:short)%00%(objectname)%00%(upstream:track)%00%(upstream:remotename)%00%(upstream:remoteref) refs/heads/master refs/remotes/master [1ms]
2026-06-20 17:14:10.898 [warning] [Git][getBranch] No such branch: master
2026-06-20 17:14:10.923 [info] > git for-each-ref --sort -committerdate --format %(refname)%00%(objectname)%00%(*objectname) [3ms]
2026-06-20 17:14:10.935 [info] > git status -z -uall [29ms]
