2026-06-18 10:26:28.150 [info] Reading sessions from keychain...
2026-06-18 10:26:28.150 [info] Getting sessions for all scopes...
2026-06-18 10:26:28.150 [info] Got 0 sessions for ...
2026-06-18 10:26:28.150 [info] Getting sessions for all scopes...
2026-06-18 10:26:28.150 [info] Got 0 sessions for ...
2026-06-18 10:26:28.150 [info] Getting sessions for all scopes...
2026-06-18 10:26:28.150 [info] Got 0 sessions for ...
2026-06-18 10:26:28.245 [info] Getting sessions for all scopes...
2026-06-18 10:26:28.245 [info] Got 0 sessions for ...
2026-06-18 10:26:28.245 [info] Getting sessions for all scopes...
2026-06-18 10:26:28.245 [info] Got 0 sessions for ...
2026-06-18 10:26:28.247 [info] Getting sessions for read:user,repo,user:email,workflow...
2026-06-18 10:26:28.248 [info] Got 0 sessions for read:user,repo,user:email,workflow...
2026-06-18 10:26:28.629 [info] Getting sessions for read:user,repo,user:email,workflow...
2026-06-18 10:26:28.629 [info] Got 0 sessions for read:user,repo,user:email,workflow...
2026-06-18 10:26:28.944 [info] Getting sessions for read:user,repo,user:email,workflow...
2026-06-18 10:26:28.944 [info] Got 0 sessions for read:user,repo,user:email,workflow...
2026-06-18 10:45:31.946 [info] Getting sessions for read:user,repo,user:email,workflow...
2026-06-18 10:45:31.946 [info] Got 0 sessions for read:user,repo,user:email,workflow...
2026-06-18 11:12:57.487 [info] Getting sessions for read:user,repo,user:email,workflow...
2026-06-18 11:12:57.488 [info] Got 0 sessions for read:user,repo,user:email,workflow...
2026-06-18 11:12:59.172 [info] Logging in with 'any' account...
2026-06-18 11:12:59.172 [info] Logging in for the following scopes: read:user repo user:email workflow
2026-06-18 11:12:59.421 [info] Trying device code flow... (read:user repo user:email workflow)
2026-06-18 11:13:39.164 [info] Getting user info...
2026-06-18 11:13:39.766 [info] Got account info!
2026-06-18 11:13:39.766 [info] Storing 1 sessions...
2026-06-18 11:13:39.885 [info] Reading sessions from keychain...
2026-06-18 11:13:39.885 [info] Stored 1 sessions!
2026-06-18 11:13:39.885 [info] Login success!
2026-06-18 11:13:39.999 [info] Got stored sessions!
2026-06-18 11:13:39.999 [info] Got 1 verified sessions.
2026-06-18 11:13:40.277 [info] Getting sessions for read:user,repo,user:email,workflow...
2026-06-18 11:13:40.277 [info] Got 1 sessions for read:user,repo,user:email,workflow...
