2026-06-20 17:18:12.191 [info] Extension host with pid 63588 started
2026-06-20 17:18:12.192 [error] Error: EEXIST: file already exists, open '/home/vsysuser/workspace/.openvscode-server/data/User/workspaceStorage/6bfb4301/vscode.lock'
2026-06-20 17:18:12.208 [info] Lock '/home/vsysuser/workspace/.openvscode-server/data/User/workspaceStorage/6bfb4301/vscode.lock': Could not acquire lock, checking if the file is stale.
2026-06-20 17:18:12.237 [info] Lock '/home/vsysuser/workspace/.openvscode-server/data/User/workspaceStorage/6bfb4301/vscode.lock': The lock does not look stale, elapsed: 312 ms, giving up.
2026-06-20 17:18:12.248 [info] Lock '/home/vsysuser/workspace/.openvscode-server/data/User/workspaceStorage/6bfb4301-1/vscode.lock': Lock acquired.
2026-06-20 17:18:12.354 [info] ExtensionService#_doActivateExtension vscode.git-base, startup: true, activationEvent: '*', root cause: vscode.git
2026-06-20 17:18:12.364 [info] ExtensionService#_doActivateExtension ms-python.python, startup: true, activationEvent: 'workspaceContains:requirements.txt'
2026-06-20 17:18:12.651 [info] ExtensionService#_doActivateExtension vscode.git, startup: true, activationEvent: '*'
2026-06-20 17:18:12.651 [info] ExtensionService#_doActivateExtension vscode.github, startup: true, activationEvent: '*'
2026-06-20 17:18:13.262 [warning] [Decorations] CAPPING events from decorations provider vscode.git 3962
2026-06-20 17:18:14.239 [warning] [Decorations] CAPPING events from decorations provider vscode.git 3963
2026-06-20 17:18:14.284 [info] ExtensionService#_doActivateExtension vscode.emmet, startup: false, activationEvent: 'onLanguage'
2026-06-20 17:18:15.931 [info] ExtensionService#_doActivateExtension vscode.github-authentication, startup: false, activationEvent: 'onAuthenticationRequest:github'
2026-06-20 17:18:16.318 [info] ExtensionService#_doActivateExtension vscode.terminal-suggest, startup: false, activationEvent: 'onTerminalShellIntegration:*'
2026-06-20 17:18:16.868 [info] Eager extensions activated
2026-06-20 17:18:16.869 [info] ExtensionService#_doActivateExtension vscode.debug-auto-launch, startup: false, activationEvent: 'onStartupFinished'
2026-06-20 17:18:16.869 [info] ExtensionService#_doActivateExtension vscode.merge-conflict, startup: false, activationEvent: 'onStartupFinished'
2026-06-20 17:18:16.870 [info] ExtensionService#_doActivateExtension Continue.continue, startup: false, activationEvent: 'onStartupFinished'
2026-06-20 17:18:16.870 [info] ExtensionService#_doActivateExtension vyomasystems.functional-coverage-viewer, startup: false, activationEvent: 'onStartupFinished'
2026-06-20 17:18:18.369 [warning] [Decorations] CAPPING events from decorations provider vscode.git 3967
2026-06-20 17:18:23.523 [warning] [Decorations] CAPPING events from decorations provider vscode.git 3968
2026-06-20 17:18:28.655 [warning] [Decorations] CAPPING events from decorations provider vscode.git 3968
2026-06-20 17:18:53.707 [warning] [Decorations] CAPPING events from decorations provider vscode.git 3968
2026-06-20 17:19:17.542 [warning] [Decorations] CAPPING events from decorations provider vscode.git 3968
2026-06-20 17:19:22.665 [warning] [Decorations] CAPPING events from decorations provider vscode.git 3968
2026-06-20 17:23:12.750 [warning] [Decorations] CAPPING events from decorations provider vscode.git 3968
2026-06-20 17:23:17.886 [warning] [Decorations] CAPPING events from decorations provider vscode.git 3967
2026-06-20 17:23:23.040 [warning] [Decorations] CAPPING events from decorations provider vscode.git 3967
2026-06-20 17:23:28.169 [warning] [Decorations] CAPPING events from decorations provider vscode.git 3967
2026-06-20 17:23:33.295 [warning] [Decorations] CAPPING events from decorations provider vscode.git 3967
2026-06-20 17:23:38.419 [warning] [Decorations] CAPPING events from decorations provider vscode.git 3967
2026-06-20 17:23:43.544 [warning] [Decorations] CAPPING events from decorations provider vscode.git 3967
2026-06-20 17:23:48.671 [warning] [Decorations] CAPPING events from decorations provider vscode.git 3967
2026-06-20 17:23:53.814 [warning] [Decorations] CAPPING events from decorations provider vscode.git 3967
2026-06-20 17:23:58.946 [warning] [Decorations] CAPPING events from decorations provider vscode.git 3967
2026-06-20 17:24:04.085 [warning] [Decorations] CAPPING events from decorations provider vscode.git 3967
2026-06-20 17:24:14.441 [warning] [Decorations] CAPPING events from decorations provider vscode.git 3967
2026-06-20 17:24:19.574 [warning] [Decorations] CAPPING events from decorations provider vscode.git 3967
2026-06-20 17:24:24.715 [warning] [Decorations] CAPPING events from decorations provider vscode.git 3967
2026-06-20 17:25:39.662 [warning] [Decorations] CAPPING events from decorations provider vscode.git 3967
2026-06-20 17:25:44.816 [warning] [Decorations] CAPPING events from decorations provider vscode.git 3967
2026-06-20 17:26:02.417 [warning] [Decorations] CAPPING events from decorations provider vscode.git 3967
2026-06-20 17:26:07.557 [warning] [Decorations] CAPPING events from decorations provider vscode.git 3967
2026-06-20 17:26:12.694 [warning] [Decorations] CAPPING events from decorations provider vscode.git 3967
2026-06-20 17:26:18.006 [warning] [Decorations] CAPPING events from decorations provider vscode.git 3967
2026-06-20 17:26:28.025 [warning] [Decorations] CAPPING events from decorations provider vscode.git 3967
2026-06-20 17:26:33.148 [warning] [Decorations] CAPPING events from decorations provider vscode.git 3967
2026-06-20 17:26:38.282 [warning] [Decorations] CAPPING events from decorations provider vscode.git 3967
2026-06-20 17:26:43.419 [warning] [Decorations] CAPPING events from decorations provider vscode.git 3967
2026-06-20 17:26:48.564 [warning] [Decorations] CAPPING events from decorations provider vscode.git 3967
2026-06-20 17:26:53.688 [warning] [Decorations] CAPPING events from decorations provider vscode.git 3967
2026-06-20 17:26:58.808 [warning] [Decorations] CAPPING events from decorations provider vscode.git 3967
2026-06-20 17:27:03.940 [warning] [Decorations] CAPPING events from decorations provider vscode.git 3967
2026-06-20 17:27:07.388 [info] ExtensionService#_doActivateExtension ms-python.debugpy, startup: false, activationEvent: 'onLanguage:python'
2026-06-20 17:27:07.389 [info] ExtensionService#_doActivateExtension ms-python.vscode-python-envs, startup: false, activationEvent: 'onLanguage:python'
2026-06-20 17:27:09.303 [warning] [Decorations] CAPPING events from decorations provider vscode.git 3969
2026-06-20 17:27:14.438 [warning] [Decorations] CAPPING events from decorations provider vscode.git 3969
2026-06-20 17:27:19.566 [warning] [Decorations] CAPPING events from decorations provider vscode.git 3969
2026-06-20 17:27:24.704 [warning] [Decorations] CAPPING events from decorations provider vscode.git 3969
2026-06-20 17:27:29.840 [warning] [Decorations] CAPPING events from decorations provider vscode.git 3969
2026-06-20 17:28:10.583 [warning] [Decorations] CAPPING events from decorations provider vscode.git 3969
2026-06-20 17:28:15.735 [warning] [Decorations] CAPPING events from decorations provider vscode.git 3969
2026-06-20 17:28:20.876 [warning] [Decorations] CAPPING events from decorations provider vscode.git 3969
2026-06-20 17:28:26.000 [warning] [Decorations] CAPPING events from decorations provider vscode.git 3969
2026-06-20 17:28:31.131 [warning] [Decorations] CAPPING events from decorations provider vscode.git 3969
2026-06-20 17:28:36.258 [warning] [Decorations] CAPPING events from decorations provider vscode.git 3969
2026-06-20 17:28:41.401 [warning] [Decorations] CAPPING events from decorations provider vscode.git 3969
2026-06-20 17:28:46.283 [error] Error: Python Environment Tools (PET) failed after 3 restart attempts. Please reload the window or check the output channel for details. To debug, run "Python Environments: Run Python Environment Tool (PET) in Terminal" from the Command Palette.
	at S.ensureProcessRunning (/home/vsysuser/workspace/.openvscode-server/extensions/ms-python.vscode-python-envs-1.20.1-universal/dist/extension.js:2:535872)
	at S.doRefresh (/home/vsysuser/workspace/.openvscode-server/extensions/ms-python.vscode-python-envs-1.20.1-universal/dist/extension.js:2:540575)
	at c.workerFunc (/home/vsysuser/workspace/.openvscode-server/extensions/ms-python.vscode-python-envs-1.20.1-universal/dist/extension.js:2:535168)
	at o.workFunc (/home/vsysuser/workspace/.openvscode-server/extensions/ms-python.vscode-python-envs-1.20.1-universal/dist/extension.js:2:287619)
	at o.start (/home/vsysuser/workspace/.openvscode-server/extensions/ms-python.vscode-python-envs-1.20.1-universal/dist/extension.js:2:286434)
2026-06-20 17:28:46.537 [warning] [Decorations] CAPPING events from decorations provider vscode.git 3969
2026-06-20 17:28:51.677 [warning] [Decorations] CAPPING events from decorations provider vscode.git 3969
2026-06-20 17:28:56.807 [warning] [Decorations] CAPPING events from decorations provider vscode.git 3969
2026-06-20 17:29:01.934 [warning] [Decorations] CAPPING events from decorations provider vscode.git 3969
2026-06-20 17:29:07.311 [warning] [Decorations] CAPPING events from decorations provider vscode.git 3969
2026-06-20 17:29:12.440 [warning] [Decorations] CAPPING events from decorations provider vscode.git 3969
2026-06-20 17:29:17.569 [warning] [Decorations] CAPPING events from decorations provider vscode.git 3969
2026-06-20 17:29:22.711 [warning] [Decorations] CAPPING events from decorations provider vscode.git 3969
2026-06-20 17:29:27.847 [warning] [Decorations] CAPPING events from decorations provider vscode.git 3969
2026-06-20 17:29:32.991 [warning] [Decorations] CAPPING events from decorations provider vscode.git 3969
2026-06-20 17:29:38.125 [warning] [Decorations] CAPPING events from decorations provider vscode.git 3969
2026-06-20 17:29:43.474 [warning] [Decorations] CAPPING events from decorations provider vscode.git 3969
2026-06-20 17:29:48.621 [warning] [Decorations] CAPPING events from decorations provider vscode.git 3969
2026-06-20 17:29:53.750 [warning] [Decorations] CAPPING events from decorations provider vscode.git 3969
2026-06-20 17:29:58.893 [warning] [Decorations] CAPPING events from decorations provider vscode.git 3969
2026-06-20 17:30:04.028 [warning] [Decorations] CAPPING events from decorations provider vscode.git 3969
2026-06-20 17:30:09.173 [warning] [Decorations] CAPPING events from decorations provider vscode.git 3969
2026-06-20 17:30:14.313 [warning] [Decorations] CAPPING events from decorations provider vscode.git 3969
2026-06-20 17:30:19.453 [warning] [Decorations] CAPPING events from decorations provider vscode.git 3969
2026-06-20 17:30:24.607 [warning] [Decorations] CAPPING events from decorations provider vscode.git 3969
2026-06-20 17:30:29.738 [warning] [Decorations] CAPPING events from decorations provider vscode.git 3969
2026-06-20 17:30:34.877 [warning] [Decorations] CAPPING events from decorations provider vscode.git 3969
2026-06-20 17:30:40.011 [warning] [Decorations] CAPPING events from decorations provider vscode.git 3969
2026-06-20 17:30:45.159 [warning] [Decorations] CAPPING events from decorations provider vscode.git 3969
2026-06-20 17:30:50.291 [warning] [Decorations] CAPPING events from decorations provider vscode.git 3969
2026-06-20 17:30:55.445 [warning] [Decorations] CAPPING events from decorations provider vscode.git 3969
2026-06-20 17:31:00.615 [warning] [Decorations] CAPPING events from decorations provider vscode.git 3969
2026-06-20 17:31:05.808 [warning] [Decorations] CAPPING events from decorations provider vscode.git 3969
2026-06-20 17:31:11.009 [warning] [Decorations] CAPPING events from decorations provider vscode.git 3969
2026-06-20 17:31:16.172 [warning] [Decorations] CAPPING events from decorations provider vscode.git 3969
2026-06-20 17:31:21.373 [warning] [Decorations] CAPPING events from decorations provider vscode.git 3969
2026-06-20 17:31:26.536 [warning] [Decorations] CAPPING events from decorations provider vscode.git 3969
2026-06-20 17:32:02.172 [warning] [Decorations] CAPPING events from decorations provider vscode.git 3969
2026-06-20 17:32:07.327 [warning] [Decorations] CAPPING events from decorations provider vscode.git 3969
2026-06-20 17:32:12.462 [warning] [Decorations] CAPPING events from decorations provider vscode.git 3969
2026-06-20 17:32:17.620 [warning] [Decorations] CAPPING events from decorations provider vscode.git 3969
2026-06-20 17:32:22.766 [warning] [Decorations] CAPPING events from decorations provider vscode.git 3969
2026-06-20 17:32:27.914 [warning] [Decorations] CAPPING events from decorations provider vscode.git 3969
2026-06-20 17:32:33.058 [warning] [Decorations] CAPPING events from decorations provider vscode.git 3969
2026-06-20 17:32:38.212 [warning] [Decorations] CAPPING events from decorations provider vscode.git 3969
2026-06-20 17:32:43.345 [warning] [Decorations] CAPPING events from decorations provider vscode.git 3969
2026-06-20 17:32:48.517 [warning] [Decorations] CAPPING events from decorations provider vscode.git 3969
2026-06-20 17:32:53.645 [warning] [Decorations] CAPPING events from decorations provider vscode.git 3969
2026-06-20 17:32:58.988 [warning] [Decorations] CAPPING events from decorations provider vscode.git 3969
2026-06-20 17:33:04.180 [warning] [Decorations] CAPPING events from decorations provider vscode.git 3969
2026-06-20 17:33:09.328 [warning] [Decorations] CAPPING events from decorations provider vscode.git 3969
2026-06-20 17:33:14.522 [warning] [Decorations] CAPPING events from decorations provider vscode.git 3969
2026-06-20 17:33:17.084 [info] ExtensionService#_doActivateExtension vscode.npm, startup: false, activationEvent: 'onTerminalQuickFixRequest:ms-vscode.npm-command'
2026-06-20 17:33:19.673 [warning] [Decorations] CAPPING events from decorations provider vscode.git 3969
2026-06-20 17:33:24.806 [warning] [Decorations] CAPPING events from decorations provider vscode.git 3969
2026-06-20 17:33:29.945 [warning] [Decorations] CAPPING events from decorations provider vscode.git 3969
2026-06-20 17:33:35.081 [warning] [Decorations] CAPPING events from decorations provider vscode.git 3969
2026-06-20 17:33:40.217 [warning] [Decorations] CAPPING events from decorations provider vscode.git 3969
2026-06-20 17:33:45.366 [warning] [Decorations] CAPPING events from decorations provider vscode.git 3969
2026-06-20 17:34:19.713 [warning] [Decorations] CAPPING events from decorations provider vscode.git 3969
2026-06-20 17:34:24.871 [warning] [Decorations] CAPPING events from decorations provider vscode.git 3969
2026-06-20 17:34:51.389 [warning] [Decorations] CAPPING events from decorations provider vscode.git 3969
2026-06-20 17:35:43.965 [warning] [Decorations] CAPPING events from decorations provider vscode.git 3969
2026-06-20 17:35:49.145 [warning] [Decorations] CAPPING events from decorations provider vscode.git 3969
2026-06-20 17:35:54.316 [warning] [Decorations] CAPPING events from decorations provider vscode.git 3969
2026-06-20 17:35:59.517 [warning] [Decorations] CAPPING events from decorations provider vscode.git 3969
2026-06-20 17:36:04.661 [warning] [Decorations] CAPPING events from decorations provider vscode.git 3969
2026-06-20 17:36:09.791 [warning] [Decorations] CAPPING events from decorations provider vscode.git 3969
2026-06-20 17:36:14.930 [warning] [Decorations] CAPPING events from decorations provider vscode.git 3969
2026-06-20 17:36:20.065 [warning] [Decorations] CAPPING events from decorations provider vscode.git 3969
2026-06-20 17:36:25.205 [warning] [Decorations] CAPPING events from decorations provider vscode.git 3969
2026-06-20 17:36:30.359 [warning] [Decorations] CAPPING events from decorations provider vscode.git 3969
2026-06-20 17:36:35.504 [warning] [Decorations] CAPPING events from decorations provider vscode.git 3969
2026-06-20 17:36:40.658 [warning] [Decorations] CAPPING events from decorations provider vscode.git 3969
2026-06-20 17:36:45.806 [warning] [Decorations] CAPPING events from decorations provider vscode.git 3969
2026-06-20 17:36:50.980 [warning] [Decorations] CAPPING events from decorations provider vscode.git 3969
2026-06-20 17:36:56.151 [warning] [Decorations] CAPPING events from decorations provider vscode.git 3969
2026-06-20 17:37:01.294 [warning] [Decorations] CAPPING events from decorations provider vscode.git 3969
2026-06-20 17:37:06.437 [warning] [Decorations] CAPPING events from decorations provider vscode.git 3969
2026-06-20 17:37:11.573 [warning] [Decorations] CAPPING events from decorations provider vscode.git 3969
2026-06-20 17:37:16.709 [warning] [Decorations] CAPPING events from decorations provider vscode.git 3969
2026-06-20 17:37:21.849 [warning] [Decorations] CAPPING events from decorations provider vscode.git 3969
2026-06-20 17:37:27.019 [warning] [Decorations] CAPPING events from decorations provider vscode.git 3969
2026-06-20 17:37:32.157 [warning] [Decorations] CAPPING events from decorations provider vscode.git 3969
2026-06-20 17:37:37.327 [warning] [Decorations] CAPPING events from decorations provider vscode.git 3969
2026-06-20 17:37:42.788 [warning] [Decorations] CAPPING events from decorations provider vscode.git 3969
2026-06-20 17:37:47.999 [warning] [Decorations] CAPPING events from decorations provider vscode.git 3969
2026-06-20 17:37:53.235 [warning] [Decorations] CAPPING events from decorations provider vscode.git 3969
2026-06-20 17:37:58.422 [warning] [Decorations] CAPPING events from decorations provider vscode.git 3969
2026-06-20 17:38:03.579 [warning] [Decorations] CAPPING events from decorations provider vscode.git 3969
2026-06-20 17:38:08.724 [warning] [Decorations] CAPPING events from decorations provider vscode.git 3969
2026-06-20 17:38:18.178 [warning] [Decorations] CAPPING events from decorations provider vscode.git 3969
2026-06-20 17:38:23.313 [warning] [Decorations] CAPPING events from decorations provider vscode.git 3969
2026-06-20 17:38:28.641 [warning] [Decorations] CAPPING events from decorations provider vscode.git 3969
2026-06-20 17:38:33.804 [warning] [Decorations] CAPPING events from decorations provider vscode.git 3969
2026-06-20 17:38:40.566 [warning] [Decorations] CAPPING events from decorations provider vscode.git 3969
2026-06-20 17:38:45.701 [warning] [Decorations] CAPPING events from decorations provider vscode.git 3969
2026-06-20 17:38:50.831 [warning] [Decorations] CAPPING events from decorations provider vscode.git 3969
2026-06-20 17:38:55.974 [warning] [Decorations] CAPPING events from decorations provider vscode.git 3969
2026-06-20 17:39:01.116 [warning] [Decorations] CAPPING events from decorations provider vscode.git 3969
2026-06-20 17:39:06.252 [warning] [Decorations] CAPPING events from decorations provider vscode.git 3969
2026-06-20 17:39:11.388 [warning] [Decorations] CAPPING events from decorations provider vscode.git 3969
2026-06-20 17:39:16.529 [warning] [Decorations] CAPPING events from decorations provider vscode.git 3969
2026-06-20 17:39:21.656 [warning] [Decorations] CAPPING events from decorations provider vscode.git 3969
2026-06-20 17:39:26.799 [warning] [Decorations] CAPPING events from decorations provider vscode.git 3969
2026-06-20 17:39:31.953 [warning] [Decorations] CAPPING events from decorations provider vscode.git 3969
2026-06-20 17:39:37.087 [warning] [Decorations] CAPPING events from decorations provider vscode.git 3969
2026-06-20 17:39:42.222 [warning] [Decorations] CAPPING events from decorations provider vscode.git 3970
2026-06-20 17:39:47.367 [warning] [Decorations] CAPPING events from decorations provider vscode.git 3970
2026-06-20 17:40:31.856 [warning] [Decorations] CAPPING events from decorations provider vscode.git 3970
2026-06-20 17:40:37.044 [warning] [Decorations] CAPPING events from decorations provider vscode.git 3970
2026-06-20 17:40:42.172 [warning] [Decorations] CAPPING events from decorations provider vscode.git 3970
2026-06-20 17:41:13.250 [warning] [Decorations] CAPPING events from decorations provider vscode.git 3970
2026-06-20 17:41:18.396 [warning] [Decorations] CAPPING events from decorations provider vscode.git 3970
2026-06-20 17:41:23.536 [warning] [Decorations] CAPPING events from decorations provider vscode.git 3970
2026-06-20 17:41:28.671 [warning] [Decorations] CAPPING events from decorations provider vscode.git 3970
2026-06-20 17:41:33.897 [warning] [Decorations] CAPPING events from decorations provider vscode.git 3972
2026-06-20 17:41:39.038 [warning] [Decorations] CAPPING events from decorations provider vscode.git 3972
2026-06-20 17:41:44.178 [warning] [Decorations] CAPPING events from decorations provider vscode.git 3972
2026-06-20 17:41:49.323 [warning] [Decorations] CAPPING events from decorations provider vscode.git 3972
2026-06-20 17:41:56.241 [warning] [Decorations] CAPPING events from decorations provider vscode.git 3972
2026-06-20 17:42:01.373 [warning] [Decorations] CAPPING events from decorations provider vscode.git 3972
2026-06-20 17:42:06.508 [warning] [Decorations] CAPPING events from decorations provider vscode.git 3972
