2026-06-20 17:27:07.795 [info] Python-envs extension version: 1.20.1
2026-06-20 17:27:07.795 [info] 
=== Python Envs Configuration Levels ===
2026-06-20 17:27:07.795 [info] {
  "section": "Python Envs Configuration Levels",
  "defaultEnvManager": {
    "workspaceFolderValue": "undefined",
    "workspaceValue": "undefined",
    "globalValue": "undefined",
    "defaultValue": "ms-python.python:venv"
  },
  "defaultPackageManager": {
    "workspaceFolderValue": "undefined",
    "workspaceValue": "undefined",
    "globalValue": "undefined",
    "defaultValue": "ms-python.python:pip"
  }
}
2026-06-20 17:27:07.795 [info] [pet] Starting Python Locator /home/vsysuser/workspace/.openvscode-server/extensions/ms-python.python-2026.4.0-universal/python-env-tools/bin/pet server
2026-06-20 17:27:07.795 [error] [pet] Process error: A system error occurred (spawn /home/vsysuser/workspace/.openvscode-server/extensions/ms-python.python-2026.4.0-universal/python-env-tools/bin/pet ENOENT)
2026-06-20 17:27:07.795 [warning] [pet] Restarting Python Environment Tools (attempt 1/3, waiting 1000ms)
2026-06-20 17:27:08.760 [info] [pet] Starting Python Locator /home/vsysuser/workspace/.openvscode-server/extensions/ms-python.python-2026.4.0-universal/python-env-tools/bin/pet server
2026-06-20 17:27:08.760 [info] [pet] Python Environment Tools restarted successfully
2026-06-20 17:27:08.763 [info] [pet] configure: Sending configuration update: {"workspaceDirectories":["/home/vsysuser/workspace"],"environmentDirectories":["/home/vsysuser/workspace/**/.venv"],"pipenvExecutable":"pipenv","poetryExecutable":"poetry","cacheDirectory":"/home/vsysuser/workspace/.openvscode-server/data/User/globalStorage/ms-python.vscode-python-envs/pythonLocator"}
2026-06-20 17:27:08.763 [error] [pet] Process error: A system error occurred (spawn /home/vsysuser/workspace/.openvscode-server/extensions/ms-python.python-2026.4.0-universal/python-env-tools/bin/pet ENOENT)
2026-06-20 17:27:38.762 [warning] [pet] Configure request timed out, killing hung process for restart
2026-06-20 17:27:38.762 [error] [pet] configure: Configuration error Request 'configure' timed out after 30000ms
2026-06-20 17:27:38.762 [warning] [pet] Request timed out, killing hung process for restart
2026-06-20 17:27:38.762 [error] [pet] Error refreshing Request 'configure' timed out after 30000ms
2026-06-20 17:27:38.763 [warning] [pet] Restarting Python Environment Tools (attempt 2/3, waiting 2000ms)
2026-06-20 17:27:38.764 [info] Conda not found, turning off conda features. [Error: Request 'configure' timed out after 30000ms
	at Timeout.<anonymous> (/home/vsysuser/workspace/.openvscode-server/extensions/ms-python.vscode-python-envs-1.20.1-universal/dist/extension.js:2:534062)
	at listOnTimeout (node:internal/timers:588:17)
	at process.processTimers (node:internal/timers:523:7)]
2026-06-20 17:27:40.774 [info] [pet] Starting Python Locator /home/vsysuser/workspace/.openvscode-server/extensions/ms-python.python-2026.4.0-universal/python-env-tools/bin/pet server
2026-06-20 17:27:40.775 [info] [pet] Python Environment Tools restarted successfully
2026-06-20 17:27:40.776 [info] [pet] configure: Sending configuration update: {"workspaceDirectories":["/home/vsysuser/workspace"],"environmentDirectories":["/home/vsysuser/workspace/**/.venv"],"pipenvExecutable":"pipenv","poetryExecutable":"poetry","cacheDirectory":"/home/vsysuser/workspace/.openvscode-server/data/User/globalStorage/ms-python.vscode-python-envs/pythonLocator"}
2026-06-20 17:27:40.777 [error] [pet] Process error: A system error occurred (spawn /home/vsysuser/workspace/.openvscode-server/extensions/ms-python.python-2026.4.0-universal/python-env-tools/bin/pet ENOENT)
2026-06-20 17:28:11.265 [warning] [pet] Configure request timed out, killing hung process for restart
2026-06-20 17:28:11.265 [error] [pet] configure: Configuration error Request 'configure' timed out after 30000ms
2026-06-20 17:28:11.265 [warning] [pet] Request timed out, killing hung process for restart
2026-06-20 17:28:11.265 [error] [pet] Error refreshing Request 'configure' timed out after 30000ms
2026-06-20 17:28:11.266 [warning] [pet] Restarting Python Environment Tools (attempt 3/3, waiting 4000ms)
2026-06-20 17:28:11.266 [info] Pipenv not found, turning off pipenv features. If you have pipenv installed in a non-standard location, set the "python.pipenvPath" setting. [Error: Request 'configure' timed out after 30000ms
	at Timeout.<anonymous> (/home/vsysuser/workspace/.openvscode-server/extensions/ms-python.vscode-python-envs-1.20.1-universal/dist/extension.js:2:534062)
	at listOnTimeout (node:internal/timers:588:17)
	at process.processTimers (node:internal/timers:523:7)]
2026-06-20 17:28:15.276 [info] [pet] Starting Python Locator /home/vsysuser/workspace/.openvscode-server/extensions/ms-python.python-2026.4.0-universal/python-env-tools/bin/pet server
2026-06-20 17:28:15.277 [info] [pet] Python Environment Tools restarted successfully
2026-06-20 17:28:15.278 [info] [pet] configure: Sending configuration update: {"workspaceDirectories":["/home/vsysuser/workspace"],"environmentDirectories":["/home/vsysuser/workspace/**/.venv"],"pipenvExecutable":"pipenv","poetryExecutable":"poetry","cacheDirectory":"/home/vsysuser/workspace/.openvscode-server/data/User/globalStorage/ms-python.vscode-python-envs/pythonLocator"}
2026-06-20 17:28:15.278 [error] [pet] Process error: A system error occurred (spawn /home/vsysuser/workspace/.openvscode-server/extensions/ms-python.python-2026.4.0-universal/python-env-tools/bin/pet ENOENT)
2026-06-20 17:28:24.793 [info] Refreshing pyenv environments
2026-06-20 17:28:45.277 [warning] [pet] Configure request timed out, killing hung process for restart
2026-06-20 17:28:45.277 [error] [pet] configure: Configuration error Request 'configure' timed out after 30000ms
2026-06-20 17:28:45.278 [warning] [pet] Request timed out, killing hung process for restart
2026-06-20 17:28:45.278 [error] [pet] Error refreshing Request 'configure' timed out after 30000ms
2026-06-20 17:28:45.278 [info] Poetry not found, turning off poetry features. [Error: Request 'configure' timed out after 30000ms
	at Timeout.<anonymous> (/home/vsysuser/workspace/.openvscode-server/extensions/ms-python.vscode-python-envs-1.20.1-universal/dist/extension.js:2:534062)
	at listOnTimeout (node:internal/timers:588:17)
	at process.processTimers (node:internal/timers:523:7)]
2026-06-20 17:28:45.280 [info] [interpreterSelection] Applying initial environment selection for 1 workspace folder(s)
2026-06-20 17:28:45.281 [error] Unable to handle /home/vsysuser/.pyenv/versions/3.10.10/envs/uptickpro_rv
2026-06-20 17:28:45.281 [error] [autoDiscover] Failed to check venv manager: Error: Python Environment Tools (PET) failed after 3 restart attempts. Please reload the window or check the output channel for details. To debug, run "Python Environments: Run Python Environment Tool (PET) in Terminal" from the Command Palette.
2026-06-20 17:28:45.282 [error] [interpreterSelection] Failed to set environment for /home/vsysuser/workspace: Error: Python Environment Tools (PET) failed after 3 restart attempts. Please reload the window or check the output channel for details. To debug, run "Python Environments: Run Python Environment Tool (PET) in Terminal" from the Command Palette.
2026-06-20 17:28:45.334 [info] [interpreterSelection] global: none (source: autoDiscovery)
2026-06-20 17:28:54.277 [error] Unable to handle /home/vsysuser/.pyenv/versions/3.10.10/envs/uptickpro_rv
2026-06-20 17:28:54.296 [error] Unable to handle /home/vsysuser/.pyenv/versions/3.10.10/envs/uptickpro_rv
2026-06-20 17:32:25.644 [error] Unable to handle /home/vsysuser/.pyenv/versions/3.10.10/envs/uptickpro_rv
2026-06-20 17:32:25.669 [error] Unable to handle /home/vsysuser/.pyenv/versions/3.10.10/envs/uptickpro_rv
2026-06-20 17:32:30.584 [error] Unable to handle /home/vsysuser/.pyenv/versions/3.10.10/envs/uptickpro_rv
2026-06-20 17:32:30.603 [error] Unable to handle /home/vsysuser/.pyenv/versions/3.10.10/envs/uptickpro_rv
2026-06-20 17:32:45.037 [error] Unable to handle /home/vsysuser/.pyenv/versions/3.10.10/envs/uptickpro_rv
2026-06-20 17:32:45.060 [error] Unable to handle /home/vsysuser/.pyenv/versions/3.10.10/envs/uptickpro_rv
2026-06-20 17:33:12.639 [error] Unable to handle /home/vsysuser/.pyenv/versions/3.10.10/envs/uptickpro_rv
2026-06-20 17:33:12.656 [error] Unable to handle /home/vsysuser/.pyenv/versions/3.10.10/envs/uptickpro_rv
2026-06-20 17:36:07.532 [error] Unable to handle /home/vsysuser/.pyenv/versions/3.10.10/envs/uptickpro_rv
2026-06-20 17:36:07.550 [error] Unable to handle /home/vsysuser/.pyenv/versions/3.10.10/envs/uptickpro_rv
2026-06-20 17:36:18.840 [error] Unable to handle /home/vsysuser/.pyenv/versions/3.10.10/envs/uptickpro_rv
2026-06-20 17:36:18.862 [error] Unable to handle /home/vsysuser/.pyenv/versions/3.10.10/envs/uptickpro_rv
