2026-06-18 10:26:25.721 [info] [main] Log level: Info
2026-06-18 10:26:25.722 [info] [main] Validating found git in: "git"
2026-06-18 10:26:25.722 [info] [main] Using git "2.43.0" from "git"
2026-06-18 10:26:25.722 [info] [Model][doInitialScan] Initial repository scan started
2026-06-18 10:26:25.722 [info] > git rev-parse --show-toplevel [4ms]
2026-06-18 10:26:25.722 [info] fatal: not a git repository (or any of the parent directories): .git
2026-06-18 10:26:25.722 [info] > git rev-parse --show-toplevel [3ms]
2026-06-18 10:26:25.722 [info] fatal: not a git repository (or any of the parent directories): .git
2026-06-18 10:26:25.722 [info] > git rev-parse --show-toplevel [2ms]
2026-06-18 10:26:25.722 [info] fatal: not a git repository (or any of the parent directories): .git
2026-06-18 10:26:25.722 [info] > git rev-parse --show-toplevel [3ms]
2026-06-18 10:26:25.722 [info] fatal: not a git repository (or any of the parent directories): .git
2026-06-18 10:26:25.722 [info] > git rev-parse --show-toplevel [172ms]
2026-06-18 10:26:25.722 [info] fatal: not a git repository (or any of the parent directories): .git
2026-06-18 10:26:25.722 [info] > git rev-parse --show-toplevel [3ms]
2026-06-18 10:26:25.722 [info] fatal: not a git repository (or any of the parent directories): .git
2026-06-18 10:26:25.730 [info] > git rev-parse --show-toplevel [2ms]
2026-06-18 10:26:25.730 [info] fatal: not a git repository (or any of the parent directories): .git
2026-06-18 10:26:25.739 [info] > git rev-parse --show-toplevel [2ms]
2026-06-18 10:26:25.758 [info] > git rev-parse --git-dir --git-common-dir --show-superproject-working-tree [12ms]
2026-06-18 10:26:25.776 [info] [Model][openRepository] Opened repository (path): /home/vsysuser/workspace/assignment1-adzmir32
2026-06-18 10:26:25.776 [info] [Model][openRepository] Opened repository (real path): /home/vsysuser/workspace/assignment1-adzmir32
2026-06-18 10:26:25.776 [info] [Model][openRepository] Opened repository (kind): repository
2026-06-18 10:26:25.795 [info] > git config --get commit.template [8ms]
2026-06-18 10:26:25.797 [info] > git rev-parse --show-toplevel [3ms]
2026-06-18 10:26:25.797 [info] fatal: not a git repository (or any of the parent directories): .git
2026-06-18 10:26:25.815 [info] > git for-each-ref --format=%(refname)%00%(upstream:short)%00%(objectname)%00%(upstream:track)%00%(upstream:remotename)%00%(upstream:remoteref) refs/heads/main refs/remotes/main [9ms]
2026-06-18 10:26:25.818 [info] > git rev-parse --show-toplevel [5ms]
2026-06-18 10:26:25.818 [info] fatal: not a git repository (or any of the parent directories): .git
2026-06-18 10:26:25.886 [info] > git status -z -uall [27ms]
2026-06-18 10:26:25.886 [info] > git rev-parse --show-toplevel [60ms]
2026-06-18 10:26:25.889 [info] > git for-each-ref --sort -committerdate --format %(refname)%00%(objectname)%00%(*objectname) [20ms]
2026-06-18 10:26:25.957 [info] > git for-each-ref --format=%(refname)%00%(upstream:short)%00%(objectname)%00%(upstream:track)%00%(upstream:remotename)%00%(upstream:remoteref) refs/heads/main refs/remotes/main [30ms]
2026-06-18 10:26:25.973 [info] > git config --get commit.template [16ms]
2026-06-18 10:26:25.973 [info] > git rev-parse --git-dir --git-common-dir --show-superproject-working-tree [31ms]
2026-06-18 10:26:25.981 [info] [Model][openRepository] Opened repository (path): /home/vsysuser/workspace/forked_repo
2026-06-18 10:26:25.982 [info] [Model][openRepository] Opened repository (real path): /home/vsysuser/workspace/forked_repo
2026-06-18 10:26:25.982 [info] [Model][openRepository] Opened repository (kind): repository
2026-06-18 10:26:26.010 [info] > git config --get --local branch.main.vscode-merge-base [40ms]
2026-06-18 10:26:26.037 [info] > git rev-parse --show-toplevel [29ms]
2026-06-18 10:26:26.037 [info] > git config --get commit.template [41ms]
2026-06-18 10:26:26.039 [info] > git for-each-ref --format=%(refname)%00%(upstream:short)%00%(objectname)%00%(upstream:track)%00%(upstream:remotename)%00%(upstream:remoteref) refs/heads/origin/main refs/remotes/origin/main [17ms]
2026-06-18 10:26:26.080 [info] > git for-each-ref --format=%(refname)%00%(upstream:short)%00%(objectname)%00%(upstream:track)%00%(upstream:remotename)%00%(upstream:remoteref) refs/heads/main refs/remotes/main [47ms]
2026-06-18 10:26:26.096 [info] > git rev-parse --git-dir --git-common-dir --show-superproject-working-tree [27ms]
2026-06-18 10:26:26.102 [info] [Model][openRepository] Opened repository (path): /home/vsysuser/workspace/learn_git
2026-06-18 10:26:26.102 [info] [Model][openRepository] Opened repository (real path): /home/vsysuser/workspace/learn_git
2026-06-18 10:26:26.102 [info] [Model][openRepository] Opened repository (kind): repository
2026-06-18 10:26:26.103 [info] > git merge-base refs/heads/main refs/remotes/origin/main [53ms]
2026-06-18 10:26:26.138 [info] > git for-each-ref --format=%(refname)%00%(upstream:short)%00%(objectname)%00%(upstream:track)%00%(upstream:remotename)%00%(upstream:remoteref) refs/heads/my-feature refs/remotes/my-feature [59ms]
2026-06-18 10:26:26.144 [info] > git rev-parse --show-toplevel [18ms]
2026-06-18 10:26:26.144 [info] fatal: not a git repository (or any of the parent directories): .git
2026-06-18 10:26:26.144 [info] [Model][doInitialScan] Initial repository scan completed - repositories (3), closed repositories (0), parent repositories (0), unsafe repositories (0)
2026-06-18 10:26:26.144 [info] > git config --get commit.template [25ms]
2026-06-18 10:26:26.145 [info] > git diff --name-status -z --diff-filter=ADMR 3fc55ef58cab207a17666d01e6f30afc2874aeb6...refs/remotes/origin/main [34ms]
2026-06-18 10:26:26.172 [info] > git status -z -uall [19ms]
2026-06-18 10:26:26.172 [info] > git for-each-ref --sort -committerdate --format %(refname)%00%(objectname)%00%(*objectname) [11ms]
2026-06-18 10:26:26.180 [info] > git for-each-ref --format=%(refname)%00%(upstream:short)%00%(objectname)%00%(upstream:track)%00%(upstream:remotename)%00%(upstream:remoteref) refs/heads/main refs/remotes/main [9ms]
2026-06-18 10:26:26.198 [info] > git status -z -uall [9ms]
2026-06-18 10:26:26.199 [info] > git for-each-ref --sort -committerdate --format %(refname)%00%(objectname)%00%(*objectname) [3ms]
2026-06-18 10:26:26.235 [info] > git status -z -uall [8ms]
2026-06-18 10:26:26.235 [info] > git for-each-ref --format=%(refname)%00%(upstream:short)%00%(objectname)%00%(upstream:track)%00%(upstream:remotename)%00%(upstream:remoteref) refs/heads/my-feature refs/remotes/my-feature [26ms]
2026-06-18 10:26:26.244 [info] > git for-each-ref --sort -committerdate --format %(refname)%00%(objectname)%00%(*objectname) [10ms]
2026-06-18 10:26:26.257 [info] > git config --get commit.template [39ms]
2026-06-18 10:26:26.274 [info] > git for-each-ref --format=%(refname)%00%(upstream:short)%00%(objectname)%00%(upstream:track)%00%(upstream:remotename)%00%(upstream:remoteref) refs/heads/main refs/remotes/main [19ms]
2026-06-18 10:26:26.282 [info] > git config --get --local branch.my-feature.vscode-merge-base [40ms]
2026-06-18 10:26:26.290 [info] > git config --get --local branch.main.vscode-merge-base [9ms]
2026-06-18 10:26:26.290 [warning] [Git][config] git config failed: Failed to execute git
2026-06-18 10:26:26.297 [info] > git config --get commit.template [25ms]
2026-06-18 10:26:26.297 [info] > git for-each-ref --format=%(refname)%00%(upstream:short)%00%(objectname)%00%(upstream:track)%00%(upstream:remotename)%00%(upstream:remoteref) refs/heads/my-feature refs/remotes/my-feature [32ms]
2026-06-18 10:26:26.306 [info] > git reflog main --grep-reflog=branch: Created from *. [9ms]
2026-06-18 10:26:26.306 [info] fatal: ambiguous argument 'main': both revision and filename
Use '--' to separate paths from revisions, like this:
'git <command> [<revision>...] -- [<file>...]'
2026-06-18 10:26:26.311 [info] > git for-each-ref --format=%(refname)%00%(upstream:short)%00%(objectname)%00%(upstream:track)%00%(upstream:remotename)%00%(upstream:remoteref) refs/heads/origin/main refs/remotes/origin/main [23ms]
2026-06-18 10:26:26.326 [info] > git check-ignore -v -z --stdin [22ms]
2026-06-18 10:26:26.328 [info] > git symbolic-ref --short refs/remotes/origin/HEAD [16ms]
2026-06-18 10:26:26.328 [info] fatal: ref refs/remotes/origin/HEAD is not a symbolic ref
2026-06-18 10:26:26.328 [warning] [Repository][getDefaultBranch] Failed to get default branch details: Failed to execute git.
2026-06-18 10:26:26.335 [info] > git for-each-ref --format=%(refname)%00%(upstream:short)%00%(objectname)%00%(upstream:track)%00%(upstream:remotename)%00%(upstream:remoteref) refs/heads/main refs/remotes/main [10ms]
2026-06-18 10:26:26.335 [info] > git merge-base refs/heads/my-feature refs/remotes/origin/my-feature [17ms]
2026-06-18 10:26:26.356 [info] > git status -z -uall [8ms]
2026-06-18 10:26:26.356 [info] > git merge-base refs/heads/main refs/remotes/origin/main [23ms]
2026-06-18 10:26:26.391 [info] > git for-each-ref --sort -committerdate --format %(refname)%00%(objectname)%00%(*objectname) [36ms]
2026-06-18 10:26:26.401 [info] > git diff --name-status -z --diff-filter=ADMR 9ad57ea842daf498c7e4c4aabb8b9db9460a511a...refs/remotes/origin/my-feature [60ms]
2026-06-18 10:26:26.404 [info] > git merge-base refs/heads/my-feature refs/remotes/origin/my-feature [4ms]
2026-06-18 10:26:26.411 [info] > git diff --name-status -z --diff-filter=ADMR 17c4a7c6d3c2b6017a0bb27188289601dce6e979...refs/remotes/origin/main [49ms]
2026-06-18 10:26:26.426 [info] > git status -z -uall [8ms]
2026-06-18 10:26:26.427 [info] > git diff --name-status -z --diff-filter=ADMR 9ad57ea842daf498c7e4c4aabb8b9db9460a511a...refs/remotes/origin/my-feature [17ms]
2026-06-18 10:26:26.428 [info] > git for-each-ref --sort -committerdate --format %(refname)%00%(objectname)%00%(*objectname) [4ms]
2026-06-18 10:26:27.985 [info] > git check-ignore -v -z --stdin [5ms]
2026-06-18 10:26:37.153 [info] > git check-ignore -v -z --stdin [19ms]
2026-06-18 10:26:37.153 [info] > git check-ignore -v -z --stdin [9ms]
2026-06-18 10:26:37.217 [info] > git rev-parse --show-toplevel [3ms]
2026-06-18 10:26:37.217 [info] fatal: not a git repository (or any of the parent directories): .git
2026-06-18 10:26:37.535 [info] > git show --textconv :modules/02-git-version-control/SUBMISSION.md [12ms]
2026-06-18 10:26:37.537 [info] > git ls-files --stage -- modules/02-git-version-control/SUBMISSION.md [7ms]
2026-06-18 10:26:37.546 [info] > git cat-file -s 2d4721561a2efce658e7ed699d173c3b52b454be [2ms]
2026-06-18 10:26:37.765 [info] > git blame --root --incremental 3fc55ef58cab207a17666d01e6f30afc2874aeb6 -- modules/02-git-version-control/SUBMISSION.md [4ms]
2026-06-18 10:26:38.377 [info] > git rev-parse --show-toplevel [2ms]
2026-06-18 10:26:38.377 [info] fatal: not a git repository (or any of the parent directories): .git
2026-06-18 10:26:38.469 [info] > git rev-parse --show-toplevel [3ms]
2026-06-18 10:26:38.470 [info] fatal: not a git repository (or any of the parent directories): .git
2026-06-18 10:26:38.481 [info] > git rev-parse --show-toplevel [3ms]
2026-06-18 10:26:38.481 [info] fatal: not a git repository (or any of the parent directories): .git
2026-06-18 10:26:39.647 [info] > git check-ignore -v -z --stdin [1ms]
2026-06-18 10:26:39.996 [info] > git rev-parse --show-toplevel [2ms]
2026-06-18 10:26:39.996 [info] fatal: not a git repository (or any of the parent directories): .git
2026-06-18 10:35:49.632 [info] > git check-ignore -v -z --stdin [2ms]
2026-06-18 10:40:11.400 [info] > git config --get commit.template [11ms]
2026-06-18 10:40:11.401 [info] > git for-each-ref --format=%(refname)%00%(upstream:short)%00%(objectname)%00%(upstream:track)%00%(upstream:remotename)%00%(upstream:remoteref) refs/heads/main refs/remotes/main [2ms]
2026-06-18 10:40:11.424 [info] > git status -z -uall [13ms]
2026-06-18 10:40:11.425 [info] > git for-each-ref --sort -committerdate --format %(refname)%00%(objectname)%00%(*objectname) [4ms]
2026-06-18 10:40:12.205 [info] > git check-ignore -v -z --stdin [2ms]
2026-06-18 10:41:08.534 [info] > git config --get commit.template [13ms]
2026-06-18 10:41:08.536 [info] > git for-each-ref --format=%(refname)%00%(upstream:short)%00%(objectname)%00%(upstream:track)%00%(upstream:remotename)%00%(upstream:remoteref) refs/heads/main refs/remotes/main [3ms]
2026-06-18 10:41:08.569 [info] > git status -z -uall [22ms]
2026-06-18 10:41:08.572 [info] > git for-each-ref --sort -committerdate --format %(refname)%00%(objectname)%00%(*objectname) [3ms]
2026-06-18 10:41:13.596 [info] > git config --get commit.template [9ms]
2026-06-18 10:41:13.597 [info] > git for-each-ref --format=%(refname)%00%(upstream:short)%00%(objectname)%00%(upstream:track)%00%(upstream:remotename)%00%(upstream:remoteref) refs/heads/main refs/remotes/main [3ms]
2026-06-18 10:41:13.619 [info] > git status -z -uall [13ms]
2026-06-18 10:41:13.620 [info] > git for-each-ref --sort -committerdate --format %(refname)%00%(objectname)%00%(*objectname) [2ms]
2026-06-18 10:42:46.760 [info] > git config --get commit.template [10ms]
2026-06-18 10:42:46.761 [info] > git for-each-ref --format=%(refname)%00%(upstream:short)%00%(objectname)%00%(upstream:track)%00%(upstream:remotename)%00%(upstream:remoteref) refs/heads/main refs/remotes/main [3ms]
2026-06-18 10:42:46.783 [info] > git status -z -uall [13ms]
2026-06-18 10:42:46.785 [info] > git for-each-ref --sort -committerdate --format %(refname)%00%(objectname)%00%(*objectname) [3ms]
2026-06-18 10:42:52.702 [info] > git config --get commit.template [12ms]
2026-06-18 10:42:52.704 [info] > git for-each-ref --format=%(refname)%00%(upstream:short)%00%(objectname)%00%(upstream:track)%00%(upstream:remotename)%00%(upstream:remoteref) refs/heads/main refs/remotes/main [3ms]
2026-06-18 10:42:52.727 [info] > git status -z -uall [12ms]
2026-06-18 10:42:52.729 [info] > git for-each-ref --sort -committerdate --format %(refname)%00%(objectname)%00%(*objectname) [3ms]
2026-06-18 10:42:57.744 [info] > git config --get commit.template [2ms]
2026-06-18 10:42:57.756 [info] > git for-each-ref --format=%(refname)%00%(upstream:short)%00%(objectname)%00%(upstream:track)%00%(upstream:remotename)%00%(upstream:remoteref) refs/heads/main refs/remotes/main [2ms]
2026-06-18 10:42:57.776 [info] > git status -z -uall [11ms]
2026-06-18 10:42:57.778 [info] > git for-each-ref --sort -committerdate --format %(refname)%00%(objectname)%00%(*objectname) [3ms]
2026-06-18 10:43:02.816 [info] > git config --get commit.template [20ms]
2026-06-18 10:43:02.818 [info] > git for-each-ref --format=%(refname)%00%(upstream:short)%00%(objectname)%00%(upstream:track)%00%(upstream:remotename)%00%(upstream:remoteref) refs/heads/main refs/remotes/main [3ms]
2026-06-18 10:43:02.845 [info] > git status -z -uall [14ms]
2026-06-18 10:43:02.846 [info] > git for-each-ref --sort -committerdate --format %(refname)%00%(objectname)%00%(*objectname) [3ms]
2026-06-18 10:43:07.881 [info] > git config --get commit.template [18ms]
2026-06-18 10:43:07.882 [info] > git for-each-ref --format=%(refname)%00%(upstream:short)%00%(objectname)%00%(upstream:track)%00%(upstream:remotename)%00%(upstream:remoteref) refs/heads/main refs/remotes/main [3ms]
2026-06-18 10:43:07.916 [info] > git status -z -uall [13ms]
2026-06-18 10:43:07.919 [info] > git for-each-ref --sort -committerdate --format %(refname)%00%(objectname)%00%(*objectname) [3ms]
2026-06-18 10:43:12.944 [info] > git config --get commit.template [11ms]
2026-06-18 10:43:12.945 [info] > git for-each-ref --format=%(refname)%00%(upstream:short)%00%(objectname)%00%(upstream:track)%00%(upstream:remotename)%00%(upstream:remoteref) refs/heads/main refs/remotes/main [2ms]
2026-06-18 10:43:12.969 [info] > git status -z -uall [13ms]
2026-06-18 10:43:12.970 [info] > git for-each-ref --sort -committerdate --format %(refname)%00%(objectname)%00%(*objectname) [4ms]
2026-06-18 10:43:17.993 [info] > git config --get commit.template [11ms]
2026-06-18 10:43:17.994 [info] > git for-each-ref --format=%(refname)%00%(upstream:short)%00%(objectname)%00%(upstream:track)%00%(upstream:remotename)%00%(upstream:remoteref) refs/heads/main refs/remotes/main [2ms]
2026-06-18 10:43:18.015 [info] > git status -z -uall [11ms]
2026-06-18 10:43:18.018 [info] > git for-each-ref --sort -committerdate --format %(refname)%00%(objectname)%00%(*objectname) [4ms]
2026-06-18 10:43:23.033 [info] > git config --get commit.template [3ms]
2026-06-18 10:43:23.045 [info] > git for-each-ref --format=%(refname)%00%(upstream:short)%00%(objectname)%00%(upstream:track)%00%(upstream:remotename)%00%(upstream:remoteref) refs/heads/main refs/remotes/main [3ms]
2026-06-18 10:43:23.066 [info] > git status -z -uall [12ms]
2026-06-18 10:43:23.067 [info] > git for-each-ref --sort -committerdate --format %(refname)%00%(objectname)%00%(*objectname) [2ms]
2026-06-18 10:43:31.875 [info] > git config --get commit.template [2ms]
2026-06-18 10:43:31.888 [info] > git for-each-ref --format=%(refname)%00%(upstream:short)%00%(objectname)%00%(upstream:track)%00%(upstream:remotename)%00%(upstream:remoteref) refs/heads/main refs/remotes/main [2ms]
2026-06-18 10:43:31.913 [info] > git status -z -uall [11ms]
2026-06-18 10:43:31.915 [info] > git for-each-ref --sort -committerdate --format %(refname)%00%(objectname)%00%(*objectname) [2ms]
2026-06-18 10:43:37.593 [info] > git config --get commit.template [10ms]
2026-06-18 10:43:37.594 [info] > git for-each-ref --format=%(refname)%00%(upstream:short)%00%(objectname)%00%(upstream:track)%00%(upstream:remotename)%00%(upstream:remoteref) refs/heads/main refs/remotes/main [2ms]
2026-06-18 10:43:37.615 [info] > git status -z -uall [12ms]
2026-06-18 10:43:37.616 [info] > git for-each-ref --sort -committerdate --format %(refname)%00%(objectname)%00%(*objectname) [2ms]
2026-06-18 10:43:42.641 [info] > git config --get commit.template [11ms]
2026-06-18 10:43:42.643 [info] > git for-each-ref --format=%(refname)%00%(upstream:short)%00%(objectname)%00%(upstream:track)%00%(upstream:remotename)%00%(upstream:remoteref) refs/heads/main refs/remotes/main [3ms]
2026-06-18 10:43:42.667 [info] > git status -z -uall [11ms]
2026-06-18 10:43:42.668 [info] > git for-each-ref --sort -committerdate --format %(refname)%00%(objectname)%00%(*objectname) [2ms]
2026-06-18 10:43:47.695 [info] > git config --get commit.template [12ms]
2026-06-18 10:43:47.697 [info] > git for-each-ref --format=%(refname)%00%(upstream:short)%00%(objectname)%00%(upstream:track)%00%(upstream:remotename)%00%(upstream:remoteref) refs/heads/main refs/remotes/main [3ms]
2026-06-18 10:43:47.719 [info] > git status -z -uall [12ms]
2026-06-18 10:43:47.722 [info] > git for-each-ref --sort -committerdate --format %(refname)%00%(objectname)%00%(*objectname) [4ms]
2026-06-18 10:43:55.477 [info] > git config --get commit.template [11ms]
2026-06-18 10:43:55.478 [info] > git for-each-ref --format=%(refname)%00%(upstream:short)%00%(objectname)%00%(upstream:track)%00%(upstream:remotename)%00%(upstream:remoteref) refs/heads/main refs/remotes/main [3ms]
2026-06-18 10:43:55.498 [info] > git status -z -uall [11ms]
2026-06-18 10:43:55.500 [info] > git for-each-ref --sort -committerdate --format %(refname)%00%(objectname)%00%(*objectname) [3ms]
2026-06-18 10:44:00.514 [info] > git config --get commit.template [4ms]
2026-06-18 10:44:00.530 [info] > git for-each-ref --format=%(refname)%00%(upstream:short)%00%(objectname)%00%(upstream:track)%00%(upstream:remotename)%00%(upstream:remoteref) refs/heads/main refs/remotes/main [7ms]
2026-06-18 10:44:00.554 [info] > git status -z -uall [11ms]
2026-06-18 10:44:00.556 [info] > git for-each-ref --sort -committerdate --format %(refname)%00%(objectname)%00%(*objectname) [3ms]
2026-06-18 10:44:05.571 [info] > git config --get commit.template [3ms]
2026-06-18 10:44:05.583 [info] > git for-each-ref --format=%(refname)%00%(upstream:short)%00%(objectname)%00%(upstream:track)%00%(upstream:remotename)%00%(upstream:remoteref) refs/heads/main refs/remotes/main [2ms]
2026-06-18 10:44:05.605 [info] > git status -z -uall [11ms]
2026-06-18 10:44:05.607 [info] > git for-each-ref --sort -committerdate --format %(refname)%00%(objectname)%00%(*objectname) [4ms]
2026-06-18 10:44:10.628 [info] > git config --get commit.template [11ms]
2026-06-18 10:44:10.630 [info] > git for-each-ref --format=%(refname)%00%(upstream:short)%00%(objectname)%00%(upstream:track)%00%(upstream:remotename)%00%(upstream:remoteref) refs/heads/main refs/remotes/main [3ms]
2026-06-18 10:44:10.653 [info] > git status -z -uall [13ms]
2026-06-18 10:44:10.654 [info] > git for-each-ref --sort -committerdate --format %(refname)%00%(objectname)%00%(*objectname) [2ms]
2026-06-18 10:44:15.678 [info] > git config --get commit.template [12ms]
2026-06-18 10:44:15.679 [info] > git for-each-ref --format=%(refname)%00%(upstream:short)%00%(objectname)%00%(upstream:track)%00%(upstream:remotename)%00%(upstream:remoteref) refs/heads/main refs/remotes/main [2ms]
2026-06-18 10:44:15.699 [info] > git status -z -uall [10ms]
2026-06-18 10:44:15.701 [info] > git for-each-ref --sort -committerdate --format %(refname)%00%(objectname)%00%(*objectname) [3ms]
2026-06-18 10:44:21.099 [info] > git config --get commit.template [12ms]
2026-06-18 10:44:21.100 [info] > git for-each-ref --format=%(refname)%00%(upstream:short)%00%(objectname)%00%(upstream:track)%00%(upstream:remotename)%00%(upstream:remoteref) refs/heads/main refs/remotes/main [2ms]
2026-06-18 10:44:21.123 [info] > git status -z -uall [13ms]
2026-06-18 10:44:21.124 [info] > git for-each-ref --sort -committerdate --format %(refname)%00%(objectname)%00%(*objectname) [3ms]
2026-06-18 10:44:27.720 [info] > git config --get commit.template [11ms]
2026-06-18 10:44:27.721 [info] > git for-each-ref --format=%(refname)%00%(upstream:short)%00%(objectname)%00%(upstream:track)%00%(upstream:remotename)%00%(upstream:remoteref) refs/heads/main refs/remotes/main [3ms]
2026-06-18 10:44:27.739 [info] > git status -z -uall [9ms]
2026-06-18 10:44:27.741 [info] > git for-each-ref --sort -committerdate --format %(refname)%00%(objectname)%00%(*objectname) [2ms]
2026-06-18 10:44:32.764 [info] > git config --get commit.template [11ms]
2026-06-18 10:44:32.765 [info] > git for-each-ref --format=%(refname)%00%(upstream:short)%00%(objectname)%00%(upstream:track)%00%(upstream:remotename)%00%(upstream:remoteref) refs/heads/main refs/remotes/main [2ms]
2026-06-18 10:44:32.784 [info] > git status -z -uall [9ms]
2026-06-18 10:44:32.786 [info] > git for-each-ref --sort -committerdate --format %(refname)%00%(objectname)%00%(*objectname) [2ms]
2026-06-18 10:44:37.807 [info] > git config --get commit.template [10ms]
2026-06-18 10:44:37.808 [info] > git for-each-ref --format=%(refname)%00%(upstream:short)%00%(objectname)%00%(upstream:track)%00%(upstream:remotename)%00%(upstream:remoteref) refs/heads/main refs/remotes/main [2ms]
2026-06-18 10:44:37.827 [info] > git status -z -uall [11ms]
2026-06-18 10:44:37.829 [info] > git for-each-ref --sort -committerdate --format %(refname)%00%(objectname)%00%(*objectname) [3ms]
2026-06-18 10:44:42.851 [info] > git config --get commit.template [9ms]
2026-06-18 10:44:42.852 [info] > git for-each-ref --format=%(refname)%00%(upstream:short)%00%(objectname)%00%(upstream:track)%00%(upstream:remotename)%00%(upstream:remoteref) refs/heads/main refs/remotes/main [2ms]
2026-06-18 10:44:42.883 [info] > git status -z -uall [20ms]
2026-06-18 10:44:42.884 [info] > git for-each-ref --sort -committerdate --format %(refname)%00%(objectname)%00%(*objectname) [3ms]
2026-06-18 10:44:47.909 [info] > git config --get commit.template [13ms]
2026-06-18 10:44:47.910 [info] > git for-each-ref --format=%(refname)%00%(upstream:short)%00%(objectname)%00%(upstream:track)%00%(upstream:remotename)%00%(upstream:remoteref) refs/heads/main refs/remotes/main [3ms]
2026-06-18 10:44:47.931 [info] > git status -z -uall [10ms]
2026-06-18 10:44:47.933 [info] > git for-each-ref --sort -committerdate --format %(refname)%00%(objectname)%00%(*objectname) [3ms]
2026-06-18 10:44:52.956 [info] > git config --get commit.template [12ms]
2026-06-18 10:44:52.957 [info] > git for-each-ref --format=%(refname)%00%(upstream:short)%00%(objectname)%00%(upstream:track)%00%(upstream:remotename)%00%(upstream:remoteref) refs/heads/main refs/remotes/main [3ms]
2026-06-18 10:44:52.976 [info] > git status -z -uall [10ms]
2026-06-18 10:44:52.978 [info] > git for-each-ref --sort -committerdate --format %(refname)%00%(objectname)%00%(*objectname) [3ms]
2026-06-18 10:44:58.000 [info] > git config --get commit.template [11ms]
2026-06-18 10:44:58.002 [info] > git for-each-ref --format=%(refname)%00%(upstream:short)%00%(objectname)%00%(upstream:track)%00%(upstream:remotename)%00%(upstream:remoteref) refs/heads/main refs/remotes/main [3ms]
2026-06-18 10:44:58.023 [info] > git status -z -uall [11ms]
2026-06-18 10:44:58.025 [info] > git for-each-ref --sort -committerdate --format %(refname)%00%(objectname)%00%(*objectname) [2ms]
2026-06-18 10:45:04.889 [warning] [Model][getRepositoryExact] Failed to get repository realpath for: "/home/vsysuser/workspace/.openvscode-server/extensions/.b239cf13-2079-47d5-917f-fc4ab73da1e6/". Error:Error: ENOENT: no such file or directory, realpath '/home/vsysuser/workspace/.openvscode-server/extensions/.b239cf13-2079-47d5-917f-fc4ab73da1e6/'
2026-06-18 10:45:04.914 [warning] [Model][getRepositoryExact] Failed to get repository realpath for: "/home/vsysuser/workspace/.openvscode-server/extensions/.9d4199e3-423e-4fbf-b49d-176e9ed4183c/bundled/libs/debugpy/_vendored/pydevd/_pydevd_frame_eval/". Error:Error: ENOENT: no such file or directory, realpath '/home/vsysuser/workspace/.openvscode-server/extensions/.9d4199e3-423e-4fbf-b49d-176e9ed4183c/bundled/libs/debugpy/_vendored/pydevd/_pydevd_frame_eval/'
2026-06-18 10:45:05.449 [warning] [Model][getRepositoryExact] Failed to get repository realpath for: "/home/vsysuser/workspace/.openvscode-server/extensions/.9d4199e3-423e-4fbf-b49d-176e9ed4183c/bundled/libs/debugpy/_vendored/pydevd/pydevd_attach_to_process/linux_and_mac/". Error:Error: ENOENT: no such file or directory, realpath '/home/vsysuser/workspace/.openvscode-server/extensions/.9d4199e3-423e-4fbf-b49d-176e9ed4183c/bundled/libs/debugpy/_vendored/pydevd/pydevd_attach_to_process/linux_and_mac/'
2026-06-18 10:45:08.476 [info] > git rev-parse --show-toplevel [18ms]
2026-06-18 10:45:08.476 [info] fatal: not a git repository (or any of the parent directories): .git
2026-06-18 10:45:31.552 [info] > git rev-parse --show-toplevel [3ms]
2026-06-18 10:45:31.552 [info] fatal: not a git repository (or any of the parent directories): .git
2026-06-18 10:45:31.552 [info] > git log --format=%H%n%aN%n%aE%n%at%n%ct%n%P%n%D%n%B -z --shortstat --diff-merges=first-parent -n50 --skip=0 --topo-order --decorate=full --stdin [44ms]
2026-06-18 10:50:52.532 [info] > git show --textconv :modules/03-python-programming/poem.txt [13ms]
2026-06-18 10:50:52.533 [info] > git ls-files --stage -- modules/03-python-programming/poem.txt [4ms]
2026-06-18 10:50:52.546 [info] > git cat-file -s 89b281b085d2ad6250b351fe72f6c19e268c23fe [3ms]
2026-06-18 10:52:04.323 [info] > git config --get commit.template [4ms]
2026-06-18 10:52:04.341 [info] > git for-each-ref --format=%(refname)%00%(upstream:short)%00%(objectname)%00%(upstream:track)%00%(upstream:remotename)%00%(upstream:remoteref) refs/heads/main refs/remotes/main [5ms]
2026-06-18 10:52:04.376 [info] > git status -z -uall [18ms]
2026-06-18 10:52:04.377 [info] > git for-each-ref --sort -committerdate --format %(refname)%00%(objectname)%00%(*objectname) [4ms]
2026-06-18 10:52:05.355 [info] > git check-ignore -v -z --stdin [2ms]
2026-06-18 10:52:44.319 [info] > git config --get commit.template [19ms]
2026-06-18 10:52:44.325 [info] > git for-each-ref --format=%(refname)%00%(upstream:short)%00%(objectname)%00%(upstream:track)%00%(upstream:remotename)%00%(upstream:remoteref) refs/heads/main refs/remotes/main [7ms]
2026-06-18 10:52:44.360 [info] > git status -z -uall [22ms]
2026-06-18 10:52:44.362 [info] > git for-each-ref --sort -committerdate --format %(refname)%00%(objectname)%00%(*objectname) [7ms]
2026-06-18 10:52:57.661 [info] > git config --get commit.template [17ms]
2026-06-18 10:52:57.665 [info] > git for-each-ref --format=%(refname)%00%(upstream:short)%00%(objectname)%00%(upstream:track)%00%(upstream:remotename)%00%(upstream:remoteref) refs/heads/main refs/remotes/main [6ms]
2026-06-18 10:52:57.703 [info] > git status -z -uall [20ms]
2026-06-18 10:52:57.706 [info] > git for-each-ref --sort -committerdate --format %(refname)%00%(objectname)%00%(*objectname) [4ms]
2026-06-18 10:53:02.730 [info] > git config --get commit.template [11ms]
2026-06-18 10:53:02.732 [info] > git for-each-ref --format=%(refname)%00%(upstream:short)%00%(objectname)%00%(upstream:track)%00%(upstream:remotename)%00%(upstream:remoteref) refs/heads/main refs/remotes/main [3ms]
2026-06-18 10:53:02.755 [info] > git status -z -uall [14ms]
2026-06-18 10:53:02.756 [info] > git for-each-ref --sort -committerdate --format %(refname)%00%(objectname)%00%(*objectname) [2ms]
2026-06-18 10:53:07.775 [info] > git config --get commit.template [2ms]
2026-06-18 10:53:07.789 [info] > git for-each-ref --format=%(refname)%00%(upstream:short)%00%(objectname)%00%(upstream:track)%00%(upstream:remotename)%00%(upstream:remoteref) refs/heads/main refs/remotes/main [3ms]
2026-06-18 10:53:07.812 [info] > git status -z -uall [13ms]
2026-06-18 10:53:07.814 [info] > git for-each-ref --sort -committerdate --format %(refname)%00%(objectname)%00%(*objectname) [3ms]
2026-06-18 10:53:16.836 [info] > git config --get commit.template [10ms]
2026-06-18 10:53:16.837 [info] > git for-each-ref --format=%(refname)%00%(upstream:short)%00%(objectname)%00%(upstream:track)%00%(upstream:remotename)%00%(upstream:remoteref) refs/heads/main refs/remotes/main [2ms]
2026-06-18 10:53:16.859 [info] > git status -z -uall [12ms]
2026-06-18 10:53:16.860 [info] > git for-each-ref --sort -committerdate --format %(refname)%00%(objectname)%00%(*objectname) [2ms]
2026-06-18 10:53:21.893 [info] > git config --get commit.template [18ms]
2026-06-18 10:53:21.895 [info] > git for-each-ref --format=%(refname)%00%(upstream:short)%00%(objectname)%00%(upstream:track)%00%(upstream:remotename)%00%(upstream:remoteref) refs/heads/main refs/remotes/main [5ms]
2026-06-18 10:53:21.926 [info] > git status -z -uall [18ms]
2026-06-18 10:53:21.929 [info] > git for-each-ref --sort -committerdate --format %(refname)%00%(objectname)%00%(*objectname) [4ms]
2026-06-18 10:53:27.046 [info] > git config --get commit.template [15ms]
2026-06-18 10:53:27.050 [info] > git for-each-ref --format=%(refname)%00%(upstream:short)%00%(objectname)%00%(upstream:track)%00%(upstream:remotename)%00%(upstream:remoteref) refs/heads/main refs/remotes/main [5ms]
2026-06-18 10:53:27.080 [info] > git status -z -uall [17ms]
2026-06-18 10:53:27.087 [info] > git for-each-ref --sort -committerdate --format %(refname)%00%(objectname)%00%(*objectname) [9ms]
2026-06-18 10:53:35.569 [info] > git config --get commit.template [3ms]
2026-06-18 10:53:35.587 [info] > git for-each-ref --format=%(refname)%00%(upstream:short)%00%(objectname)%00%(upstream:track)%00%(upstream:remotename)%00%(upstream:remoteref) refs/heads/main refs/remotes/main [5ms]
2026-06-18 10:53:35.628 [info] > git status -z -uall [27ms]
2026-06-18 10:53:35.632 [info] > git for-each-ref --sort -committerdate --format %(refname)%00%(objectname)%00%(*objectname) [6ms]
2026-06-18 10:53:40.652 [info] > git config --get commit.template [5ms]
2026-06-18 10:53:40.668 [info] > git for-each-ref --format=%(refname)%00%(upstream:short)%00%(objectname)%00%(upstream:track)%00%(upstream:remotename)%00%(upstream:remoteref) refs/heads/main refs/remotes/main [2ms]
2026-06-18 10:53:40.701 [info] > git status -z -uall [19ms]
2026-06-18 10:53:40.705 [info] > git for-each-ref --sort -committerdate --format %(refname)%00%(objectname)%00%(*objectname) [7ms]
2026-06-18 10:53:45.741 [info] > git config --get commit.template [17ms]
2026-06-18 10:53:45.744 [info] > git for-each-ref --format=%(refname)%00%(upstream:short)%00%(objectname)%00%(upstream:track)%00%(upstream:remotename)%00%(upstream:remoteref) refs/heads/main refs/remotes/main [5ms]
2026-06-18 10:53:45.780 [info] > git status -z -uall [24ms]
2026-06-18 10:53:45.782 [info] > git for-each-ref --sort -committerdate --format %(refname)%00%(objectname)%00%(*objectname) [7ms]
2026-06-18 10:53:50.806 [info] > git config --get commit.template [11ms]
2026-06-18 10:53:50.807 [info] > git for-each-ref --format=%(refname)%00%(upstream:short)%00%(objectname)%00%(upstream:track)%00%(upstream:remotename)%00%(upstream:remoteref) refs/heads/main refs/remotes/main [2ms]
2026-06-18 10:53:50.827 [info] > git status -z -uall [11ms]
2026-06-18 10:53:50.830 [info] > git for-each-ref --sort -committerdate --format %(refname)%00%(objectname)%00%(*objectname) [3ms]
2026-06-18 10:53:55.861 [info] > git config --get commit.template [17ms]
2026-06-18 10:53:55.864 [info] > git for-each-ref --format=%(refname)%00%(upstream:short)%00%(objectname)%00%(upstream:track)%00%(upstream:remotename)%00%(upstream:remoteref) refs/heads/main refs/remotes/main [5ms]
2026-06-18 10:53:55.895 [info] > git status -z -uall [18ms]
2026-06-18 10:53:55.898 [info] > git for-each-ref --sort -committerdate --format %(refname)%00%(objectname)%00%(*objectname) [6ms]
2026-06-18 10:54:00.933 [info] > git config --get commit.template [20ms]
2026-06-18 10:54:00.936 [info] > git for-each-ref --format=%(refname)%00%(upstream:short)%00%(objectname)%00%(upstream:track)%00%(upstream:remotename)%00%(upstream:remoteref) refs/heads/main refs/remotes/main [5ms]
2026-06-18 10:54:00.968 [info] > git status -z -uall [18ms]
2026-06-18 10:54:00.970 [info] > git for-each-ref --sort -committerdate --format %(refname)%00%(objectname)%00%(*objectname) [3ms]
2026-06-18 10:54:06.001 [info] > git config --get commit.template [15ms]
2026-06-18 10:54:06.005 [info] > git for-each-ref --format=%(refname)%00%(upstream:short)%00%(objectname)%00%(upstream:track)%00%(upstream:remotename)%00%(upstream:remoteref) refs/heads/main refs/remotes/main [4ms]
2026-06-18 10:54:06.035 [info] > git status -z -uall [16ms]
2026-06-18 10:54:06.039 [info] > git for-each-ref --sort -committerdate --format %(refname)%00%(objectname)%00%(*objectname) [4ms]
2026-06-18 10:54:11.080 [info] > git config --get commit.template [10ms]
2026-06-18 10:54:11.110 [info] > git for-each-ref --format=%(refname)%00%(upstream:short)%00%(objectname)%00%(upstream:track)%00%(upstream:remotename)%00%(upstream:remoteref) refs/heads/main refs/remotes/main [8ms]
2026-06-18 10:54:11.151 [info] > git status -z -uall [17ms]
2026-06-18 10:54:11.156 [info] > git for-each-ref --sort -committerdate --format %(refname)%00%(objectname)%00%(*objectname) [6ms]
2026-06-18 10:54:16.182 [info] > git config --get commit.template [11ms]
2026-06-18 10:54:16.182 [info] > git for-each-ref --format=%(refname)%00%(upstream:short)%00%(objectname)%00%(upstream:track)%00%(upstream:remotename)%00%(upstream:remoteref) refs/heads/main refs/remotes/main [4ms]
2026-06-18 10:54:16.201 [info] > git status -z -uall [10ms]
2026-06-18 10:54:16.203 [info] > git for-each-ref --sort -committerdate --format %(refname)%00%(objectname)%00%(*objectname) [2ms]
2026-06-18 10:54:21.225 [info] > git config --get commit.template [10ms]
2026-06-18 10:54:21.226 [info] > git for-each-ref --format=%(refname)%00%(upstream:short)%00%(objectname)%00%(upstream:track)%00%(upstream:remotename)%00%(upstream:remoteref) refs/heads/main refs/remotes/main [2ms]
2026-06-18 10:54:21.246 [info] > git status -z -uall [11ms]
2026-06-18 10:54:21.246 [info] > git for-each-ref --sort -committerdate --format %(refname)%00%(objectname)%00%(*objectname) [3ms]
2026-06-18 10:54:26.270 [info] > git config --get commit.template [10ms]
2026-06-18 10:54:26.271 [info] > git for-each-ref --format=%(refname)%00%(upstream:short)%00%(objectname)%00%(upstream:track)%00%(upstream:remotename)%00%(upstream:remoteref) refs/heads/main refs/remotes/main [2ms]
2026-06-18 10:54:26.290 [info] > git status -z -uall [10ms]
2026-06-18 10:54:26.292 [info] > git for-each-ref --sort -committerdate --format %(refname)%00%(objectname)%00%(*objectname) [3ms]
2026-06-18 10:54:31.315 [info] > git config --get commit.template [12ms]
2026-06-18 10:54:31.316 [info] > git for-each-ref --format=%(refname)%00%(upstream:short)%00%(objectname)%00%(upstream:track)%00%(upstream:remotename)%00%(upstream:remoteref) refs/heads/main refs/remotes/main [2ms]
2026-06-18 10:54:31.337 [info] > git status -z -uall [11ms]
2026-06-18 10:54:31.339 [info] > git for-each-ref --sort -committerdate --format %(refname)%00%(objectname)%00%(*objectname) [3ms]
2026-06-18 10:54:36.374 [info] > git config --get commit.template [15ms]
2026-06-18 10:54:36.375 [info] > git for-each-ref --format=%(refname)%00%(upstream:short)%00%(objectname)%00%(upstream:track)%00%(upstream:remotename)%00%(upstream:remoteref) refs/heads/main refs/remotes/main [5ms]
2026-06-18 10:54:36.405 [info] > git status -z -uall [17ms]
2026-06-18 10:54:36.409 [info] > git for-each-ref --sort -committerdate --format %(refname)%00%(objectname)%00%(*objectname) [5ms]
2026-06-18 10:54:41.432 [info] > git config --get commit.template [11ms]
2026-06-18 10:54:41.434 [info] > git for-each-ref --format=%(refname)%00%(upstream:short)%00%(objectname)%00%(upstream:track)%00%(upstream:remotename)%00%(upstream:remoteref) refs/heads/main refs/remotes/main [2ms]
2026-06-18 10:54:41.456 [info] > git status -z -uall [12ms]
2026-06-18 10:54:41.458 [info] > git for-each-ref --sort -committerdate --format %(refname)%00%(objectname)%00%(*objectname) [3ms]
2026-06-18 10:54:48.744 [info] > git config --get commit.template [11ms]
2026-06-18 10:54:48.747 [info] > git for-each-ref --format=%(refname)%00%(upstream:short)%00%(objectname)%00%(upstream:track)%00%(upstream:remotename)%00%(upstream:remoteref) refs/heads/main refs/remotes/main [4ms]
2026-06-18 10:54:48.767 [info] > git status -z -uall [11ms]
2026-06-18 10:54:48.769 [info] > git for-each-ref --sort -committerdate --format %(refname)%00%(objectname)%00%(*objectname) [3ms]
2026-06-18 10:54:53.793 [info] > git config --get commit.template [12ms]
2026-06-18 10:54:53.795 [info] > git for-each-ref --format=%(refname)%00%(upstream:short)%00%(objectname)%00%(upstream:track)%00%(upstream:remotename)%00%(upstream:remoteref) refs/heads/main refs/remotes/main [4ms]
2026-06-18 10:54:53.817 [info] > git status -z -uall [12ms]
2026-06-18 10:54:53.820 [info] > git for-each-ref --sort -committerdate --format %(refname)%00%(objectname)%00%(*objectname) [4ms]
2026-06-18 10:54:58.844 [info] > git config --get commit.template [11ms]
2026-06-18 10:54:58.846 [info] > git for-each-ref --format=%(refname)%00%(upstream:short)%00%(objectname)%00%(upstream:track)%00%(upstream:remotename)%00%(upstream:remoteref) refs/heads/main refs/remotes/main [2ms]
2026-06-18 10:54:58.871 [info] > git status -z -uall [13ms]
2026-06-18 10:54:58.872 [info] > git for-each-ref --sort -committerdate --format %(refname)%00%(objectname)%00%(*objectname) [4ms]
2026-06-18 10:55:04.544 [info] > git config --get commit.template [18ms]
2026-06-18 10:55:04.546 [info] > git for-each-ref --format=%(refname)%00%(upstream:short)%00%(objectname)%00%(upstream:track)%00%(upstream:remotename)%00%(upstream:remoteref) refs/heads/main refs/remotes/main [7ms]
2026-06-18 10:55:04.574 [info] > git status -z -uall [13ms]
2026-06-18 10:55:04.576 [info] > git for-each-ref --sort -committerdate --format %(refname)%00%(objectname)%00%(*objectname) [3ms]
2026-06-18 10:55:09.593 [info] > git config --get commit.template [2ms]
2026-06-18 10:55:09.605 [info] > git for-each-ref --format=%(refname)%00%(upstream:short)%00%(objectname)%00%(upstream:track)%00%(upstream:remotename)%00%(upstream:remoteref) refs/heads/main refs/remotes/main [2ms]
2026-06-18 10:55:09.627 [info] > git status -z -uall [11ms]
2026-06-18 10:55:09.629 [info] > git for-each-ref --sort -committerdate --format %(refname)%00%(objectname)%00%(*objectname) [3ms]
2026-06-18 10:55:14.664 [info] > git config --get commit.template [15ms]
2026-06-18 10:55:14.665 [info] > git for-each-ref --format=%(refname)%00%(upstream:short)%00%(objectname)%00%(upstream:track)%00%(upstream:remotename)%00%(upstream:remoteref) refs/heads/main refs/remotes/main [2ms]
2026-06-18 10:55:14.690 [info] > git status -z -uall [14ms]
2026-06-18 10:55:14.692 [info] > git for-each-ref --sort -committerdate --format %(refname)%00%(objectname)%00%(*objectname) [4ms]
2026-06-18 10:55:19.709 [info] > git config --get commit.template [2ms]
2026-06-18 10:55:19.728 [info] > git for-each-ref --format=%(refname)%00%(upstream:short)%00%(objectname)%00%(upstream:track)%00%(upstream:remotename)%00%(upstream:remoteref) refs/heads/main refs/remotes/main [7ms]
2026-06-18 10:55:19.758 [info] > git status -z -uall [17ms]
2026-06-18 10:55:19.762 [info] > git for-each-ref --sort -committerdate --format %(refname)%00%(objectname)%00%(*objectname) [5ms]
2026-06-18 10:55:24.806 [info] > git config --get commit.template [17ms]
2026-06-18 10:55:24.809 [info] > git for-each-ref --format=%(refname)%00%(upstream:short)%00%(objectname)%00%(upstream:track)%00%(upstream:remotename)%00%(upstream:remoteref) refs/heads/main refs/remotes/main [3ms]
2026-06-18 10:55:24.845 [info] > git status -z -uall [19ms]
2026-06-18 10:55:24.846 [info] > git for-each-ref --sort -committerdate --format %(refname)%00%(objectname)%00%(*objectname) [2ms]
2026-06-18 10:55:29.882 [info] > git config --get commit.template [20ms]
2026-06-18 10:55:29.885 [info] > git for-each-ref --format=%(refname)%00%(upstream:short)%00%(objectname)%00%(upstream:track)%00%(upstream:remotename)%00%(upstream:remoteref) refs/heads/main refs/remotes/main [6ms]
2026-06-18 10:55:29.914 [info] > git status -z -uall [17ms]
2026-06-18 10:55:29.919 [info] > git for-each-ref --sort -committerdate --format %(refname)%00%(objectname)%00%(*objectname) [5ms]
2026-06-18 10:55:34.959 [info] > git config --get commit.template [18ms]
2026-06-18 10:55:34.960 [info] > git for-each-ref --format=%(refname)%00%(upstream:short)%00%(objectname)%00%(upstream:track)%00%(upstream:remotename)%00%(upstream:remoteref) refs/heads/main refs/remotes/main [4ms]
2026-06-18 10:55:34.991 [info] > git status -z -uall [16ms]
2026-06-18 10:55:34.995 [info] > git for-each-ref --sort -committerdate --format %(refname)%00%(objectname)%00%(*objectname) [5ms]
2026-06-18 10:55:40.014 [info] > git config --get commit.template [3ms]
2026-06-18 10:55:40.028 [info] > git for-each-ref --format=%(refname)%00%(upstream:short)%00%(objectname)%00%(upstream:track)%00%(upstream:remotename)%00%(upstream:remoteref) refs/heads/main refs/remotes/main [3ms]
2026-06-18 10:55:40.050 [info] > git status -z -uall [10ms]
2026-06-18 10:55:40.052 [info] > git for-each-ref --sort -committerdate --format %(refname)%00%(objectname)%00%(*objectname) [3ms]
2026-06-18 10:55:45.081 [info] > git config --get commit.template [15ms]
2026-06-18 10:55:45.083 [info] > git for-each-ref --format=%(refname)%00%(upstream:short)%00%(objectname)%00%(upstream:track)%00%(upstream:remotename)%00%(upstream:remoteref) refs/heads/main refs/remotes/main [3ms]
2026-06-18 10:55:45.112 [info] > git status -z -uall [13ms]
2026-06-18 10:55:45.114 [info] > git for-each-ref --sort -committerdate --format %(refname)%00%(objectname)%00%(*objectname) [3ms]
2026-06-18 10:55:50.163 [info] > git config --get commit.template [18ms]
2026-06-18 10:55:50.164 [info] > git for-each-ref --format=%(refname)%00%(upstream:short)%00%(objectname)%00%(upstream:track)%00%(upstream:remotename)%00%(upstream:remoteref) refs/heads/main refs/remotes/main [3ms]
2026-06-18 10:55:50.198 [info] > git status -z -uall [19ms]
2026-06-18 10:55:50.203 [info] > git for-each-ref --sort -committerdate --format %(refname)%00%(objectname)%00%(*objectname) [6ms]
2026-06-18 10:55:55.225 [info] > git config --get commit.template [10ms]
2026-06-18 10:55:55.226 [info] > git for-each-ref --format=%(refname)%00%(upstream:short)%00%(objectname)%00%(upstream:track)%00%(upstream:remotename)%00%(upstream:remoteref) refs/heads/main refs/remotes/main [2ms]
2026-06-18 10:55:55.248 [info] > git status -z -uall [13ms]
2026-06-18 10:55:55.249 [info] > git for-each-ref --sort -committerdate --format %(refname)%00%(objectname)%00%(*objectname) [4ms]
2026-06-18 10:56:00.265 [info] > git config --get commit.template [2ms]
2026-06-18 10:56:00.279 [info] > git for-each-ref --format=%(refname)%00%(upstream:short)%00%(objectname)%00%(upstream:track)%00%(upstream:remotename)%00%(upstream:remoteref) refs/heads/main refs/remotes/main [3ms]
2026-06-18 10:56:00.302 [info] > git status -z -uall [11ms]
2026-06-18 10:56:00.304 [info] > git for-each-ref --sort -committerdate --format %(refname)%00%(objectname)%00%(*objectname) [2ms]
2026-06-18 10:56:05.327 [info] > git config --get commit.template [10ms]
2026-06-18 10:56:05.329 [info] > git for-each-ref --format=%(refname)%00%(upstream:short)%00%(objectname)%00%(upstream:track)%00%(upstream:remotename)%00%(upstream:remoteref) refs/heads/main refs/remotes/main [3ms]
2026-06-18 10:56:05.353 [info] > git status -z -uall [13ms]
2026-06-18 10:56:05.355 [info] > git for-each-ref --sort -committerdate --format %(refname)%00%(objectname)%00%(*objectname) [3ms]
2026-06-18 10:56:10.380 [info] > git config --get commit.template [12ms]
2026-06-18 10:56:10.381 [info] > git for-each-ref --format=%(refname)%00%(upstream:short)%00%(objectname)%00%(upstream:track)%00%(upstream:remotename)%00%(upstream:remoteref) refs/heads/main refs/remotes/main [3ms]
2026-06-18 10:56:10.400 [info] > git status -z -uall [10ms]
2026-06-18 10:56:10.402 [info] > git for-each-ref --sort -committerdate --format %(refname)%00%(objectname)%00%(*objectname) [3ms]
2026-06-18 10:56:15.432 [info] > git config --get commit.template [15ms]
2026-06-18 10:56:15.435 [info] > git for-each-ref --format=%(refname)%00%(upstream:short)%00%(objectname)%00%(upstream:track)%00%(upstream:remotename)%00%(upstream:remoteref) refs/heads/main refs/remotes/main [5ms]
2026-06-18 10:56:15.463 [info] > git status -z -uall [16ms]
2026-06-18 10:56:15.468 [info] > git for-each-ref --sort -committerdate --format %(refname)%00%(objectname)%00%(*objectname) [5ms]
2026-06-18 10:56:20.494 [info] > git config --get commit.template [12ms]
2026-06-18 10:56:20.495 [info] > git for-each-ref --format=%(refname)%00%(upstream:short)%00%(objectname)%00%(upstream:track)%00%(upstream:remotename)%00%(upstream:remoteref) refs/heads/main refs/remotes/main [3ms]
2026-06-18 10:56:20.516 [info] > git status -z -uall [11ms]
2026-06-18 10:56:20.518 [info] > git for-each-ref --sort -committerdate --format %(refname)%00%(objectname)%00%(*objectname) [3ms]
2026-06-18 10:56:25.541 [info] > git config --get commit.template [10ms]
2026-06-18 10:56:25.543 [info] > git for-each-ref --format=%(refname)%00%(upstream:short)%00%(objectname)%00%(upstream:track)%00%(upstream:remotename)%00%(upstream:remoteref) refs/heads/main refs/remotes/main [2ms]
2026-06-18 10:56:25.565 [info] > git status -z -uall [13ms]
2026-06-18 10:56:25.565 [info] > git for-each-ref --sort -committerdate --format %(refname)%00%(objectname)%00%(*objectname) [3ms]
2026-06-18 10:56:30.588 [info] > git config --get commit.template [11ms]
2026-06-18 10:56:30.588 [info] > git for-each-ref --format=%(refname)%00%(upstream:short)%00%(objectname)%00%(upstream:track)%00%(upstream:remotename)%00%(upstream:remoteref) refs/heads/main refs/remotes/main [3ms]
2026-06-18 10:56:30.608 [info] > git status -z -uall [11ms]
2026-06-18 10:56:30.610 [info] > git for-each-ref --sort -committerdate --format %(refname)%00%(objectname)%00%(*objectname) [3ms]
2026-06-18 10:56:35.638 [info] > git config --get commit.template [11ms]
2026-06-18 10:56:35.640 [info] > git for-each-ref --format=%(refname)%00%(upstream:short)%00%(objectname)%00%(upstream:track)%00%(upstream:remotename)%00%(upstream:remoteref) refs/heads/main refs/remotes/main [3ms]
2026-06-18 10:56:35.670 [info] > git status -z -uall [18ms]
2026-06-18 10:56:35.671 [info] > git for-each-ref --sort -committerdate --format %(refname)%00%(objectname)%00%(*objectname) [4ms]
2026-06-18 10:56:40.705 [info] > git config --get commit.template [19ms]
2026-06-18 10:56:40.706 [info] > git for-each-ref --format=%(refname)%00%(upstream:short)%00%(objectname)%00%(upstream:track)%00%(upstream:remotename)%00%(upstream:remoteref) refs/heads/main refs/remotes/main [6ms]
2026-06-18 10:56:40.733 [info] > git status -z -uall [16ms]
2026-06-18 10:56:40.736 [info] > git for-each-ref --sort -committerdate --format %(refname)%00%(objectname)%00%(*objectname) [4ms]
2026-06-18 10:56:45.774 [info] > git config --get commit.template [20ms]
2026-06-18 10:56:45.778 [info] > git for-each-ref --format=%(refname)%00%(upstream:short)%00%(objectname)%00%(upstream:track)%00%(upstream:remotename)%00%(upstream:remoteref) refs/heads/main refs/remotes/main [9ms]
2026-06-18 10:56:45.808 [info] > git status -z -uall [17ms]
2026-06-18 10:56:45.813 [info] > git for-each-ref --sort -committerdate --format %(refname)%00%(objectname)%00%(*objectname) [6ms]
2026-06-18 10:56:51.957 [info] > git config --get commit.template [8ms]
2026-06-18 10:56:51.960 [info] > git for-each-ref --format=%(refname)%00%(upstream:short)%00%(objectname)%00%(upstream:track)%00%(upstream:remotename)%00%(upstream:remoteref) refs/heads/main refs/remotes/main [3ms]
2026-06-18 10:56:51.981 [info] > git status -z -uall [12ms]
2026-06-18 10:56:51.981 [info] > git for-each-ref --sort -committerdate --format %(refname)%00%(objectname)%00%(*objectname) [3ms]
2026-06-18 10:57:34.103 [info] > git config --get commit.template [3ms]
2026-06-18 10:57:34.116 [info] > git for-each-ref --format=%(refname)%00%(upstream:short)%00%(objectname)%00%(upstream:track)%00%(upstream:remotename)%00%(upstream:remoteref) refs/heads/main refs/remotes/main [2ms]
2026-06-18 10:57:34.136 [info] > git status -z -uall [10ms]
2026-06-18 10:57:34.139 [info] > git for-each-ref --sort -committerdate --format %(refname)%00%(objectname)%00%(*objectname) [3ms]
2026-06-18 10:59:09.380 [info] > git for-each-ref --format=%(refname)%00%(upstream:short)%00%(objectname)%00%(upstream:track)%00%(upstream:remotename)%00%(upstream:remoteref) refs/heads/main refs/remotes/main [3ms]
2026-06-18 10:59:09.381 [info] > git config --get commit.template [14ms]
2026-06-18 10:59:09.402 [info] > git status -z -uall [12ms]
2026-06-18 10:59:09.404 [info] > git for-each-ref --sort -committerdate --format %(refname)%00%(objectname)%00%(*objectname) [2ms]
2026-06-18 10:59:10.387 [info] > git check-ignore -v -z --stdin [2ms]
2026-06-18 11:01:50.412 [info] > git config --get commit.template [3ms]
2026-06-18 11:01:50.428 [info] > git for-each-ref --format=%(refname)%00%(upstream:short)%00%(objectname)%00%(upstream:track)%00%(upstream:remotename)%00%(upstream:remoteref) refs/heads/main refs/remotes/main [3ms]
2026-06-18 11:01:50.462 [info] > git status -z -uall [15ms]
2026-06-18 11:01:50.465 [info] > git for-each-ref --sort -committerdate --format %(refname)%00%(objectname)%00%(*objectname) [4ms]
2026-06-18 11:01:55.491 [info] > git config --get commit.template [13ms]
2026-06-18 11:01:55.492 [info] > git for-each-ref --format=%(refname)%00%(upstream:short)%00%(objectname)%00%(upstream:track)%00%(upstream:remotename)%00%(upstream:remoteref) refs/heads/main refs/remotes/main [3ms]
2026-06-18 11:01:55.513 [info] > git status -z -uall [11ms]
2026-06-18 11:01:55.516 [info] > git for-each-ref --sort -committerdate --format %(refname)%00%(objectname)%00%(*objectname) [4ms]
2026-06-18 11:02:00.538 [info] > git config --get commit.template [2ms]
2026-06-18 11:02:00.554 [info] > git for-each-ref --format=%(refname)%00%(upstream:short)%00%(objectname)%00%(upstream:track)%00%(upstream:remotename)%00%(upstream:remoteref) refs/heads/main refs/remotes/main [2ms]
2026-06-18 11:02:00.581 [info] > git status -z -uall [13ms]
2026-06-18 11:02:00.582 [info] > git for-each-ref --sort -committerdate --format %(refname)%00%(objectname)%00%(*objectname) [2ms]
2026-06-18 11:02:08.908 [info] > git config --get commit.template [2ms]
2026-06-18 11:02:08.922 [info] > git for-each-ref --format=%(refname)%00%(upstream:short)%00%(objectname)%00%(upstream:track)%00%(upstream:remotename)%00%(upstream:remoteref) refs/heads/main refs/remotes/main [2ms]
2026-06-18 11:02:08.953 [info] > git status -z -uall [14ms]
2026-06-18 11:02:08.955 [info] > git for-each-ref --sort -committerdate --format %(refname)%00%(objectname)%00%(*objectname) [3ms]
2026-06-18 11:09:13.745 [info] > git show --textconv :modules/03-python-programming/SUBMISSION.md [11ms]
2026-06-18 11:09:13.747 [info] > git ls-files --stage -- modules/03-python-programming/SUBMISSION.md [4ms]
2026-06-18 11:09:13.758 [info] > git cat-file -s a4faa18afdf9afee77d4f42fe6d99fb3cb7c726e [2ms]
2026-06-18 11:09:32.938 [info] > git blame --root --incremental 3fc55ef58cab207a17666d01e6f30afc2874aeb6 -- modules/03-python-programming/SUBMISSION.md [4ms]
2026-06-18 11:09:49.066 [info] > git config --get commit.template [3ms]
2026-06-18 11:09:49.077 [info] > git for-each-ref --format=%(refname)%00%(upstream:short)%00%(objectname)%00%(upstream:track)%00%(upstream:remotename)%00%(upstream:remoteref) refs/heads/main refs/remotes/main [2ms]
2026-06-18 11:09:49.097 [info] > git status -z -uall [10ms]
2026-06-18 11:09:49.099 [info] > git for-each-ref --sort -committerdate --format %(refname)%00%(objectname)%00%(*objectname) [2ms]
2026-06-18 11:10:26.157 [info] > git check-ignore -v -z --stdin [2ms]
2026-06-18 11:10:27.938 [info] > git check-ignore -v -z --stdin [3ms]
2026-06-18 11:10:28.221 [info] > git config --get commit.template [11ms]
2026-06-18 11:10:28.222 [info] > git for-each-ref --format=%(refname)%00%(upstream:short)%00%(objectname)%00%(upstream:track)%00%(upstream:remotename)%00%(upstream:remoteref) refs/heads/main refs/remotes/main [3ms]
2026-06-18 11:10:28.246 [info] > git status -z -uall [14ms]
2026-06-18 11:10:28.247 [info] > git for-each-ref --sort -committerdate --format %(refname)%00%(objectname)%00%(*objectname) [2ms]
2026-06-18 11:10:29.312 [info] > git check-ignore -v -z --stdin [2ms]
2026-06-18 11:10:33.667 [info] > git show --textconv :modules/03-python-programming/SUBMISSION.md [11ms]
2026-06-18 11:10:33.669 [info] > git ls-files --stage -- modules/03-python-programming/SUBMISSION.md [2ms]
2026-06-18 11:10:33.681 [info] > git cat-file -s a4faa18afdf9afee77d4f42fe6d99fb3cb7c726e [2ms]
2026-06-18 11:10:35.793 [info] > git show --textconv :modules/03-python-programming/SUBMISSION.md [12ms]
2026-06-18 11:10:35.795 [info] > git ls-files --stage -- modules/03-python-programming/SUBMISSION.md [3ms]
2026-06-18 11:10:35.808 [info] > git cat-file -s a4faa18afdf9afee77d4f42fe6d99fb3cb7c726e [2ms]
2026-06-18 11:10:43.152 [info] > git show --textconv :modules/03-python-programming/SUBMISSION.md [10ms]
2026-06-18 11:10:43.153 [info] > git ls-files --stage -- modules/03-python-programming/SUBMISSION.md [2ms]
2026-06-18 11:10:43.165 [info] > git cat-file -s a4faa18afdf9afee77d4f42fe6d99fb3cb7c726e [2ms]
2026-06-18 11:11:07.783 [info] > git show --textconv :modules/03-python-programming/SUBMISSION.md [15ms]
2026-06-18 11:11:07.784 [info] > git ls-files --stage -- modules/03-python-programming/SUBMISSION.md [3ms]
2026-06-18 11:11:07.795 [info] > git cat-file -s a4faa18afdf9afee77d4f42fe6d99fb3cb7c726e [3ms]
2026-06-18 11:11:12.060 [info] > git config --get commit.template [14ms]
2026-06-18 11:11:12.061 [info] > git for-each-ref --format=%(refname)%00%(upstream:short)%00%(objectname)%00%(upstream:track)%00%(upstream:remotename)%00%(upstream:remoteref) refs/heads/main refs/remotes/main [2ms]
2026-06-18 11:11:12.088 [info] > git status -z -uall [13ms]
2026-06-18 11:11:12.090 [info] > git for-each-ref --sort -committerdate --format %(refname)%00%(objectname)%00%(*objectname) [3ms]
2026-06-18 11:11:32.414 [info] > git config --get commit.template [12ms]
2026-06-18 11:11:32.417 [info] > git for-each-ref --format=%(refname)%00%(upstream:short)%00%(objectname)%00%(upstream:track)%00%(upstream:remotename)%00%(upstream:remoteref) refs/heads/main refs/remotes/main [4ms]
2026-06-18 11:11:32.441 [info] > git status -z -uall [13ms]
2026-06-18 11:11:32.443 [info] > git for-each-ref --sort -committerdate --format %(refname)%00%(objectname)%00%(*objectname) [3ms]
2026-06-18 11:12:29.864 [info] > git config --get commit.template [2ms]
2026-06-18 11:12:29.877 [info] > git for-each-ref --format=%(refname)%00%(upstream:short)%00%(objectname)%00%(upstream:track)%00%(upstream:remotename)%00%(upstream:remoteref) refs/heads/main refs/remotes/main [3ms]
2026-06-18 11:12:29.899 [info] > git status -z -uall [13ms]
2026-06-18 11:12:29.900 [info] > git for-each-ref --sort -committerdate --format %(refname)%00%(objectname)%00%(*objectname) [4ms]
2026-06-18 11:12:30.629 [info] > git show --textconv HEAD:modules/03-python-programming/SUBMISSION.md [10ms]
2026-06-18 11:12:30.631 [info] > git ls-tree -l HEAD -- modules/03-python-programming/SUBMISSION.md [2ms]
2026-06-18 11:12:30.925 [info] > git config --get commit.template [11ms]
2026-06-18 11:12:30.927 [info] > git for-each-ref --format=%(refname)%00%(upstream:short)%00%(objectname)%00%(upstream:track)%00%(upstream:remotename)%00%(upstream:remoteref) refs/heads/main refs/remotes/main [3ms]
2026-06-18 11:12:30.949 [info] > git status -z -uall [12ms]
2026-06-18 11:12:30.950 [info] > git for-each-ref --sort -committerdate --format %(refname)%00%(objectname)%00%(*objectname) [3ms]
2026-06-18 11:12:31.157 [info] > git ls-files --stage -- modules/03-python-programming/SUBMISSION.md [9ms]
2026-06-18 11:12:31.168 [info] > git ls-tree -l HEAD -- modules/03-python-programming/SUBMISSION.md [11ms]
2026-06-18 11:12:31.169 [info] > git cat-file -s cb5ae6dae101ef307a98a3b5772c7ec0f30a4294 [2ms]
2026-06-18 11:12:31.344 [info] > git show --textconv HEAD:modules/03-python-programming/SUBMISSION.md [9ms]
2026-06-18 11:12:31.346 [info] > git show --textconv :modules/03-python-programming/SUBMISSION.md [2ms]
2026-06-18 11:12:51.581 [info] > git config --get commit.template [11ms]
2026-06-18 11:12:51.583 [info] > git for-each-ref --format=%(refname)%00%(upstream:short)%00%(objectname)%00%(upstream:track)%00%(upstream:remotename)%00%(upstream:remoteref) refs/heads/main refs/remotes/main [3ms]
2026-06-18 11:12:51.605 [info] > git status -z -uall [11ms]
2026-06-18 11:12:51.607 [info] > git for-each-ref --sort -committerdate --format %(refname)%00%(objectname)%00%(*objectname) [3ms]
2026-06-18 11:12:51.631 [info] > git blame --root --incremental c7e5c0cf7aa2ff8dca0818c9efb33d4dab0d3fcc -- modules/03-python-programming/SUBMISSION.md [12ms]
2026-06-18 11:12:51.635 [info] > git merge-base refs/heads/main refs/remotes/origin/main [6ms]
2026-06-18 11:12:51.647 [info] > git diff --name-status -z --diff-filter=ADMR 3fc55ef58cab207a17666d01e6f30afc2874aeb6...refs/remotes/origin/main [2ms]
2026-06-18 11:12:52.657 [info] > git config --get commit.template [12ms]
2026-06-18 11:12:52.658 [info] > git for-each-ref --format=%(refname)%00%(upstream:short)%00%(objectname)%00%(upstream:track)%00%(upstream:remotename)%00%(upstream:remoteref) refs/heads/main refs/remotes/main [2ms]
2026-06-18 11:12:52.678 [info] > git status -z -uall [10ms]
2026-06-18 11:12:52.681 [info] > git for-each-ref --sort -committerdate --format %(refname)%00%(objectname)%00%(*objectname) [2ms]
2026-06-18 11:12:52.865 [info] > git ls-files --stage -- modules/03-python-programming/SUBMISSION.md [2ms]
2026-06-18 11:12:52.876 [info] > git cat-file -s cb5ae6dae101ef307a98a3b5772c7ec0f30a4294 [2ms]
2026-06-18 11:12:53.022 [info] > git show --textconv :modules/03-python-programming/SUBMISSION.md [3ms]
2026-06-18 11:13:42.322 [info] > git config --get commit.template [11ms]
2026-06-18 11:13:42.323 [info] > git for-each-ref --format=%(refname)%00%(upstream:short)%00%(objectname)%00%(upstream:track)%00%(upstream:remotename)%00%(upstream:remoteref) refs/heads/main refs/remotes/main [2ms]
2026-06-18 11:13:42.345 [info] > git status -z -uall [12ms]
2026-06-18 11:13:42.347 [info] > git for-each-ref --sort -committerdate --format %(refname)%00%(objectname)%00%(*objectname) [3ms]
2026-06-18 11:13:42.369 [info] > git merge-base refs/heads/main refs/remotes/origin/main [3ms]
2026-06-18 11:13:42.382 [info] > git diff --name-status -z --diff-filter=ADMR c7e5c0cf7aa2ff8dca0818c9efb33d4dab0d3fcc...refs/remotes/origin/main [4ms]
2026-06-18 11:14:03.152 [info] > git config --get commit.template [11ms]
2026-06-18 11:14:03.154 [info] > git for-each-ref --format=%(refname)%00%(upstream:short)%00%(objectname)%00%(upstream:track)%00%(upstream:remotename)%00%(upstream:remoteref) refs/heads/main refs/remotes/main [3ms]
2026-06-18 11:14:03.177 [info] > git status -z -uall [11ms]
2026-06-18 11:14:03.179 [info] > git for-each-ref --sort -committerdate --format %(refname)%00%(objectname)%00%(*objectname) [3ms]
2026-06-18 11:14:03.355 [info] > git ls-files --stage -- modules/03-python-programming/SUBMISSION.md [2ms]
2026-06-18 11:14:03.368 [info] > git cat-file -s cb5ae6dae101ef307a98a3b5772c7ec0f30a4294 [3ms]
2026-06-18 11:14:03.522 [info] > git show --textconv :modules/03-python-programming/SUBMISSION.md [5ms]
