2026-06-20 16:56:08.480 [info] Reading sessions from keychain...
2026-06-20 16:56:08.480 [info] Getting sessions for all scopes...
2026-06-20 16:56:08.480 [info] Got 0 sessions for ...
2026-06-20 16:56:08.480 [info] Getting sessions for all scopes...
2026-06-20 16:56:08.480 [info] Got 0 sessions for ...
2026-06-20 16:56:08.480 [info] Getting sessions for all scopes...
2026-06-20 16:56:08.480 [info] Got 0 sessions for ...
2026-06-20 16:56:08.495 [info] Getting sessions for read:user,repo,user:email,workflow...
2026-06-20 16:56:08.495 [info] Got 0 sessions for read:user,repo,user:email,workflow...
2026-06-20 16:56:08.510 [info] Getting sessions for all scopes...
2026-06-20 16:56:08.510 [info] Got 0 sessions for ...
2026-06-20 16:56:08.510 [info] Getting sessions for all scopes...
2026-06-20 16:56:08.510 [info] Got 0 sessions for ...
2026-06-20 16:56:08.610 [info] Getting sessions for all scopes...
2026-06-20 16:56:08.610 [info] Got 0 sessions for ...
2026-06-20 16:56:08.720 [info] Getting sessions for read:user,repo,user:email,workflow...
2026-06-20 16:56:08.720 [info] Got 0 sessions for read:user,repo,user:email,workflow...
2026-06-20 16:56:10.182 [info] Getting sessions for read:user,repo,user:email,workflow...
2026-06-20 16:56:10.182 [info] Got 0 sessions for read:user,repo,user:email,workflow...
2026-06-20 16:56:12.434 [info] Getting sessions for all scopes...
2026-06-20 16:56:12.434 [info] Got 0 sessions for ...
