2026-06-20 17:18:16.681 [info] Reading sessions from keychain...
2026-06-20 17:18:16.681 [info] Getting sessions for all scopes...
2026-06-20 17:18:16.681 [info] Got 0 sessions for ...
2026-06-20 17:18:16.681 [info] Getting sessions for all scopes...
2026-06-20 17:18:16.681 [info] Got 0 sessions for ...
2026-06-20 17:18:16.681 [info] Getting sessions for all scopes...
2026-06-20 17:18:16.681 [info] Got 0 sessions for ...
2026-06-20 17:18:16.681 [info] Getting sessions for all scopes...
2026-06-20 17:18:16.681 [info] Got 0 sessions for ...
2026-06-20 17:18:16.681 [info] Getting sessions for all scopes...
2026-06-20 17:18:16.681 [info] Got 0 sessions for ...
2026-06-20 17:18:18.230 [info] Getting sessions for read:user,repo,user:email,workflow...
2026-06-20 17:18:18.230 [info] Got 0 sessions for read:user,repo,user:email,workflow...
2026-06-20 17:18:19.704 [info] Getting sessions for read:user,repo,user:email,workflow...
2026-06-20 17:18:19.704 [info] Got 0 sessions for read:user,repo,user:email,workflow...
2026-06-20 17:18:19.812 [info] Getting sessions for read:user,repo,user:email,workflow...
2026-06-20 17:18:19.812 [info] Got 0 sessions for read:user,repo,user:email,workflow...
2026-06-20 17:18:21.755 [info] Getting sessions for all scopes...
2026-06-20 17:18:21.755 [info] Got 0 sessions for ...
2026-06-20 17:24:20.487 [info] Getting sessions for read:user,repo,user:email,workflow...
2026-06-20 17:24:20.487 [info] Got 0 sessions for read:user,repo,user:email,workflow...
2026-06-20 17:24:22.709 [info] Logging in with 'any' account...
2026-06-20 17:24:22.709 [info] Logging in for the following scopes: read:user repo user:email workflow
2026-06-20 17:24:22.773 [info] Trying device code flow... (read:user repo user:email workflow)
2026-06-20 17:25:40.603 [info] Getting user info...
2026-06-20 17:25:41.123 [info] Got account info!
2026-06-20 17:25:41.124 [info] Storing 1 sessions...
2026-06-20 17:25:41.158 [info] Reading sessions from keychain...
2026-06-20 17:25:41.158 [info] Stored 1 sessions!
2026-06-20 17:25:41.158 [info] Login success!
2026-06-20 17:25:41.197 [info] Got stored sessions!
2026-06-20 17:25:41.197 [info] Got 1 verified sessions.
2026-06-20 17:25:41.275 [info] Getting sessions for read:user,repo,user:email,workflow...
2026-06-20 17:25:41.275 [info] Got 1 sessions for read:user,repo,user:email,workflow...
