2026-06-17 02:18:44.342 [info] Reading sessions from keychain...
2026-06-17 02:18:44.343 [info] Getting sessions for all scopes...
2026-06-17 02:18:44.343 [info] Got 0 sessions for ...
2026-06-17 02:18:44.343 [info] Getting sessions for all scopes...
2026-06-17 02:18:44.343 [info] Got 0 sessions for ...
2026-06-17 02:18:44.343 [info] Getting sessions for all scopes...
2026-06-17 02:18:44.343 [info] Got 0 sessions for ...
2026-06-17 02:18:44.343 [info] Getting sessions for all scopes...
2026-06-17 02:18:44.343 [info] Got 0 sessions for ...
2026-06-17 02:18:44.343 [info] Getting sessions for all scopes...
2026-06-17 02:18:44.343 [info] Got 0 sessions for ...
2026-06-17 02:18:44.455 [info] Getting sessions for read:user,repo,user:email,workflow...
2026-06-17 02:18:44.455 [info] Got 0 sessions for read:user,repo,user:email,workflow...
2026-06-17 02:18:44.642 [info] Getting sessions for read:user,repo,user:email,workflow...
2026-06-17 02:18:44.642 [info] Got 0 sessions for read:user,repo,user:email,workflow...
2026-06-17 02:18:50.439 [info] Logging in with 'any' account...
2026-06-17 02:18:50.439 [info] Logging in for the following scopes: read:user repo user:email workflow
2026-06-17 02:18:50.723 [info] Trying device code flow... (read:user repo user:email workflow)
2026-06-17 02:23:08.970 [error] Timed out
2026-06-17 02:23:33.972 [info] Trying to retrieve PAT... (read:user repo user:email workflow)
2026-06-17 02:26:23.464 [error] User Cancelled
