2026-06-17 00:41:33.413 [info] [main] Log level: Info
2026-06-17 00:41:33.413 [info] [main] Validating found git in: "git"
2026-06-17 00:41:33.413 [info] [main] Using git "2.43.0" from "git"
2026-06-17 00:41:33.413 [info] [Model][doInitialScan] Initial repository scan started
2026-06-17 00:41:33.413 [info] > git rev-parse --show-toplevel [6ms]
2026-06-17 00:41:33.413 [info] fatal: not a git repository (or any of the parent directories): .git
2026-06-17 00:41:33.413 [info] > git rev-parse --show-toplevel [2ms]
2026-06-17 00:41:33.413 [info] fatal: not a git repository (or any of the parent directories): .git
2026-06-17 00:41:33.413 [info] > git rev-parse --show-toplevel [2ms]
2026-06-17 00:41:33.413 [info] fatal: not a git repository (or any of the parent directories): .git
2026-06-17 00:41:33.413 [info] > git rev-parse --show-toplevel [2ms]
2026-06-17 00:41:33.413 [info] fatal: not a git repository (or any of the parent directories): .git
2026-06-17 00:41:33.413 [info] [Model][doInitialScan] Initial repository scan completed - repositories (0), closed repositories (0), parent repositories (0), unsafe repositories (0)
2026-06-17 00:41:55.706 [info] > git rev-parse --show-toplevel [5ms]
2026-06-17 00:41:55.707 [info] fatal: not a git repository (or any of the parent directories): .git
2026-06-17 00:42:08.539 [info] > git rev-parse --show-toplevel [2ms]
2026-06-17 00:42:08.539 [info] fatal: not a git repository (or any of the parent directories): .git
2026-06-17 00:47:16.456 [info] > git rev-parse --show-toplevel [9ms]
2026-06-17 00:47:16.459 [info] fatal: not a git repository (or any of the parent directories): .git
2026-06-17 00:55:46.684 [info] > git rev-parse --show-toplevel [2ms]
2026-06-17 00:55:46.684 [info] fatal: not a git repository (or any of the parent directories): .git
2026-06-17 00:55:48.315 [info] > git rev-parse --show-toplevel [2ms]
2026-06-17 00:55:48.315 [info] fatal: not a git repository (or any of the parent directories): .git
2026-06-17 00:55:57.068 [info] > git rev-parse --show-toplevel [4ms]
2026-06-17 00:55:57.068 [info] fatal: not a git repository (or any of the parent directories): .git
2026-06-17 00:56:53.448 [info] > git rev-parse --show-toplevel [2ms]
2026-06-17 00:56:53.448 [info] fatal: not a git repository (or any of the parent directories): .git
2026-06-17 00:56:53.965 [info] > git rev-parse --show-toplevel [1ms]
2026-06-17 00:56:53.965 [info] fatal: not a git repository (or any of the parent directories): .git
2026-06-17 01:02:59.028 [info] > git rev-parse --show-toplevel [3ms]
2026-06-17 01:02:59.028 [info] fatal: not a git repository (or any of the parent directories): .git
2026-06-17 01:03:00.375 [info] > git rev-parse --show-toplevel [3ms]
2026-06-17 01:03:00.375 [info] fatal: not a git repository (or any of the parent directories): .git
2026-06-17 01:03:03.692 [info] > git rev-parse --show-toplevel [2ms]
2026-06-17 01:03:03.692 [info] fatal: not a git repository (or any of the parent directories): .git
2026-06-17 01:03:17.550 [info] > git rev-parse --show-toplevel [3ms]
2026-06-17 01:03:17.550 [info] fatal: not a git repository (or any of the parent directories): .git
2026-06-17 01:11:16.755 [info] > git rev-parse --show-toplevel [1ms]
2026-06-17 01:11:16.756 [info] fatal: not a git repository (or any of the parent directories): .git
2026-06-17 01:12:08.213 [info] > git rev-parse --show-toplevel [3ms]
2026-06-17 01:12:08.213 [info] fatal: not a git repository (or any of the parent directories): .git
2026-06-17 01:12:08.605 [info] > git rev-parse --show-toplevel [3ms]
2026-06-17 01:12:08.605 [info] fatal: not a git repository (or any of the parent directories): .git
2026-06-17 01:13:15.557 [info] > git rev-parse --show-toplevel [2ms]
2026-06-17 01:13:15.557 [info] fatal: not a git repository (or any of the parent directories): .git
2026-06-17 01:14:38.321 [info] > git rev-parse --show-toplevel [2ms]
2026-06-17 01:14:38.321 [info] fatal: not a git repository (or any of the parent directories): .git
2026-06-17 01:17:39.542 [info] > git rev-parse --show-toplevel [1ms]
2026-06-17 01:17:39.543 [info] fatal: not a git repository (or any of the parent directories): .git
2026-06-17 01:25:08.801 [info] > git rev-parse --show-toplevel [3ms]
2026-06-17 01:25:08.801 [info] fatal: not a git repository (or any of the parent directories): .git
2026-06-17 01:25:09.683 [info] > git rev-parse --show-toplevel [3ms]
2026-06-17 01:25:09.683 [info] fatal: not a git repository (or any of the parent directories): .git
2026-06-17 01:28:55.430 [info] > git rev-parse --show-toplevel [1ms]
2026-06-17 01:28:55.431 [info] fatal: not a git repository (or any of the parent directories): .git
2026-06-17 01:28:55.850 [info] > git rev-parse --show-toplevel [2ms]
2026-06-17 01:28:55.850 [info] fatal: not a git repository (or any of the parent directories): .git
2026-06-17 01:28:56.346 [info] > git rev-parse --show-toplevel [1ms]
2026-06-17 01:28:56.346 [info] fatal: not a git repository (or any of the parent directories): .git
2026-06-17 01:28:57.494 [info] > git rev-parse --show-toplevel [2ms]
2026-06-17 01:28:57.494 [info] fatal: not a git repository (or any of the parent directories): .git
2026-06-17 01:28:58.128 [info] > git rev-parse --show-toplevel [1ms]
2026-06-17 01:28:58.129 [info] fatal: not a git repository (or any of the parent directories): .git
2026-06-17 01:28:58.860 [info] > git rev-parse --show-toplevel [2ms]
2026-06-17 01:28:58.860 [info] fatal: not a git repository (or any of the parent directories): .git
2026-06-17 01:28:59.615 [info] > git rev-parse --show-toplevel [2ms]
2026-06-17 01:28:59.615 [info] fatal: not a git repository (or any of the parent directories): .git
2026-06-17 01:29:12.148 [info] > git rev-parse --show-toplevel [4ms]
2026-06-17 01:29:12.148 [info] fatal: not a git repository (or any of the parent directories): .git
2026-06-17 01:32:22.854 [info] > git rev-parse --show-toplevel [3ms]
2026-06-17 01:32:22.854 [info] fatal: not a git repository (or any of the parent directories): .git
2026-06-17 01:32:26.086 [info] > git rev-parse --show-toplevel [3ms]
2026-06-17 01:32:26.086 [info] fatal: not a git repository (or any of the parent directories): .git
2026-06-17 01:32:32.791 [info] > git rev-parse --show-toplevel [8ms]
2026-06-17 01:32:32.791 [info] fatal: not a git repository (or any of the parent directories): .git
2026-06-17 01:32:33.472 [info] > git rev-parse --show-toplevel [2ms]
2026-06-17 01:32:33.472 [info] fatal: not a git repository (or any of the parent directories): .git
2026-06-17 01:32:34.762 [info] > git rev-parse --show-toplevel [6ms]
2026-06-17 01:32:34.762 [info] fatal: not a git repository (or any of the parent directories): .git
2026-06-17 01:32:36.095 [info] > git rev-parse --show-toplevel [2ms]
2026-06-17 01:32:36.095 [info] fatal: not a git repository (or any of the parent directories): .git
2026-06-17 01:33:08.711 [info] > git rev-parse --show-toplevel [2ms]
2026-06-17 01:33:08.711 [info] fatal: not a git repository (or any of the parent directories): .git
2026-06-17 01:36:47.812 [info] > git rev-parse --show-toplevel [2ms]
2026-06-17 01:36:47.813 [info] fatal: not a git repository (or any of the parent directories): .git
2026-06-17 01:40:32.160 [info] > git rev-parse --show-toplevel [3ms]
2026-06-17 01:40:32.161 [info] fatal: not a git repository (or any of the parent directories): .git
2026-06-17 01:47:18.851 [info] > git rev-parse --show-toplevel [2ms]
2026-06-17 01:47:18.851 [info] fatal: not a git repository (or any of the parent directories): .git
2026-06-17 01:47:19.438 [info] > git rev-parse --show-toplevel [3ms]
2026-06-17 01:47:19.438 [info] fatal: not a git repository (or any of the parent directories): .git
2026-06-17 01:48:54.974 [info] > git rev-parse --show-toplevel [2ms]
2026-06-17 01:48:54.976 [info] fatal: not a git repository (or any of the parent directories): .git
2026-06-17 01:53:28.938 [info] > git rev-parse --show-toplevel [2ms]
2026-06-17 01:53:28.938 [info] fatal: not a git repository (or any of the parent directories): .git
2026-06-17 01:54:04.465 [info] > git rev-parse --show-toplevel [2ms]
2026-06-17 01:54:04.465 [info] fatal: not a git repository (or any of the parent directories): .git
2026-06-17 01:54:05.168 [info] > git rev-parse --show-toplevel [2ms]
2026-06-17 01:54:05.168 [info] fatal: not a git repository (or any of the parent directories): .git
2026-06-17 01:54:05.830 [info] > git rev-parse --show-toplevel [2ms]
2026-06-17 01:54:05.830 [info] fatal: not a git repository (or any of the parent directories): .git
2026-06-17 01:55:27.016 [info] > git rev-parse --show-toplevel [2ms]
2026-06-17 01:55:27.016 [info] fatal: not a git repository (or any of the parent directories): .git
2026-06-17 01:58:01.649 [info] > git rev-parse --show-toplevel [2ms]
2026-06-17 01:58:01.649 [info] fatal: not a git repository (or any of the parent directories): .git
2026-06-17 01:58:08.393 [info] > git rev-parse --show-toplevel [2ms]
2026-06-17 01:58:08.393 [info] fatal: not a git repository (or any of the parent directories): .git
2026-06-17 01:58:28.463 [info] > git rev-parse --show-toplevel [1ms]
2026-06-17 01:58:28.463 [info] fatal: not a git repository (or any of the parent directories): .git
2026-06-17 02:09:58.481 [info] > git rev-parse --show-toplevel [3ms]
2026-06-17 02:09:58.481 [info] fatal: not a git repository (or any of the parent directories): .git
