2026-06-17 13:51:55.958 [info] [main] Log level: Info
2026-06-17 13:51:55.958 [info] [main] Validating found git in: "git"
2026-06-17 13:51:55.958 [info] [main] Using git "2.43.0" from "git"
2026-06-17 13:51:55.958 [info] [Model][doInitialScan] Initial repository scan started
2026-06-17 13:51:55.958 [info] > git rev-parse --show-toplevel [4ms]
2026-06-17 13:51:55.958 [info] fatal: not a git repository (or any of the parent directories): .git
2026-06-17 13:51:55.958 [info] > git rev-parse --show-toplevel [46ms]
2026-06-17 13:51:55.958 [info] > git rev-parse --git-dir --git-common-dir --show-superproject-working-tree [7ms]
2026-06-17 13:51:55.958 [info] [Model][openRepository] Opened repository (path): /home/vsysuser/workspace/assignment1-adzmir32
2026-06-17 13:51:55.958 [info] [Model][openRepository] Opened repository (real path): /home/vsysuser/workspace/assignment1-adzmir32
2026-06-17 13:51:55.958 [info] [Model][openRepository] Opened repository (kind): repository
2026-06-17 13:51:55.958 [info] > git rev-parse --show-toplevel [4ms]
2026-06-17 13:51:55.958 [info] fatal: not a git repository (or any of the parent directories): .git
2026-06-17 13:51:55.958 [info] > git config --get commit.template [15ms]
2026-06-17 13:51:55.958 [info] > git rev-parse --show-toplevel [13ms]
2026-06-17 13:51:55.958 [info] fatal: not a git repository (or any of the parent directories): .git
2026-06-17 13:51:55.958 [info] > git for-each-ref --format=%(refname)%00%(upstream:short)%00%(objectname)%00%(upstream:track)%00%(upstream:remotename)%00%(upstream:remoteref) refs/heads/main refs/remotes/main [4ms]
2026-06-17 13:51:55.958 [info] > git status -z -uall [20ms]
2026-06-17 13:51:55.958 [info] > git rev-parse --show-toplevel [35ms]
2026-06-17 13:51:55.958 [info] fatal: not a git repository (or any of the parent directories): .git
2026-06-17 13:51:55.958 [info] > git for-each-ref --sort -committerdate --format %(refname)%00%(objectname)%00%(*objectname) [22ms]
2026-06-17 13:51:55.958 [info] > git for-each-ref --format=%(refname)%00%(upstream:short)%00%(objectname)%00%(upstream:track)%00%(upstream:remotename)%00%(upstream:remoteref) refs/heads/main refs/remotes/main [59ms]
2026-06-17 13:51:55.958 [info] > git rev-parse --show-toplevel [128ms]
2026-06-17 13:51:55.958 [info] fatal: not a git repository (or any of the parent directories): .git
2026-06-17 13:51:55.958 [info] > git config --get commit.template [27ms]
2026-06-17 13:51:55.958 [info] > git rev-parse --show-toplevel [3ms]
2026-06-17 13:51:55.958 [info] fatal: not a git repository (or any of the parent directories): .git
2026-06-17 13:51:55.958 [info] > git config --get --local branch.main.vscode-merge-base [13ms]
2026-06-17 13:51:55.958 [info] > git for-each-ref --format=%(refname)%00%(upstream:short)%00%(objectname)%00%(upstream:track)%00%(upstream:remotename)%00%(upstream:remoteref) refs/heads/main refs/remotes/main [13ms]
2026-06-17 13:51:55.958 [info] > git for-each-ref --format=%(refname)%00%(upstream:short)%00%(objectname)%00%(upstream:track)%00%(upstream:remotename)%00%(upstream:remoteref) refs/heads/origin/main refs/remotes/origin/main [25ms]
2026-06-17 13:51:55.958 [info] > git rev-parse --show-toplevel [29ms]
2026-06-17 13:51:55.958 [info] fatal: not a git repository (or any of the parent directories): .git
2026-06-17 13:51:55.958 [info] > git merge-base refs/heads/main refs/remotes/origin/main [17ms]
2026-06-17 13:51:55.958 [info] > git status -z -uall [11ms]
2026-06-17 13:51:55.958 [info] > git diff --name-status -z --diff-filter=ADMR d835c815db105974aaab7398e9259f00eb34a750...refs/remotes/origin/main [33ms]
2026-06-17 13:51:55.958 [info] > git rev-parse --show-toplevel [23ms]
2026-06-17 13:51:55.958 [info] fatal: not a git repository (or any of the parent directories): .git
2026-06-17 13:51:55.958 [info] > git for-each-ref --sort -committerdate --format %(refname)%00%(objectname)%00%(*objectname) [13ms]
2026-06-17 13:51:55.958 [info] > git rev-parse --show-toplevel [6ms]
2026-06-17 13:51:55.958 [info] fatal: not a git repository (or any of the parent directories): .git
2026-06-17 13:51:55.958 [info] [Model][doInitialScan] Initial repository scan completed - repositories (1), closed repositories (0), parent repositories (0), unsafe repositories (0)
2026-06-17 13:51:55.958 [info] > git rev-parse --show-toplevel [2ms]
2026-06-17 13:51:55.958 [info] fatal: not a git repository (or any of the parent directories): .git
2026-06-17 13:51:58.498 [info] > git check-ignore -v -z --stdin [5ms]
2026-06-17 13:51:58.805 [info] > git rev-parse --show-toplevel [2ms]
2026-06-17 13:51:58.805 [info] fatal: not a git repository (or any of the parent directories): .git
2026-06-17 13:51:59.092 [info] > git rev-parse --show-toplevel [3ms]
2026-06-17 13:51:59.092 [info] fatal: not a git repository (or any of the parent directories): .git
2026-06-17 14:06:17.877 [info] > git rev-parse --show-toplevel [2ms]
2026-06-17 14:06:17.877 [info] fatal: not a git repository (or any of the parent directories): .git
2026-06-17 14:07:00.191 [info] > git rev-parse --show-toplevel [1ms]
2026-06-17 14:07:00.191 [info] fatal: not a git repository (or any of the parent directories): .git
2026-06-17 14:07:34.410 [info] > git rev-parse --show-toplevel [2ms]
2026-06-17 14:07:34.410 [info] fatal: not a git repository (or any of the parent directories): .git
2026-06-17 14:18:39.447 [info] > git check-ignore -v -z --stdin [2ms]
2026-06-17 14:39:58.488 [info] > git rev-parse --show-toplevel [2ms]
2026-06-17 14:39:58.500 [info] > git rev-parse --git-dir --git-common-dir --show-superproject-working-tree [4ms]
2026-06-17 14:39:58.505 [info] [Model][openRepository] Opened repository (path): /home/vsysuser/workspace/learn_git
2026-06-17 14:39:58.505 [info] [Model][openRepository] Opened repository (real path): /home/vsysuser/workspace/learn_git
2026-06-17 14:39:58.505 [info] [Model][openRepository] Opened repository (kind): repository
2026-06-17 14:39:58.524 [info] [Git][getRemotes] No remotes found in the git config file
2026-06-17 14:39:58.527 [info] > git for-each-ref --format=%(refname)%00%(upstream:short)%00%(objectname)%00%(upstream:track)%00%(upstream:remotename)%00%(upstream:remoteref) refs/heads/master refs/remotes/master [2ms]
2026-06-17 14:39:58.527 [warning] [Git][getBranch] No such branch: master
2026-06-17 14:39:58.527 [info] > git config --get commit.template [12ms]
2026-06-17 14:39:58.546 [info] > git status -z -uall [10ms]
2026-06-17 14:39:58.548 [info] > git for-each-ref --sort -committerdate --format %(refname)%00%(objectname)%00%(*objectname) [3ms]
2026-06-17 14:39:58.570 [info] > git for-each-ref --format=%(refname)%00%(upstream:short)%00%(objectname)%00%(upstream:track)%00%(upstream:remotename)%00%(upstream:remoteref) refs/heads/master refs/remotes/master [11ms]
2026-06-17 14:39:58.570 [warning] [Git][getBranch] No such branch: master
2026-06-17 14:39:58.571 [error] [GitHistoryProvider][resolveHEADMergeBase] Failed to resolve merge base for master: Error: No such branch: master.
2026-06-17 14:39:58.572 [info] > git config --get commit.template [3ms]
2026-06-17 14:39:58.572 [info] [Git][getRemotes] No remotes found in the git config file
2026-06-17 14:39:58.583 [info] > git for-each-ref --format=%(refname)%00%(upstream:short)%00%(objectname)%00%(upstream:track)%00%(upstream:remotename)%00%(upstream:remoteref) refs/heads/master refs/remotes/master [3ms]
2026-06-17 14:39:58.583 [warning] [Git][getBranch] No such branch: master
2026-06-17 14:39:58.601 [info] > git status -z -uall [10ms]
2026-06-17 14:39:58.603 [info] > git for-each-ref --sort -committerdate --format %(refname)%00%(objectname)%00%(*objectname) [3ms]
2026-06-17 14:39:59.326 [info] > git check-ignore -v -z --stdin [12ms]
2026-06-17 14:39:59.326 [info] > git check-ignore -v -z --stdin [3ms]
2026-06-17 14:41:09.982 [info] [Git][getRemotes] No remotes found in the git config file
2026-06-17 14:41:09.985 [info] > git for-each-ref --format=%(refname)%00%(upstream:short)%00%(objectname)%00%(upstream:track)%00%(upstream:remotename)%00%(upstream:remoteref) refs/heads/main refs/remotes/main [3ms]
2026-06-17 14:41:09.985 [warning] [Git][getBranch] No such branch: main
2026-06-17 14:41:09.985 [info] > git config --get commit.template [13ms]
2026-06-17 14:41:10.009 [info] > git status -z -uall [14ms]
2026-06-17 14:41:10.010 [info] > git for-each-ref --sort -committerdate --format %(refname)%00%(objectname)%00%(*objectname) [3ms]
2026-06-17 14:41:10.027 [info] > git for-each-ref --format=%(refname)%00%(upstream:short)%00%(objectname)%00%(upstream:track)%00%(upstream:remotename)%00%(upstream:remoteref) refs/heads/main refs/remotes/main [3ms]
2026-06-17 14:41:10.027 [warning] [Git][getBranch] No such branch: main
2026-06-17 14:41:10.028 [error] [GitHistoryProvider][resolveHEADMergeBase] Failed to resolve merge base for main: Error: No such branch: main.
2026-06-17 14:41:11.038 [info] [Git][getRemotes] No remotes found in the git config file
2026-06-17 14:41:11.049 [info] > git for-each-ref --format=%(refname)%00%(upstream:short)%00%(objectname)%00%(upstream:track)%00%(upstream:remotename)%00%(upstream:remoteref) refs/heads/main refs/remotes/main [2ms]
2026-06-17 14:41:11.049 [warning] [Git][getBranch] No such branch: main
2026-06-17 14:41:11.050 [info] > git config --get commit.template [12ms]
2026-06-17 14:41:11.070 [info] > git status -z -uall [11ms]
2026-06-17 14:41:11.072 [info] > git for-each-ref --sort -committerdate --format %(refname)%00%(objectname)%00%(*objectname) [2ms]
2026-06-17 14:41:57.482 [info] [Git][getRemotes] No remotes found in the git config file
2026-06-17 14:41:57.483 [info] > git config --get commit.template [11ms]
2026-06-17 14:41:57.484 [info] > git for-each-ref --format=%(refname)%00%(upstream:short)%00%(objectname)%00%(upstream:track)%00%(upstream:remotename)%00%(upstream:remoteref) refs/heads/main refs/remotes/main [2ms]
2026-06-17 14:41:57.484 [warning] [Git][getBranch] No such branch: main
2026-06-17 14:41:57.507 [info] > git status -z -uall [14ms]
2026-06-17 14:41:57.508 [info] > git for-each-ref --sort -committerdate --format %(refname)%00%(objectname)%00%(*objectname) [5ms]
2026-06-17 14:41:59.807 [info] > git check-ignore -v -z --stdin [2ms]
2026-06-17 14:43:37.941 [info] > git config --get commit.template [3ms]
2026-06-17 14:43:37.951 [info] [Git][getRemotes] No remotes found in the git config file
2026-06-17 14:43:37.952 [info] > git for-each-ref --format=%(refname)%00%(upstream:short)%00%(objectname)%00%(upstream:track)%00%(upstream:remotename)%00%(upstream:remoteref) refs/heads/main refs/remotes/main [2ms]
2026-06-17 14:43:37.952 [warning] [Git][getBranch] No such branch: main
2026-06-17 14:43:37.974 [info] > git status -z -uall [11ms]
2026-06-17 14:43:37.976 [info] > git for-each-ref --sort -committerdate --format %(refname)%00%(objectname)%00%(*objectname) [3ms]
2026-06-17 14:43:38.664 [info] > git show --textconv :notes.txt [30ms]
2026-06-17 14:43:38.664 [info] > git show --textconv HEAD:notes.txt [21ms]
2026-06-17 14:43:38.664 [info] > git ls-files --stage -- notes.txt [12ms]
2026-06-17 14:43:38.686 [info] > git cat-file -s 9f4d96d5b00d98959ea9960f069585ce42b1349a [12ms]
2026-06-17 14:43:38.687 [info] > git ls-tree -l HEAD -- notes.txt [25ms]
2026-06-17 14:43:38.687 [info] fatal: Not a valid object name HEAD
2026-06-17 14:43:38.697 [info] > git hash-object -t tree /dev/null [13ms]
2026-06-17 14:43:38.697 [warning] [GitFileSystemProvider][readFile] File not found - git:/home/vsysuser/workspace/learn_git/notes.txt.git?%7B%22path%22%3A%22%2Fhome%2Fvsysuser%2Fworkspace%2Flearn_git%2Fnotes.txt%22%2C%22ref%22%3A%22HEAD%22%7D
2026-06-17 14:43:38.700 [info] > git hash-object -t tree /dev/null [4ms]
2026-06-17 14:43:38.700 [warning] [GitFileSystemProvider][stat] File not found - git:/home/vsysuser/workspace/learn_git/notes.txt.git?%7B%22path%22%3A%22%2Fhome%2Fvsysuser%2Fworkspace%2Flearn_git%2Fnotes.txt%22%2C%22ref%22%3A%22HEAD%22%7D
2026-06-17 14:43:39.028 [info] [Git][getRemotes] No remotes found in the git config file
2026-06-17 14:43:39.028 [info] > git config --get commit.template [11ms]
2026-06-17 14:43:39.029 [info] > git for-each-ref --format=%(refname)%00%(upstream:short)%00%(objectname)%00%(upstream:track)%00%(upstream:remotename)%00%(upstream:remoteref) refs/heads/main refs/remotes/main [2ms]
2026-06-17 14:43:39.030 [warning] [Git][getBranch] No such branch: main
2026-06-17 14:43:39.050 [info] > git status -z -uall [12ms]
2026-06-17 14:43:39.051 [info] > git for-each-ref --sort -committerdate --format %(refname)%00%(objectname)%00%(*objectname) [3ms]
2026-06-17 14:43:39.340 [info] > git ls-files --stage -- notes.txt [2ms]
2026-06-17 14:43:39.351 [info] > git cat-file -s 9f4d96d5b00d98959ea9960f069585ce42b1349a [2ms]
2026-06-17 14:43:40.039 [info] > git show --textconv :notes.txt [3ms]
2026-06-17 14:44:34.337 [info] [Git][getRemotes] No remotes found in the git config file
2026-06-17 14:44:34.346 [info] > git config --get commit.template [10ms]
2026-06-17 14:44:34.347 [info] > git for-each-ref --format=%(refname)%00%(upstream:short)%00%(objectname)%00%(upstream:track)%00%(upstream:remotename)%00%(upstream:remoteref) refs/heads/main refs/remotes/main [2ms]
2026-06-17 14:44:34.347 [warning] [Git][getBranch] No such branch: main
2026-06-17 14:44:34.367 [info] > git status -z -uall [12ms]
2026-06-17 14:44:34.368 [info] > git for-each-ref --sort -committerdate --format %(refname)%00%(objectname)%00%(*objectname) [3ms]
2026-06-17 14:45:05.031 [info] [Git][getRemotes] No remotes found in the git config file
2026-06-17 14:45:05.031 [info] > git config --get commit.template [11ms]
2026-06-17 14:45:05.032 [info] > git for-each-ref --format=%(refname)%00%(upstream:short)%00%(objectname)%00%(upstream:track)%00%(upstream:remotename)%00%(upstream:remoteref) refs/heads/main refs/remotes/main [2ms]
2026-06-17 14:45:05.053 [info] > git status -z -uall [12ms]
2026-06-17 14:45:05.055 [info] > git for-each-ref --sort -committerdate --format %(refname)%00%(objectname)%00%(*objectname) [3ms]
2026-06-17 14:45:06.103 [info] [Git][getRemotes] No remotes found in the git config file
2026-06-17 14:45:06.104 [info] > git config --get commit.template [11ms]
2026-06-17 14:45:06.105 [info] > git for-each-ref --format=%(refname)%00%(upstream:short)%00%(objectname)%00%(upstream:track)%00%(upstream:remotename)%00%(upstream:remoteref) refs/heads/main refs/remotes/main [2ms]
2026-06-17 14:45:06.126 [info] > git status -z -uall [11ms]
2026-06-17 14:45:06.127 [info] > git for-each-ref --sort -committerdate --format %(refname)%00%(objectname)%00%(*objectname) [2ms]
2026-06-17 14:45:06.887 [info] > git ls-files --stage -- notes.txt [2ms]
2026-06-17 14:45:06.899 [info] > git cat-file -s 9f4d96d5b00d98959ea9960f069585ce42b1349a [2ms]
2026-06-17 14:45:07.732 [info] > git show --textconv :notes.txt [2ms]
2026-06-17 14:48:37.335 [info] > git config --get commit.template [13ms]
2026-06-17 14:48:37.335 [info] > git for-each-ref --format=%(refname)%00%(upstream:short)%00%(objectname)%00%(upstream:track)%00%(upstream:remotename)%00%(upstream:remoteref) refs/heads/main refs/remotes/main [2ms]
2026-06-17 14:48:37.356 [info] > git status -z -uall [10ms]
2026-06-17 14:48:37.358 [info] > git for-each-ref --sort -committerdate --format %(refname)%00%(objectname)%00%(*objectname) [3ms]
2026-06-17 14:48:37.607 [info] > git ls-files --stage -- notes.txt [2ms]
2026-06-17 14:48:37.619 [info] > git cat-file -s 9f4d96d5b00d98959ea9960f069585ce42b1349a [3ms]
2026-06-17 14:48:37.791 [info] > git show --textconv :notes.txt [3ms]
2026-06-17 14:55:45.083 [info] > git config --get commit.template [12ms]
2026-06-17 14:55:45.085 [info] > git for-each-ref --format=%(refname)%00%(upstream:short)%00%(objectname)%00%(upstream:track)%00%(upstream:remotename)%00%(upstream:remoteref) refs/heads/main refs/remotes/main [3ms]
2026-06-17 14:55:45.109 [info] > git status -z -uall [14ms]
2026-06-17 14:55:45.109 [info] > git for-each-ref --sort -committerdate --format %(refname)%00%(objectname)%00%(*objectname) [3ms]
2026-06-17 14:55:45.124 [info] > git merge-base refs/heads/main refs/remotes/origin/main [2ms]
2026-06-17 14:55:45.137 [info] > git diff --name-status -z --diff-filter=ADMR c9e0e16a8d263665b50d9389442d4b049c5cf4ed...refs/remotes/origin/main [3ms]
2026-06-17 14:55:46.052 [info] > git config --get commit.template [3ms]
2026-06-17 14:55:46.068 [info] > git for-each-ref --format=%(refname)%00%(upstream:short)%00%(objectname)%00%(upstream:track)%00%(upstream:remotename)%00%(upstream:remoteref) refs/heads/main refs/remotes/main [3ms]
2026-06-17 14:55:46.102 [info] > git status -z -uall [19ms]
2026-06-17 14:55:46.102 [info] > git for-each-ref --sort -committerdate --format %(refname)%00%(objectname)%00%(*objectname) [4ms]
2026-06-17 14:55:46.277 [info] > git ls-files --stage -- notes.txt [2ms]
2026-06-17 14:55:46.290 [info] > git cat-file -s 9f4d96d5b00d98959ea9960f069585ce42b1349a [3ms]
2026-06-17 14:55:46.407 [info] > git show --textconv :notes.txt [2ms]
2026-06-17 14:59:12.277 [info] > git config --get commit.template [13ms]
2026-06-17 14:59:12.278 [info] > git for-each-ref --format=%(refname)%00%(upstream:short)%00%(objectname)%00%(upstream:track)%00%(upstream:remotename)%00%(upstream:remoteref) refs/heads/main refs/remotes/main [2ms]
2026-06-17 14:59:12.303 [info] > git status -z -uall [14ms]
2026-06-17 14:59:12.304 [info] > git for-each-ref --sort -committerdate --format %(refname)%00%(objectname)%00%(*objectname) [3ms]
2026-06-17 14:59:13.309 [info] > git check-ignore -v -z --stdin [2ms]
2026-06-17 14:59:38.267 [info] > git config --get commit.template [15ms]
2026-06-17 14:59:38.268 [info] > git for-each-ref --format=%(refname)%00%(upstream:short)%00%(objectname)%00%(upstream:track)%00%(upstream:remotename)%00%(upstream:remoteref) refs/heads/main refs/remotes/main [3ms]
2026-06-17 14:59:38.292 [info] > git status -z -uall [13ms]
2026-06-17 14:59:38.294 [info] > git for-each-ref --sort -committerdate --format %(refname)%00%(objectname)%00%(*objectname) [3ms]
2026-06-17 14:59:43.635 [info] > git blame --root --incremental c9e0e16a8d263665b50d9389442d4b049c5cf4ed -- notes.txt [3ms]
2026-06-17 15:02:06.319 [info] > git config --get commit.template [13ms]
2026-06-17 15:02:06.321 [info] > git for-each-ref --format=%(refname)%00%(upstream:short)%00%(objectname)%00%(upstream:track)%00%(upstream:remotename)%00%(upstream:remoteref) refs/heads/main refs/remotes/main [3ms]
2026-06-17 15:02:06.345 [info] > git status -z -uall [13ms]
2026-06-17 15:02:06.348 [info] > git for-each-ref --sort -committerdate --format %(refname)%00%(objectname)%00%(*objectname) [4ms]
2026-06-17 15:02:07.107 [info] > git show --textconv HEAD:notes.txt [13ms]
2026-06-17 15:02:07.109 [info] > git ls-tree -l HEAD -- notes.txt [3ms]
2026-06-17 15:02:07.172 [info] > git config --get commit.template [16ms]
2026-06-17 15:02:07.172 [info] > git for-each-ref --format=%(refname)%00%(upstream:short)%00%(objectname)%00%(upstream:track)%00%(upstream:remotename)%00%(upstream:remoteref) refs/heads/main refs/remotes/main [2ms]
2026-06-17 15:02:07.202 [info] > git status -z -uall [13ms]
2026-06-17 15:02:07.205 [info] > git for-each-ref --sort -committerdate --format %(refname)%00%(objectname)%00%(*objectname) [4ms]
2026-06-17 15:02:07.436 [info] > git ls-files --stage -- notes.txt [13ms]
2026-06-17 15:02:07.448 [info] > git ls-tree -l HEAD -- notes.txt [13ms]
2026-06-17 15:02:07.450 [info] > git cat-file -s 983e171e1a462d2ca31a4e489363778e22583a43 [3ms]
2026-06-17 15:02:07.600 [info] > git show --textconv HEAD:notes.txt [15ms]
2026-06-17 15:02:07.601 [info] > git show --textconv :notes.txt [2ms]
2026-06-17 15:02:23.944 [info] > git config --get commit.template [15ms]
2026-06-17 15:02:23.946 [info] > git for-each-ref --format=%(refname)%00%(upstream:short)%00%(objectname)%00%(upstream:track)%00%(upstream:remotename)%00%(upstream:remoteref) refs/heads/main refs/remotes/main [2ms]
2026-06-17 15:02:23.971 [info] > git status -z -uall [13ms]
2026-06-17 15:02:23.973 [info] > git for-each-ref --sort -committerdate --format %(refname)%00%(objectname)%00%(*objectname) [3ms]
2026-06-17 15:02:24.006 [info] > git blame --root --incremental 584c68dc8473bf20835a4c9ee98e47ae827d9dfc -- notes.txt [18ms]
2026-06-17 15:02:24.007 [info] > git merge-base refs/heads/main refs/remotes/origin/main [6ms]
2026-06-17 15:02:24.022 [info] > git diff --name-status -z --diff-filter=ADMR c9e0e16a8d263665b50d9389442d4b049c5cf4ed...refs/remotes/origin/main [3ms]
2026-06-17 15:02:24.941 [info] > git config --get commit.template [12ms]
2026-06-17 15:02:24.943 [info] > git for-each-ref --format=%(refname)%00%(upstream:short)%00%(objectname)%00%(upstream:track)%00%(upstream:remotename)%00%(upstream:remoteref) refs/heads/main refs/remotes/main [3ms]
2026-06-17 15:02:24.966 [info] > git status -z -uall [12ms]
2026-06-17 15:02:24.968 [info] > git for-each-ref --sort -committerdate --format %(refname)%00%(objectname)%00%(*objectname) [3ms]
2026-06-17 15:02:25.169 [info] > git ls-files --stage -- notes.txt [2ms]
2026-06-17 15:02:25.181 [info] > git cat-file -s 983e171e1a462d2ca31a4e489363778e22583a43 [2ms]
2026-06-17 15:02:25.342 [info] > git show --textconv :notes.txt [3ms]
2026-06-17 15:02:33.539 [info] > git show --textconv :main [17ms]
2026-06-17 15:02:33.544 [info] > git ls-files --stage -- main [6ms]
2026-06-17 15:02:33.566 [info] > git cat-file -s e69de29bb2d1d6434b8b29ae775ad8c2e48c5391 [4ms]
2026-06-17 15:02:36.139 [info] > git show --textconv :notes.txt [14ms]
2026-06-17 15:02:36.140 [info] > git ls-files --stage -- notes.txt [2ms]
2026-06-17 15:02:36.160 [info] > git cat-file -s 983e171e1a462d2ca31a4e489363778e22583a43 [2ms]
2026-06-17 15:02:51.159 [info] > git config --get commit.template [17ms]
2026-06-17 15:02:51.161 [info] > git for-each-ref --format=%(refname)%00%(upstream:short)%00%(objectname)%00%(upstream:track)%00%(upstream:remotename)%00%(upstream:remoteref) refs/heads/main refs/remotes/main [3ms]
2026-06-17 15:02:51.195 [info] > git status -z -uall [18ms]
2026-06-17 15:02:51.196 [info] > git for-each-ref --sort -committerdate --format %(refname)%00%(objectname)%00%(*objectname) [4ms]
2026-06-17 15:02:51.216 [info] > git merge-base refs/heads/main refs/remotes/origin/main [3ms]
2026-06-17 15:02:51.234 [info] > git diff --name-status -z --diff-filter=ADMR 584c68dc8473bf20835a4c9ee98e47ae827d9dfc...refs/remotes/origin/main [3ms]
2026-06-17 15:02:52.087 [info] > git config --get commit.template [15ms]
2026-06-17 15:02:52.087 [info] > git for-each-ref --format=%(refname)%00%(upstream:short)%00%(objectname)%00%(upstream:track)%00%(upstream:remotename)%00%(upstream:remoteref) refs/heads/main refs/remotes/main [3ms]
2026-06-17 15:02:52.111 [info] > git status -z -uall [13ms]
2026-06-17 15:02:52.113 [info] > git for-each-ref --sort -committerdate --format %(refname)%00%(objectname)%00%(*objectname) [2ms]
2026-06-17 15:02:52.379 [info] > git ls-files --stage -- notes.txt [2ms]
2026-06-17 15:02:52.398 [info] > git cat-file -s 983e171e1a462d2ca31a4e489363778e22583a43 [3ms]
2026-06-17 15:02:52.550 [info] > git show --textconv :notes.txt [2ms]
2026-06-17 15:04:10.280 [info] > git config --get commit.template [16ms]
2026-06-17 15:04:10.282 [info] > git for-each-ref --format=%(refname)%00%(upstream:short)%00%(objectname)%00%(upstream:track)%00%(upstream:remotename)%00%(upstream:remoteref) refs/heads/feature refs/remotes/feature [2ms]
2026-06-17 15:04:10.310 [info] > git status -z -uall [14ms]
2026-06-17 15:04:10.311 [info] > git for-each-ref --sort -committerdate --format %(refname)%00%(objectname)%00%(*objectname) [3ms]
2026-06-17 15:04:10.332 [info] > git for-each-ref --format=%(refname)%00%(upstream:short)%00%(objectname)%00%(upstream:track)%00%(upstream:remotename)%00%(upstream:remoteref) refs/heads/feature refs/remotes/feature [2ms]
2026-06-17 15:04:10.347 [info] > git config --get --local branch.feature.vscode-merge-base [2ms]
2026-06-17 15:04:10.347 [warning] [Git][config] git config failed: Failed to execute git
2026-06-17 15:04:10.362 [info] > git reflog feature --grep-reflog=branch: Created from *. [3ms]
2026-06-17 15:04:10.378 [info] > git reflog HEAD --grep-reflog=checkout: moving from .* to feature [2ms]
2026-06-17 15:04:10.394 [info] > git for-each-ref --format=%(refname)%00%(upstream:short)%00%(objectname)%00%(upstream:track)%00%(upstream:remotename)%00%(upstream:remoteref) refs/heads/main refs/remotes/main [3ms]
2026-06-17 15:04:10.408 [info] > git for-each-ref --format=%(refname)%00%(upstream:short)%00%(objectname)%00%(upstream:track)%00%(upstream:remotename)%00%(upstream:remoteref) refs/remotes/origin/main [2ms]
2026-06-17 15:04:10.423 [info] > git config --add --local branch.feature.vscode-merge-base origin/main [3ms]
2026-06-17 15:04:10.450 [info] > git config --get commit.template [13ms]
2026-06-17 15:04:10.450 [info] > git for-each-ref --format=%(refname)%00%(upstream:short)%00%(objectname)%00%(upstream:track)%00%(upstream:remotename)%00%(upstream:remoteref) refs/heads/feature refs/remotes/feature [3ms]
2026-06-17 15:04:10.477 [info] > git status -z -uall [16ms]
2026-06-17 15:04:10.479 [info] > git for-each-ref --sort -committerdate --format %(refname)%00%(objectname)%00%(*objectname) [2ms]
2026-06-17 15:04:11.737 [info] > git config --get commit.template [14ms]
2026-06-17 15:04:11.738 [info] > git for-each-ref --format=%(refname)%00%(upstream:short)%00%(objectname)%00%(upstream:track)%00%(upstream:remotename)%00%(upstream:remoteref) refs/heads/feature refs/remotes/feature [2ms]
2026-06-17 15:04:11.776 [info] > git status -z -uall [22ms]
2026-06-17 15:04:11.776 [info] > git for-each-ref --sort -committerdate --format %(refname)%00%(objectname)%00%(*objectname) [4ms]
2026-06-17 15:04:11.923 [info] > git ls-files --stage -- notes.txt [2ms]
2026-06-17 15:04:11.937 [info] > git cat-file -s 983e171e1a462d2ca31a4e489363778e22583a43 [2ms]
2026-06-17 15:04:12.051 [info] > git show --textconv :notes.txt [3ms]
2026-06-17 15:05:29.719 [info] > git show --textconv :main [13ms]
2026-06-17 15:05:29.719 [info] > git ls-files --stage -- main [3ms]
2026-06-17 15:05:29.732 [info] > git cat-file -s e69de29bb2d1d6434b8b29ae775ad8c2e48c5391 [3ms]
2026-06-17 15:05:31.537 [info] > git show --textconv :notes.txt [15ms]
2026-06-17 15:05:31.540 [info] > git ls-files --stage -- notes.txt [4ms]
2026-06-17 15:05:31.555 [info] > git cat-file -s 983e171e1a462d2ca31a4e489363778e22583a43 [4ms]
2026-06-17 15:07:53.199 [info] > git config --get commit.template [16ms]
2026-06-17 15:07:53.200 [info] > git for-each-ref --format=%(refname)%00%(upstream:short)%00%(objectname)%00%(upstream:track)%00%(upstream:remotename)%00%(upstream:remoteref) refs/heads/feature refs/remotes/feature [3ms]
2026-06-17 15:07:53.228 [info] > git status -z -uall [16ms]
2026-06-17 15:07:53.229 [info] > git for-each-ref --sort -committerdate --format %(refname)%00%(objectname)%00%(*objectname) [3ms]
2026-06-17 15:10:12.879 [info] > git config --get commit.template [2ms]
2026-06-17 15:10:12.890 [info] > git for-each-ref --format=%(refname)%00%(upstream:short)%00%(objectname)%00%(upstream:track)%00%(upstream:remotename)%00%(upstream:remoteref) refs/heads/feature refs/remotes/feature [1ms]
2026-06-17 15:10:12.914 [info] > git status -z -uall [13ms]
2026-06-17 15:10:12.916 [info] > git for-each-ref --sort -committerdate --format %(refname)%00%(objectname)%00%(*objectname) [3ms]
2026-06-17 15:10:13.886 [info] > git config --get commit.template [12ms]
2026-06-17 15:10:13.887 [info] > git for-each-ref --format=%(refname)%00%(upstream:short)%00%(objectname)%00%(upstream:track)%00%(upstream:remotename)%00%(upstream:remoteref) refs/heads/feature refs/remotes/feature [2ms]
2026-06-17 15:10:13.912 [info] > git status -z -uall [14ms]
2026-06-17 15:10:13.913 [info] > git for-each-ref --sort -committerdate --format %(refname)%00%(objectname)%00%(*objectname) [4ms]
2026-06-17 15:10:14.949 [info] > git ls-files --stage -- notes.txt [3ms]
2026-06-17 15:10:14.965 [info] > git cat-file -s 8915c4cadf807a1cdf1d9ec18d159fb46417b8b9 [2ms]
2026-06-17 15:10:15.116 [info] > git show --textconv :notes.txt [2ms]
2026-06-17 15:10:15.397 [info] > git show --textconv HEAD:notes.txt [14ms]
2026-06-17 15:10:15.398 [info] > git ls-tree -l HEAD -- notes.txt [4ms]
2026-06-17 15:10:33.906 [info] > git config --get commit.template [12ms]
2026-06-17 15:10:33.908 [info] > git for-each-ref --format=%(refname)%00%(upstream:short)%00%(objectname)%00%(upstream:track)%00%(upstream:remotename)%00%(upstream:remoteref) refs/heads/feature refs/remotes/feature [2ms]
2026-06-17 15:10:33.932 [info] > git status -z -uall [12ms]
2026-06-17 15:10:33.934 [info] > git for-each-ref --sort -committerdate --format %(refname)%00%(objectname)%00%(*objectname) [2ms]
2026-06-17 15:10:33.950 [info] > git blame --root --incremental 17c4a7c6d3c2b6017a0bb27188289601dce6e979 -- notes.txt [5ms]
2026-06-17 15:10:34.878 [info] > git config --get commit.template [13ms]
2026-06-17 15:10:34.879 [info] > git for-each-ref --format=%(refname)%00%(upstream:short)%00%(objectname)%00%(upstream:track)%00%(upstream:remotename)%00%(upstream:remoteref) refs/heads/feature refs/remotes/feature [2ms]
2026-06-17 15:10:34.901 [info] > git status -z -uall [12ms]
2026-06-17 15:10:34.903 [info] > git for-each-ref --sort -committerdate --format %(refname)%00%(objectname)%00%(*objectname) [3ms]
2026-06-17 15:10:35.076 [info] > git ls-files --stage -- notes.txt [2ms]
2026-06-17 15:10:35.088 [info] > git cat-file -s 8915c4cadf807a1cdf1d9ec18d159fb46417b8b9 [2ms]
2026-06-17 15:10:35.203 [info] > git show --textconv :notes.txt [3ms]
2026-06-17 15:11:04.104 [info] > git config --get commit.template [14ms]
2026-06-17 15:11:04.105 [info] > git for-each-ref --format=%(refname)%00%(upstream:short)%00%(objectname)%00%(upstream:track)%00%(upstream:remotename)%00%(upstream:remoteref) refs/heads/main refs/remotes/main [2ms]
2026-06-17 15:11:04.129 [info] > git status -z -uall [13ms]
2026-06-17 15:11:04.131 [info] > git for-each-ref --sort -committerdate --format %(refname)%00%(objectname)%00%(*objectname) [2ms]
2026-06-17 15:11:04.146 [info] > git for-each-ref --format=%(refname)%00%(upstream:short)%00%(objectname)%00%(upstream:track)%00%(upstream:remotename)%00%(upstream:remoteref) refs/heads/main refs/remotes/main [2ms]
2026-06-17 15:11:04.159 [info] > git config --get --local branch.main.vscode-merge-base [2ms]
2026-06-17 15:11:04.159 [warning] [Git][config] git config failed: Failed to execute git
2026-06-17 15:11:04.172 [info] > git reflog main --grep-reflog=branch: Created from *. [3ms]
2026-06-17 15:11:04.172 [info] fatal: ambiguous argument 'main': both revision and filename
Use '--' to separate paths from revisions, like this:
'git <command> [<revision>...] -- [<file>...]'
2026-06-17 15:11:04.184 [info] > git symbolic-ref --short refs/remotes/origin/HEAD [2ms]
2026-06-17 15:11:04.184 [info] fatal: ref refs/remotes/origin/HEAD is not a symbolic ref
2026-06-17 15:11:04.184 [warning] [Repository][getDefaultBranch] Failed to get default branch details: Failed to execute git.
2026-06-17 15:11:04.197 [info] > git merge-base refs/heads/main refs/remotes/origin/main [2ms]
2026-06-17 15:11:04.213 [info] > git diff --name-status -z --diff-filter=ADMR 584c68dc8473bf20835a4c9ee98e47ae827d9dfc...refs/remotes/origin/main [2ms]
2026-06-17 15:11:05.001 [info] > git config --get commit.template [3ms]
2026-06-17 15:11:05.019 [info] > git for-each-ref --format=%(refname)%00%(upstream:short)%00%(objectname)%00%(upstream:track)%00%(upstream:remotename)%00%(upstream:remoteref) refs/heads/main refs/remotes/main [3ms]
2026-06-17 15:11:05.044 [info] > git status -z -uall [13ms]
2026-06-17 15:11:05.046 [info] > git for-each-ref --sort -committerdate --format %(refname)%00%(objectname)%00%(*objectname) [3ms]
2026-06-17 15:11:05.194 [info] > git ls-files --stage -- notes.txt [2ms]
2026-06-17 15:11:05.207 [info] > git cat-file -s 983e171e1a462d2ca31a4e489363778e22583a43 [2ms]
2026-06-17 15:11:05.328 [info] > git show --textconv :notes.txt [2ms]
2026-06-17 15:12:33.771 [info] > git config --get commit.template [20ms]
2026-06-17 15:12:33.776 [info] > git for-each-ref --format=%(refname)%00%(upstream:short)%00%(objectname)%00%(upstream:track)%00%(upstream:remotename)%00%(upstream:remoteref) refs/heads/main refs/remotes/main [6ms]
2026-06-17 15:12:33.817 [info] > git status -z -uall [22ms]
2026-06-17 15:12:33.819 [info] > git for-each-ref --sort -committerdate --format %(refname)%00%(objectname)%00%(*objectname) [3ms]
2026-06-17 15:12:33.841 [info] > git merge-base refs/heads/main refs/remotes/origin/main [2ms]
2026-06-17 15:12:33.862 [info] > git diff --name-status -z --diff-filter=ADMR 584c68dc8473bf20835a4c9ee98e47ae827d9dfc...refs/remotes/origin/main [4ms]
2026-06-17 15:12:34.671 [info] > git config --get commit.template [2ms]
2026-06-17 15:12:34.685 [info] > git for-each-ref --format=%(refname)%00%(upstream:short)%00%(objectname)%00%(upstream:track)%00%(upstream:remotename)%00%(upstream:remoteref) refs/heads/main refs/remotes/main [2ms]
2026-06-17 15:12:34.715 [info] > git status -z -uall [14ms]
2026-06-17 15:12:34.717 [info] > git for-each-ref --sort -committerdate --format %(refname)%00%(objectname)%00%(*objectname) [3ms]
2026-06-17 15:12:34.890 [info] > git ls-files --stage -- notes.txt [2ms]
2026-06-17 15:12:34.906 [info] > git cat-file -s 8915c4cadf807a1cdf1d9ec18d159fb46417b8b9 [3ms]
2026-06-17 15:12:35.042 [info] > git show --textconv :notes.txt [5ms]
2026-06-17 15:15:36.192 [info] > git config --get commit.template [14ms]
2026-06-17 15:15:36.193 [info] > git for-each-ref --format=%(refname)%00%(upstream:short)%00%(objectname)%00%(upstream:track)%00%(upstream:remotename)%00%(upstream:remoteref) refs/heads/main refs/remotes/main [3ms]
2026-06-17 15:15:36.221 [info] > git status -z -uall [16ms]
2026-06-17 15:15:36.224 [info] > git for-each-ref --sort -committerdate --format %(refname)%00%(objectname)%00%(*objectname) [4ms]
2026-06-17 15:15:36.242 [info] > git merge-base refs/heads/main refs/remotes/origin/main [3ms]
2026-06-17 15:15:36.256 [info] > git diff --name-status -z --diff-filter=ADMR 17c4a7c6d3c2b6017a0bb27188289601dce6e979...refs/remotes/origin/main [2ms]
2026-06-17 15:15:37.124 [info] > git config --get commit.template [14ms]
2026-06-17 15:15:37.124 [info] > git for-each-ref --format=%(refname)%00%(upstream:short)%00%(objectname)%00%(upstream:track)%00%(upstream:remotename)%00%(upstream:remoteref) refs/heads/main refs/remotes/main [2ms]
2026-06-17 15:15:37.148 [info] > git status -z -uall [13ms]
2026-06-17 15:15:37.151 [info] > git for-each-ref --sort -committerdate --format %(refname)%00%(objectname)%00%(*objectname) [4ms]
2026-06-17 15:15:37.429 [info] > git ls-files --stage -- notes.txt [2ms]
2026-06-17 15:15:37.443 [info] > git cat-file -s 8915c4cadf807a1cdf1d9ec18d159fb46417b8b9 [1ms]
2026-06-17 15:15:37.610 [info] > git show --textconv :notes.txt [3ms]
2026-06-17 15:29:17.675 [info] > git show --textconv :modules/02-git-version-control/SUBMISSION.md [13ms]
2026-06-17 15:29:17.677 [info] > git ls-files --stage -- modules/02-git-version-control/SUBMISSION.md [2ms]
2026-06-17 15:29:17.696 [info] > git cat-file -s e541be4f670b13ba39d045393b2bd41dc9c7a835 [2ms]
2026-06-17 15:31:29.364 [info] > git blame --root --incremental d835c815db105974aaab7398e9259f00eb34a750 -- modules/02-git-version-control/SUBMISSION.md [3ms]
2026-06-17 15:31:47.329 [info] > git config --get commit.template [2ms]
2026-06-17 15:31:47.348 [info] > git for-each-ref --format=%(refname)%00%(upstream:short)%00%(objectname)%00%(upstream:track)%00%(upstream:remotename)%00%(upstream:remoteref) refs/heads/main refs/remotes/main [6ms]
2026-06-17 15:31:47.376 [info] > git status -z -uall [13ms]
2026-06-17 15:31:47.378 [info] > git for-each-ref --sort -committerdate --format %(refname)%00%(objectname)%00%(*objectname) [3ms]
2026-06-17 15:32:02.789 [info] > git config --get commit.template [3ms]
2026-06-17 15:32:02.802 [info] > git for-each-ref --format=%(refname)%00%(upstream:short)%00%(objectname)%00%(upstream:track)%00%(upstream:remotename)%00%(upstream:remoteref) refs/heads/main refs/remotes/main [3ms]
2026-06-17 15:32:02.827 [info] > git status -z -uall [13ms]
2026-06-17 15:32:02.830 [info] > git for-each-ref --sort -committerdate --format %(refname)%00%(objectname)%00%(*objectname) [4ms]
2026-06-17 15:33:10.012 [info] > git config --get commit.template [18ms]
2026-06-17 15:33:10.014 [info] > git for-each-ref --format=%(refname)%00%(upstream:short)%00%(objectname)%00%(upstream:track)%00%(upstream:remotename)%00%(upstream:remoteref) refs/heads/main refs/remotes/main [3ms]
2026-06-17 15:33:10.041 [info] > git status -z -uall [14ms]
2026-06-17 15:33:10.043 [info] > git for-each-ref --sort -committerdate --format %(refname)%00%(objectname)%00%(*objectname) [3ms]
2026-06-17 15:33:10.675 [info] > git check-ignore -v -z --stdin [2ms]
2026-06-17 15:33:13.945 [info] > git show --textconv :modules/02-git-version-control/SUBMISSION.md [12ms]
2026-06-17 15:33:13.946 [info] > git ls-files --stage -- modules/02-git-version-control/SUBMISSION.md [2ms]
2026-06-17 15:33:13.961 [info] > git cat-file -s e541be4f670b13ba39d045393b2bd41dc9c7a835 [3ms]
2026-06-17 15:33:21.508 [info] > git config --get commit.template [2ms]
2026-06-17 15:33:21.520 [info] > git for-each-ref --format=%(refname)%00%(upstream:short)%00%(objectname)%00%(upstream:track)%00%(upstream:remotename)%00%(upstream:remoteref) refs/heads/main refs/remotes/main [2ms]
2026-06-17 15:33:21.543 [info] > git status -z -uall [12ms]
2026-06-17 15:33:21.544 [info] > git for-each-ref --sort -committerdate --format %(refname)%00%(objectname)%00%(*objectname) [2ms]
2026-06-17 15:34:07.322 [info] > git config --get commit.template [14ms]
2026-06-17 15:34:07.323 [info] > git for-each-ref --format=%(refname)%00%(upstream:short)%00%(objectname)%00%(upstream:track)%00%(upstream:remotename)%00%(upstream:remoteref) refs/heads/main refs/remotes/main [2ms]
2026-06-17 15:34:07.350 [info] > git status -z -uall [16ms]
2026-06-17 15:34:07.351 [info] > git for-each-ref --sort -committerdate --format %(refname)%00%(objectname)%00%(*objectname) [3ms]
2026-06-17 15:34:29.752 [info] > git config --get commit.template [17ms]
2026-06-17 15:34:29.756 [info] > git for-each-ref --format=%(refname)%00%(upstream:short)%00%(objectname)%00%(upstream:track)%00%(upstream:remotename)%00%(upstream:remoteref) refs/heads/main refs/remotes/main [6ms]
2026-06-17 15:34:29.786 [info] > git status -z -uall [18ms]
2026-06-17 15:34:29.791 [info] > git for-each-ref --sort -committerdate --format %(refname)%00%(objectname)%00%(*objectname) [6ms]
2026-06-17 15:35:13.236 [info] > git check-ignore -v -z --stdin [3ms]
2026-06-17 15:35:39.984 [info] > git check-ignore -v -z --stdin [2ms]
2026-06-17 15:35:40.501 [info] > git config --get commit.template [14ms]
2026-06-17 15:35:40.503 [info] > git for-each-ref --format=%(refname)%00%(upstream:short)%00%(objectname)%00%(upstream:track)%00%(upstream:remotename)%00%(upstream:remoteref) refs/heads/main refs/remotes/main [3ms]
2026-06-17 15:35:40.529 [info] > git status -z -uall [13ms]
2026-06-17 15:35:40.531 [info] > git for-each-ref --sort -committerdate --format %(refname)%00%(objectname)%00%(*objectname) [3ms]
2026-06-17 15:35:48.656 [info] > git check-ignore -v -z --stdin [2ms]
2026-06-17 15:35:49.081 [info] > git config --get commit.template [13ms]
2026-06-17 15:35:49.082 [info] > git for-each-ref --format=%(refname)%00%(upstream:short)%00%(objectname)%00%(upstream:track)%00%(upstream:remotename)%00%(upstream:remoteref) refs/heads/main refs/remotes/main [2ms]
2026-06-17 15:35:49.107 [info] > git status -z -uall [14ms]
2026-06-17 15:35:49.111 [info] > git for-each-ref --sort -committerdate --format %(refname)%00%(objectname)%00%(*objectname) [5ms]
2026-06-17 15:35:53.485 [info] > git show --textconv :modules/02-git-version-control/SUBMISSION.md [13ms]
2026-06-17 15:35:53.486 [info] > git ls-files --stage -- modules/02-git-version-control/SUBMISSION.md [2ms]
2026-06-17 15:35:53.499 [info] > git cat-file -s e541be4f670b13ba39d045393b2bd41dc9c7a835 [2ms]
2026-06-17 15:38:44.356 [info] > git rev-parse --show-toplevel [2ms]
2026-06-17 15:38:44.372 [info] > git rev-parse --git-dir --git-common-dir --show-superproject-working-tree [4ms]
2026-06-17 15:38:44.376 [info] [Model][openRepository] Opened repository (path): /home/vsysuser/workspace/forked_repo
2026-06-17 15:38:44.376 [info] [Model][openRepository] Opened repository (real path): /home/vsysuser/workspace/forked_repo
2026-06-17 15:38:44.376 [info] [Model][openRepository] Opened repository (kind): repository
2026-06-17 15:38:44.402 [info] > git config --get commit.template [12ms]
2026-06-17 15:38:44.403 [info] > git for-each-ref --format=%(refname)%00%(upstream:short)%00%(objectname)%00%(upstream:track)%00%(upstream:remotename)%00%(upstream:remoteref) refs/heads/main refs/remotes/main [2ms]
2026-06-17 15:38:44.414 [warning] [Git][revParse] Unable to read file: ENOENT: no such file or directory, open '/home/vsysuser/workspace/forked_repo/.git/refs/remotes/origin/main'
2026-06-17 15:38:44.416 [info] > git rev-parse refs/remotes/origin/main [2ms]
2026-06-17 15:38:44.440 [info] > git status -z -uall [14ms]
2026-06-17 15:38:44.442 [info] > git for-each-ref --sort -committerdate --format %(refname)%00%(objectname)%00%(*objectname) [3ms]
2026-06-17 15:38:44.475 [info] > git for-each-ref --format=%(refname)%00%(upstream:short)%00%(objectname)%00%(upstream:track)%00%(upstream:remotename)%00%(upstream:remoteref) refs/heads/main refs/remotes/main [19ms]
2026-06-17 15:38:44.487 [info] > git config --get commit.template [14ms]
2026-06-17 15:38:44.488 [info] > git config --get --local branch.main.vscode-merge-base [2ms]
2026-06-17 15:38:44.488 [warning] [Git][config] git config failed: Failed to execute git
2026-06-17 15:38:44.513 [info] > git reflog main --grep-reflog=branch: Created from *. [14ms]
2026-06-17 15:38:44.527 [info] > git for-each-ref --format=%(refname)%00%(upstream:short)%00%(objectname)%00%(upstream:track)%00%(upstream:remotename)%00%(upstream:remoteref) refs/heads/main refs/remotes/main [15ms]
2026-06-17 15:38:44.528 [info] > git symbolic-ref --short refs/remotes/origin/HEAD [3ms]
2026-06-17 15:38:44.553 [warning] [Git][revParse] Unable to read file: ENOENT: no such file or directory, open '/home/vsysuser/workspace/forked_repo/.git/refs/remotes/origin/main'
2026-06-17 15:38:44.556 [info] > git for-each-ref --format=%(refname)%00%(upstream:short)%00%(objectname)%00%(upstream:track)%00%(upstream:remotename)%00%(upstream:remoteref) refs/heads/origin/main refs/remotes/origin/main [17ms]
2026-06-17 15:38:44.568 [info] > git rev-parse refs/remotes/origin/main [15ms]
2026-06-17 15:38:44.594 [info] > git status -z -uall [14ms]
2026-06-17 15:38:44.594 [info] > git config --add --local branch.main.vscode-merge-base origin/main [27ms]
2026-06-17 15:38:44.596 [info] > git for-each-ref --sort -committerdate --format %(refname)%00%(objectname)%00%(*objectname) [4ms] (cancelled)
2026-06-17 15:38:44.628 [info] > git config --get commit.template [18ms]
2026-06-17 15:38:44.629 [info] > git for-each-ref --format=%(refname)%00%(upstream:short)%00%(objectname)%00%(upstream:track)%00%(upstream:remotename)%00%(upstream:remoteref) refs/heads/main refs/remotes/main [2ms]
2026-06-17 15:38:44.641 [warning] [Git][revParse] Unable to read file: ENOENT: no such file or directory, open '/home/vsysuser/workspace/forked_repo/.git/refs/remotes/origin/main'
2026-06-17 15:38:44.669 [info] > git rev-parse refs/remotes/origin/main [28ms]
2026-06-17 15:38:44.694 [info] > git status -z -uall [14ms]
2026-06-17 15:38:44.696 [info] > git for-each-ref --sort -committerdate --format %(refname)%00%(objectname)%00%(*objectname) [3ms]
2026-06-17 15:38:44.723 [info] > git merge-base refs/heads/main refs/remotes/origin/main [15ms]
2026-06-17 15:38:44.739 [info] > git merge-base refs/heads/main refs/remotes/origin/main [18ms]
2026-06-17 15:38:44.753 [info] > git diff --name-status -z --diff-filter=ADMR d835c815db105974aaab7398e9259f00eb34a750...refs/remotes/origin/main [19ms]
2026-06-17 15:38:44.754 [info] > git diff --name-status -z --diff-filter=ADMR d835c815db105974aaab7398e9259f00eb34a750...refs/remotes/origin/main [4ms]
2026-06-17 15:38:45.148 [info] > git check-ignore -v -z --stdin [22ms]
2026-06-17 15:38:45.149 [info] > git check-ignore -v -z --stdin [13ms]
2026-06-17 15:38:45.149 [info] > git check-ignore -v -z --stdin [2ms]
2026-06-17 15:39:37.836 [info] > git check-ignore -v -z --stdin [3ms]
2026-06-17 15:39:45.136 [info] > git check-ignore -v -z --stdin [2ms]
2026-06-17 15:40:50.598 [info] > git config --get commit.template [13ms]
2026-06-17 15:40:50.599 [info] > git for-each-ref --format=%(refname)%00%(upstream:short)%00%(objectname)%00%(upstream:track)%00%(upstream:remotename)%00%(upstream:remoteref) refs/heads/main refs/remotes/main [2ms]
2026-06-17 15:40:50.610 [warning] [Git][revParse] Unable to read file: ENOENT: no such file or directory, open '/home/vsysuser/workspace/forked_repo/.git/refs/remotes/origin/main'
2026-06-17 15:40:50.612 [info] > git rev-parse refs/remotes/origin/main [2ms]
2026-06-17 15:40:50.636 [info] > git status -z -uall [13ms]
2026-06-17 15:40:50.638 [info] > git for-each-ref --sort -committerdate --format %(refname)%00%(objectname)%00%(*objectname) [3ms]
2026-06-17 15:40:51.660 [info] > git check-ignore -v -z --stdin [3ms]
2026-06-17 15:41:07.018 [info] > git config --get commit.template [2ms]
2026-06-17 15:41:07.032 [info] > git for-each-ref --format=%(refname)%00%(upstream:short)%00%(objectname)%00%(upstream:track)%00%(upstream:remotename)%00%(upstream:remoteref) refs/heads/main refs/remotes/main [3ms]
2026-06-17 15:41:07.043 [warning] [Git][revParse] Unable to read file: ENOENT: no such file or directory, open '/home/vsysuser/workspace/forked_repo/.git/refs/remotes/origin/main'
2026-06-17 15:41:07.044 [info] > git rev-parse refs/remotes/origin/main [1ms]
2026-06-17 15:41:07.070 [info] > git status -z -uall [15ms]
2026-06-17 15:41:07.071 [info] > git for-each-ref --sort -committerdate --format %(refname)%00%(objectname)%00%(*objectname) [4ms]
2026-06-17 15:41:07.759 [info] > git show --textconv :my_contribution.txt [41ms]
2026-06-17 15:41:07.761 [info] > git show --textconv HEAD:my_contribution.txt [30ms]
2026-06-17 15:41:07.761 [info] > git ls-files --stage -- my_contribution.txt [18ms]
2026-06-17 15:41:07.794 [info] > git cat-file -s ce4e47c65c3dcd1f157563fd5ea386ea9fba8a19 [17ms]
2026-06-17 15:41:07.795 [info] > git ls-tree -l HEAD -- my_contribution.txt [37ms]
2026-06-17 15:41:07.808 [info] > git hash-object -t tree /dev/null [16ms]
2026-06-17 15:41:07.808 [warning] [GitFileSystemProvider][readFile] File not found - git:/home/vsysuser/workspace/forked_repo/my_contribution.txt.git?%7B%22path%22%3A%22%2Fhome%2Fvsysuser%2Fworkspace%2Fforked_repo%2Fmy_contribution.txt%22%2C%22ref%22%3A%22HEAD%22%7D
2026-06-17 15:41:07.809 [info] > git hash-object -t tree /dev/null [2ms]
2026-06-17 15:41:07.809 [warning] [GitFileSystemProvider][stat] File not found - git:/home/vsysuser/workspace/forked_repo/my_contribution.txt.git?%7B%22path%22%3A%22%2Fhome%2Fvsysuser%2Fworkspace%2Fforked_repo%2Fmy_contribution.txt%22%2C%22ref%22%3A%22HEAD%22%7D
2026-06-17 15:41:33.000 [info] > git config --get commit.template [13ms]
2026-06-17 15:41:33.002 [info] > git for-each-ref --format=%(refname)%00%(upstream:short)%00%(objectname)%00%(upstream:track)%00%(upstream:remotename)%00%(upstream:remoteref) refs/heads/main refs/remotes/main [3ms]
2026-06-17 15:41:33.013 [warning] [Git][revParse] Unable to read file: ENOENT: no such file or directory, open '/home/vsysuser/workspace/forked_repo/.git/refs/remotes/origin/main'
2026-06-17 15:41:33.015 [info] > git rev-parse refs/remotes/origin/main [2ms]
2026-06-17 15:41:33.037 [info] > git status -z -uall [12ms]
2026-06-17 15:41:33.039 [info] > git for-each-ref --sort -committerdate --format %(refname)%00%(objectname)%00%(*objectname) [3ms]
2026-06-17 15:41:33.057 [info] > git merge-base refs/heads/main refs/remotes/origin/main [2ms]
2026-06-17 15:41:33.070 [info] > git diff --name-status -z --diff-filter=ADMR d835c815db105974aaab7398e9259f00eb34a750...refs/remotes/origin/main [2ms]
2026-06-17 15:42:16.768 [info] > git config --get commit.template [3ms]
2026-06-17 15:42:16.782 [info] > git for-each-ref --format=%(refname)%00%(upstream:short)%00%(objectname)%00%(upstream:track)%00%(upstream:remotename)%00%(upstream:remoteref) refs/heads/main refs/remotes/main [2ms]
2026-06-17 15:42:16.809 [info] > git status -z -uall [13ms]
2026-06-17 15:42:16.810 [info] > git for-each-ref --sort -committerdate --format %(refname)%00%(objectname)%00%(*objectname) [2ms]
2026-06-17 15:42:16.830 [info] > git merge-base refs/heads/main refs/remotes/origin/main [3ms]
2026-06-17 15:42:16.844 [info] > git diff --name-status -z --diff-filter=ADMR 7ee5df2b3ca11f4cf82f81a169d585839632ad5f...refs/remotes/origin/main [2ms]
2026-06-17 15:42:21.058 [info] > git config --get commit.template [12ms]
2026-06-17 15:42:21.059 [info] > git for-each-ref --format=%(refname)%00%(upstream:short)%00%(objectname)%00%(upstream:track)%00%(upstream:remotename)%00%(upstream:remoteref) refs/heads/main refs/remotes/main [2ms]
2026-06-17 15:42:21.085 [info] > git status -z -uall [13ms]
2026-06-17 15:42:21.086 [info] > git for-each-ref --sort -committerdate --format %(refname)%00%(objectname)%00%(*objectname) [2ms]
2026-06-17 15:42:21.347 [info] > git ls-files --stage -- my_contribution.txt [2ms]
2026-06-17 15:42:21.360 [info] > git cat-file -s ce4e47c65c3dcd1f157563fd5ea386ea9fba8a19 [2ms]
2026-06-17 15:42:21.496 [info] > git show --textconv :my_contribution.txt [2ms]
2026-06-17 15:49:53.393 [info] > git config --get commit.template [2ms]
2026-06-17 15:49:53.406 [info] > git for-each-ref --format=%(refname)%00%(upstream:short)%00%(objectname)%00%(upstream:track)%00%(upstream:remotename)%00%(upstream:remoteref) refs/heads/my-feature refs/remotes/my-feature [2ms]
2026-06-17 15:49:53.433 [info] > git status -z -uall [14ms]
2026-06-17 15:49:53.435 [info] > git for-each-ref --sort -committerdate --format %(refname)%00%(objectname)%00%(*objectname) [3ms]
2026-06-17 15:49:53.457 [info] > git for-each-ref --format=%(refname)%00%(upstream:short)%00%(objectname)%00%(upstream:track)%00%(upstream:remotename)%00%(upstream:remoteref) refs/heads/my-feature refs/remotes/my-feature [2ms]
2026-06-17 15:49:53.472 [info] > git config --get --local branch.my-feature.vscode-merge-base [1ms]
2026-06-17 15:49:53.472 [warning] [Git][config] git config failed: Failed to execute git
2026-06-17 15:49:53.486 [info] > git reflog my-feature --grep-reflog=branch: Created from *. [2ms]
2026-06-17 15:49:53.503 [info] > git reflog HEAD --grep-reflog=checkout: moving from .* to my-feature [3ms]
2026-06-17 15:49:53.522 [info] > git for-each-ref --format=%(refname)%00%(upstream:short)%00%(objectname)%00%(upstream:track)%00%(upstream:remotename)%00%(upstream:remoteref) refs/heads/main refs/remotes/main [4ms]
2026-06-17 15:49:53.536 [info] > git for-each-ref --format=%(refname)%00%(upstream:short)%00%(objectname)%00%(upstream:track)%00%(upstream:remotename)%00%(upstream:remoteref) refs/remotes/origin/main [2ms]
2026-06-17 15:49:53.551 [info] > git config --add --local branch.my-feature.vscode-merge-base origin/main [2ms]
2026-06-17 15:49:53.581 [info] > git config --get commit.template [17ms]
2026-06-17 15:49:53.582 [info] > git for-each-ref --format=%(refname)%00%(upstream:short)%00%(objectname)%00%(upstream:track)%00%(upstream:remotename)%00%(upstream:remoteref) refs/heads/my-feature refs/remotes/my-feature [4ms]
2026-06-17 15:49:53.609 [info] > git status -z -uall [14ms]
2026-06-17 15:49:53.610 [info] > git for-each-ref --sort -committerdate --format %(refname)%00%(objectname)%00%(*objectname) [2ms]
2026-06-17 15:49:54.143 [info] > git check-ignore -v -z --stdin [3ms]
2026-06-17 15:49:54.543 [info] > git config --get commit.template [18ms]
2026-06-17 15:49:54.543 [info] > git for-each-ref --format=%(refname)%00%(upstream:short)%00%(objectname)%00%(upstream:track)%00%(upstream:remotename)%00%(upstream:remoteref) refs/heads/my-feature refs/remotes/my-feature [3ms]
2026-06-17 15:49:54.576 [info] > git status -z -uall [20ms]
2026-06-17 15:49:54.580 [info] > git for-each-ref --sort -committerdate --format %(refname)%00%(objectname)%00%(*objectname) [5ms]
2026-06-17 15:49:54.598 [info] > git merge-base refs/heads/my-feature refs/remotes/origin/my-feature [3ms]
2026-06-17 15:49:54.612 [info] > git diff --name-status -z --diff-filter=ADMR 9ad57ea842daf498c7e4c4aabb8b9db9460a511a...refs/remotes/origin/my-feature [2ms]
2026-06-17 15:56:09.014 [info] > git show --textconv :modules/02-git-version-control/SUBMISSION.md [18ms]
2026-06-17 15:56:09.015 [info] > git ls-files --stage -- modules/02-git-version-control/SUBMISSION.md [2ms]
2026-06-17 15:56:09.032 [info] > git cat-file -s e541be4f670b13ba39d045393b2bd41dc9c7a835 [3ms]
2026-06-17 15:56:34.465 [info] > git config --get commit.template [15ms]
2026-06-17 15:56:34.468 [info] > git for-each-ref --format=%(refname)%00%(upstream:short)%00%(objectname)%00%(upstream:track)%00%(upstream:remotename)%00%(upstream:remoteref) refs/heads/main refs/remotes/main [4ms]
2026-06-17 15:56:34.496 [info] > git status -z -uall [14ms]
2026-06-17 15:56:34.497 [info] > git for-each-ref --sort -committerdate --format %(refname)%00%(objectname)%00%(*objectname) [3ms]
2026-06-17 15:56:39.812 [info] > git config --get commit.template [14ms]
2026-06-17 15:56:39.813 [info] > git for-each-ref --format=%(refname)%00%(upstream:short)%00%(objectname)%00%(upstream:track)%00%(upstream:remotename)%00%(upstream:remoteref) refs/heads/main refs/remotes/main [3ms]
2026-06-17 15:56:39.842 [info] > git status -z -uall [17ms]
2026-06-17 15:56:39.843 [info] > git for-each-ref --sort -committerdate --format %(refname)%00%(objectname)%00%(*objectname) [2ms]
2026-06-17 15:56:49.560 [info] > git config --get commit.template [14ms]
2026-06-17 15:56:49.561 [info] > git for-each-ref --format=%(refname)%00%(upstream:short)%00%(objectname)%00%(upstream:track)%00%(upstream:remotename)%00%(upstream:remoteref) refs/heads/main refs/remotes/main [2ms]
2026-06-17 15:56:49.587 [info] > git status -z -uall [14ms]
2026-06-17 15:56:49.589 [info] > git for-each-ref --sort -committerdate --format %(refname)%00%(objectname)%00%(*objectname) [3ms]
2026-06-17 15:57:07.223 [info] > git config --get commit.template [16ms]
2026-06-17 15:57:07.223 [info] > git for-each-ref --format=%(refname)%00%(upstream:short)%00%(objectname)%00%(upstream:track)%00%(upstream:remotename)%00%(upstream:remoteref) refs/heads/main refs/remotes/main [3ms]
2026-06-17 15:57:07.260 [info] > git status -z -uall [19ms]
2026-06-17 15:57:07.262 [info] > git for-each-ref --sort -committerdate --format %(refname)%00%(objectname)%00%(*objectname) [3ms]
2026-06-17 15:59:33.613 [info] > git config --get commit.template [13ms]
2026-06-17 15:59:33.614 [info] > git for-each-ref --format=%(refname)%00%(upstream:short)%00%(objectname)%00%(upstream:track)%00%(upstream:remotename)%00%(upstream:remoteref) refs/heads/main refs/remotes/main [2ms]
2026-06-17 15:59:33.648 [info] > git status -z -uall [18ms]
2026-06-17 15:59:33.651 [info] > git for-each-ref --sort -committerdate --format %(refname)%00%(objectname)%00%(*objectname) [4ms]
2026-06-17 16:01:25.527 [info] > git config --get commit.template [13ms]
2026-06-17 16:01:25.528 [info] > git for-each-ref --format=%(refname)%00%(upstream:short)%00%(objectname)%00%(upstream:track)%00%(upstream:remotename)%00%(upstream:remoteref) refs/heads/main refs/remotes/main [2ms]
2026-06-17 16:01:25.553 [info] > git status -z -uall [14ms]
2026-06-17 16:01:25.555 [info] > git for-each-ref --sort -committerdate --format %(refname)%00%(objectname)%00%(*objectname) [3ms]
2026-06-17 16:01:25.729 [info] > git ls-files --stage -- modules/02-git-version-control/SUBMISSION.md [2ms]
2026-06-17 16:01:25.745 [info] > git cat-file -s 2d4721561a2efce658e7ed699d173c3b52b454be [2ms]
2026-06-17 16:01:25.904 [info] > git show --textconv :modules/02-git-version-control/SUBMISSION.md [4ms]
2026-06-17 16:01:26.264 [info] > git show --textconv HEAD:modules/02-git-version-control/SUBMISSION.md [18ms]
2026-06-17 16:01:26.266 [info] > git ls-tree -l HEAD -- modules/02-git-version-control/SUBMISSION.md [3ms]
2026-06-17 16:01:35.169 [info] > git config --get commit.template [12ms]
2026-06-17 16:01:35.171 [info] > git for-each-ref --format=%(refname)%00%(upstream:short)%00%(objectname)%00%(upstream:track)%00%(upstream:remotename)%00%(upstream:remoteref) refs/heads/main refs/remotes/main [3ms]
2026-06-17 16:01:35.198 [info] > git status -z -uall [14ms]
2026-06-17 16:01:35.199 [info] > git for-each-ref --sort -committerdate --format %(refname)%00%(objectname)%00%(*objectname) [2ms]
2026-06-17 16:01:35.228 [info] > git merge-base refs/heads/main refs/remotes/origin/main [3ms]
2026-06-17 16:01:35.240 [info] > git blame --root --incremental 6dcc22765a753206ba382215a1d23778631bbe0e -- modules/02-git-version-control/SUBMISSION.md [27ms]
2026-06-17 16:01:35.242 [info] > git diff --name-status -z --diff-filter=ADMR d835c815db105974aaab7398e9259f00eb34a750...refs/remotes/origin/main [3ms]
2026-06-17 16:01:35.390 [info] > git ls-files --stage -- modules/02-git-version-control/SUBMISSION.md [13ms]
2026-06-17 16:01:35.403 [info] > git ls-tree -l HEAD -- modules/02-git-version-control/SUBMISSION.md [14ms]
2026-06-17 16:01:35.404 [info] > git cat-file -s 2d4721561a2efce658e7ed699d173c3b52b454be [2ms]
2026-06-17 16:01:35.566 [info] > git show --textconv HEAD:modules/02-git-version-control/SUBMISSION.md [17ms]
2026-06-17 16:01:35.566 [info] > git show --textconv :modules/02-git-version-control/SUBMISSION.md [2ms]
2026-06-17 16:01:47.018 [info] > git config --get commit.template [2ms]
2026-06-17 16:01:47.032 [info] > git for-each-ref --format=%(refname)%00%(upstream:short)%00%(objectname)%00%(upstream:track)%00%(upstream:remotename)%00%(upstream:remoteref) refs/heads/main refs/remotes/main [3ms]
2026-06-17 16:01:47.057 [info] > git status -z -uall [14ms]
2026-06-17 16:01:47.058 [info] > git for-each-ref --sort -committerdate --format %(refname)%00%(objectname)%00%(*objectname) [2ms]
2026-06-17 16:01:47.077 [info] > git merge-base refs/heads/main refs/remotes/origin/main [3ms]
2026-06-17 16:01:47.091 [info] > git diff --name-status -z --diff-filter=ADMR 6dcc22765a753206ba382215a1d23778631bbe0e...refs/remotes/origin/main [3ms]
2026-06-17 16:01:47.241 [info] > git ls-files --stage -- modules/02-git-version-control/SUBMISSION.md [2ms]
2026-06-17 16:01:47.255 [info] > git cat-file -s 2d4721561a2efce658e7ed699d173c3b52b454be [2ms]
2026-06-17 16:01:47.423 [info] > git show --textconv :modules/02-git-version-control/SUBMISSION.md [2ms]
2026-06-17 16:03:39.067 [info] > git check-ignore -v -z --stdin [1ms]
2026-06-17 16:03:54.455 [info] > git check-ignore -v -z --stdin [2ms]
2026-06-17 16:03:55.710 [info] > git config --get commit.template [2ms]
2026-06-17 16:03:55.723 [info] > git for-each-ref --format=%(refname)%00%(upstream:short)%00%(objectname)%00%(upstream:track)%00%(upstream:remotename)%00%(upstream:remoteref) refs/heads/main refs/remotes/main [2ms]
2026-06-17 16:03:55.748 [info] > git status -z -uall [14ms]
2026-06-17 16:03:55.750 [info] > git for-each-ref --sort -committerdate --format %(refname)%00%(objectname)%00%(*objectname) [3ms]
2026-06-17 16:03:57.406 [info] > git check-ignore -v -z --stdin [2ms]
2026-06-17 16:04:15.164 [info] > git config --get commit.template [18ms]
2026-06-17 16:04:15.166 [info] > git for-each-ref --format=%(refname)%00%(upstream:short)%00%(objectname)%00%(upstream:track)%00%(upstream:remotename)%00%(upstream:remoteref) refs/heads/main refs/remotes/main [2ms]
2026-06-17 16:04:15.195 [info] > git status -z -uall [16ms]
2026-06-17 16:04:15.196 [info] > git for-each-ref --sort -committerdate --format %(refname)%00%(objectname)%00%(*objectname) [2ms]
2026-06-17 16:04:21.061 [info] > git config --get commit.template [15ms]
2026-06-17 16:04:21.062 [info] > git for-each-ref --format=%(refname)%00%(upstream:short)%00%(objectname)%00%(upstream:track)%00%(upstream:remotename)%00%(upstream:remoteref) refs/heads/main refs/remotes/main [3ms]
2026-06-17 16:04:21.089 [info] > git status -z -uall [14ms]
2026-06-17 16:04:21.091 [info] > git for-each-ref --sort -committerdate --format %(refname)%00%(objectname)%00%(*objectname) [3ms]
2026-06-17 16:04:21.108 [info] > git merge-base refs/heads/main refs/remotes/origin/main [3ms]
2026-06-17 16:04:21.122 [info] > git diff --name-status -z --diff-filter=ADMR 6dcc22765a753206ba382215a1d23778631bbe0e...refs/remotes/origin/main [3ms]
2026-06-17 16:04:39.527 [info] > git config --get commit.template [14ms]
2026-06-17 16:04:39.528 [info] > git for-each-ref --format=%(refname)%00%(upstream:short)%00%(objectname)%00%(upstream:track)%00%(upstream:remotename)%00%(upstream:remoteref) refs/heads/main refs/remotes/main [3ms]
2026-06-17 16:04:39.552 [info] > git status -z -uall [13ms]
2026-06-17 16:04:39.553 [info] > git for-each-ref --sort -committerdate --format %(refname)%00%(objectname)%00%(*objectname) [2ms]
2026-06-17 16:04:39.572 [info] > git merge-base refs/heads/main refs/remotes/origin/main [2ms]
2026-06-17 16:04:39.585 [info] > git diff --name-status -z --diff-filter=ADMR 3fc55ef58cab207a17666d01e6f30afc2874aeb6...refs/remotes/origin/main [3ms]
2026-06-17 16:04:42.760 [info] > git show --textconv :modules/02-git-version-control/SUBMISSION.md [13ms]
2026-06-17 16:04:42.760 [info] > git ls-files --stage -- modules/02-git-version-control/SUBMISSION.md [2ms]
2026-06-17 16:04:42.773 [info] > git cat-file -s 2d4721561a2efce658e7ed699d173c3b52b454be [2ms]
2026-06-17 16:04:42.927 [info] > git blame --root --incremental 3fc55ef58cab207a17666d01e6f30afc2874aeb6 -- modules/02-git-version-control/SUBMISSION.md [5ms]
