2026-06-17 13:51:58.518 [info] Reading sessions from keychain...
2026-06-17 13:51:58.518 [info] Getting sessions for all scopes...
2026-06-17 13:51:58.518 [info] Got 0 sessions for ...
2026-06-17 13:51:58.518 [info] Getting sessions for all scopes...
2026-06-17 13:51:58.518 [info] Got 0 sessions for ...
2026-06-17 13:51:58.518 [info] Getting sessions for all scopes...
2026-06-17 13:51:58.518 [info] Got 0 sessions for ...
2026-06-17 13:51:58.518 [info] Getting sessions for all scopes...
2026-06-17 13:51:58.518 [info] Got 0 sessions for ...
2026-06-17 13:51:58.518 [info] Getting sessions for all scopes...
2026-06-17 13:51:58.518 [info] Got 0 sessions for ...
2026-06-17 13:51:58.650 [info] Getting sessions for all scopes...
2026-06-17 13:51:58.650 [info] Got 0 sessions for ...
2026-06-17 13:51:58.675 [info] Getting sessions for read:user,repo,user:email,workflow...
2026-06-17 13:51:58.675 [info] Got 0 sessions for read:user,repo,user:email,workflow...
2026-06-17 14:51:52.174 [info] Getting sessions for read:user,repo,user:email,workflow...
2026-06-17 14:51:52.174 [info] Got 0 sessions for read:user,repo,user:email,workflow...
2026-06-17 14:51:56.240 [info] Logging in with 'any' account...
2026-06-17 14:51:56.240 [info] Logging in for the following scopes: read:user repo user:email workflow
2026-06-17 14:51:56.539 [info] Trying device code flow... (read:user repo user:email workflow)
2026-06-17 14:54:12.934 [error] Timed out
2026-06-17 14:54:34.658 [info] Trying to retrieve PAT... (read:user repo user:email workflow)
2026-06-17 14:55:12.609 [error] User Cancelled
2026-06-17 14:55:20.606 [info] Getting sessions for read:user,repo,user:email,workflow...
2026-06-17 14:55:20.606 [info] Got 0 sessions for read:user,repo,user:email,workflow...
2026-06-17 14:55:22.953 [info] Logging in with 'any' account...
2026-06-17 14:55:22.953 [info] Logging in for the following scopes: read:user repo user:email workflow
2026-06-17 14:55:23.068 [info] Trying device code flow... (read:user repo user:email workflow)
2026-06-17 14:55:42.328 [info] Getting user info...
2026-06-17 14:55:43.112 [info] Got account info!
2026-06-17 14:55:43.113 [info] Storing 1 sessions...
2026-06-17 14:55:43.236 [info] Reading sessions from keychain...
2026-06-17 14:55:43.236 [info] Stored 1 sessions!
2026-06-17 14:55:43.236 [info] Login success!
2026-06-17 14:55:43.398 [info] Got stored sessions!
2026-06-17 14:55:43.398 [info] Got 1 verified sessions.
2026-06-17 14:55:43.742 [info] Getting sessions for read:user,repo,user:email,workflow...
2026-06-17 14:55:43.742 [info] Got 1 sessions for read:user,repo,user:email,workflow...
2026-06-17 15:02:49.454 [info] Getting sessions for read:user,repo,user:email,workflow...
2026-06-17 15:02:49.454 [info] Got 1 sessions for read:user,repo,user:email,workflow...
2026-06-17 15:15:34.225 [info] Getting sessions for read:user,repo,user:email,workflow...
2026-06-17 15:15:34.225 [info] Got 1 sessions for read:user,repo,user:email,workflow...
2026-06-17 15:38:42.593 [info] Getting sessions for read:user,repo,user:email,workflow...
2026-06-17 15:38:42.594 [info] Got 1 sessions for read:user,repo,user:email,workflow...
2026-06-17 15:42:15.133 [info] Getting sessions for read:user,repo,user:email,workflow...
2026-06-17 15:42:15.133 [info] Got 1 sessions for read:user,repo,user:email,workflow...
2026-06-17 15:49:52.903 [info] Getting sessions for read:user,repo,user:email,workflow...
2026-06-17 15:49:52.903 [info] Got 1 sessions for read:user,repo,user:email,workflow...
2026-06-17 16:01:44.034 [info] Getting sessions for read:user,repo,user:email,workflow...
2026-06-17 16:01:44.034 [info] Got 1 sessions for read:user,repo,user:email,workflow...
2026-06-17 16:04:36.922 [info] Getting sessions for read:user,repo,user:email,workflow...
2026-06-17 16:04:36.922 [info] Got 1 sessions for read:user,repo,user:email,workflow...
